e:\ddr\rf_os_material_uniaxial_gage\opensees\win64\obj\optimization\release\optimization.pdb
e:\ddr\rf_os_material_uniaxial_gage\opensees\win64\obj\optimization\release\objectivefunction.obj
e:\ddr\rf_os_material_uniaxial_gage\opensees\win64\obj\optimization\release\designvariablepositioneriter.obj
e:\ddr\rf_os_material_uniaxial_gage\opensees\win64\obj\optimization\release\designvariablepositioner.obj
e:\ddr\rf_os_material_uniaxial_gage\opensees\win64\obj\optimization\release\designvariableiter.obj
e:\ddr\rf_os_material_uniaxial_gage\opensees\win64\obj\optimization\release\designvariable.obj
e:\ddr\rf_os_material_uniaxial_gage\opensees\win64\obj\optimization\release\constraintfunction.obj
e:\ddr\rf_os_material_uniaxial_gage\opensees\win64\obj\optimization\release\optimizationdomaincomponent.obj
e:\ddr\rf_os_material_uniaxial_gage\opensees\win64\obj\optimization\release\optimizationdomain.obj
e:\ddr\rf_os_material_uniaxial_gage\opensees\win64\obj\optimization\release\optimization.obj
e:\ddr\rf_os_material_uniaxial_gage\opensees\win64\obj\optimization\release\tcloptimizationbuilder.obj
e:\ddr\rf_os_material_uniaxial_gage\opensees\win64\lib\release\optimization.lib
e:\ddr\rf_os_material_newbam\opensees\win64\obj\optimization\release\constraintfunction.obj
e:\ddr\rf_os_material_newbam\opensees\win64\obj\optimization\release\designvariable.obj
e:\ddr\rf_os_material_newbam\opensees\win64\obj\optimization\release\designvariableiter.obj
e:\ddr\rf_os_material_newbam\opensees\win64\obj\optimization\release\designvariablepositioner.obj
e:\ddr\rf_os_material_newbam\opensees\win64\obj\optimization\release\designvariablepositioneriter.obj
e:\ddr\rf_os_material_newbam\opensees\win64\obj\optimization\release\objectivefunction.obj
e:\ddr\rf_os_material_newbam\opensees\win64\obj\optimization\release\optimization.obj
e:\ddr\rf_os_material_newbam\opensees\win64\obj\optimization\release\optimizationdomain.obj
e:\ddr\rf_os_material_newbam\opensees\win64\obj\optimization\release\optimizationdomaincomponent.obj
e:\ddr\rf_os_material_newbam\opensees\win64\obj\optimization\release\tcloptimizationbuilder.obj
e:\ddr\rf_os_material_newbam\opensees\win64\obj\optimization\release\optimization.pdb
e:\ddr\rf_os_material_newbam\opensees\win64\proj\optimization\.\..\..\lib\release\optimization.lib
e:\ddr\rf_os_material_newbam\opensees\win64\obj\optimization\release\optimization.tlog\cl.command.1.tlog
e:\ddr\rf_os_material_newbam\opensees\win64\obj\optimization\release\optimization.tlog\cl.read.1.tlog
e:\ddr\rf_os_material_newbam\opensees\win64\obj\optimization\release\optimization.tlog\cl.write.1.tlog
e:\ddr\rf_os_material_newbam\opensees\win64\obj\optimization\release\optimization.tlog\lib-link.read.1.tlog
e:\ddr\rf_os_material_newbam\opensees\win64\obj\optimization\release\optimization.tlog\lib-link.write.1.tlog
e:\ddr\rf_os_material_newbam\opensees\win64\obj\optimization\release\optimization.tlog\lib.command.1.tlog
