e:\ddr\rf_os_material_uniaxial_gage\opensees\win64\obj\cblas\release\cblas.pdb
e:\ddr\rf_os_material_uniaxial_gage\opensees\win64\obj\cblas\release\idamax.obj
e:\ddr\rf_os_material_uniaxial_gage\opensees\win64\obj\cblas\release\dznrm2.obj
e:\ddr\rf_os_material_uniaxial_gage\opensees\win64\obj\cblas\release\dzasum.obj
e:\ddr\rf_os_material_uniaxial_gage\opensees\win64\obj\cblas\release\dtrsv.obj
e:\ddr\rf_os_material_uniaxial_gage\opensees\win64\obj\cblas\release\dtrsm.obj
e:\ddr\rf_os_material_uniaxial_gage\opensees\win64\obj\cblas\release\dsyr2.obj
e:\ddr\rf_os_material_uniaxial_gage\opensees\win64\obj\cblas\release\dsymv.obj
e:\ddr\rf_os_material_uniaxial_gage\opensees\win64\obj\cblas\release\dscal.obj
e:\ddr\rf_os_material_uniaxial_gage\opensees\win64\obj\cblas\release\drot.obj
e:\ddr\rf_os_material_uniaxial_gage\opensees\win64\obj\cblas\release\dnrm2.obj
e:\ddr\rf_os_material_uniaxial_gage\opensees\win64\obj\cblas\release\dmyblas2.obj
e:\ddr\rf_os_material_uniaxial_gage\opensees\win64\obj\cblas\release\dger.obj
e:\ddr\rf_os_material_uniaxial_gage\opensees\win64\obj\cblas\release\dgemv.obj
e:\ddr\rf_os_material_uniaxial_gage\opensees\win64\obj\cblas\release\dgemm.obj
e:\ddr\rf_os_material_uniaxial_gage\opensees\win64\obj\cblas\release\ddot.obj
e:\ddr\rf_os_material_uniaxial_gage\opensees\win64\obj\cblas\release\dcopy.obj
e:\ddr\rf_os_material_uniaxial_gage\opensees\win64\obj\cblas\release\dcabs1.obj
e:\ddr\rf_os_material_uniaxial_gage\opensees\win64\obj\cblas\release\daxpy.obj
e:\ddr\rf_os_material_uniaxial_gage\opensees\win64\obj\cblas\release\dasum.obj
e:\ddr\rf_os_material_uniaxial_gage\opensees\win64\lib\release\cblas.lib
e:\ddr\rf_os_material_newbam\opensees\win64\obj\cblas\release\dasum.obj
e:\ddr\rf_os_material_newbam\opensees\win64\obj\cblas\release\daxpy.obj
e:\ddr\rf_os_material_newbam\opensees\win64\obj\cblas\release\dcabs1.obj
e:\ddr\rf_os_material_newbam\opensees\win64\obj\cblas\release\dcopy.obj
e:\ddr\rf_os_material_newbam\opensees\win64\obj\cblas\release\ddot.obj
e:\ddr\rf_os_material_newbam\opensees\win64\obj\cblas\release\dgemm.obj
e:\ddr\rf_os_material_newbam\opensees\win64\obj\cblas\release\dgemv.obj
e:\ddr\rf_os_material_newbam\opensees\win64\obj\cblas\release\dger.obj
e:\ddr\rf_os_material_newbam\opensees\win64\obj\cblas\release\dmyblas2.obj
e:\ddr\rf_os_material_newbam\opensees\win64\obj\cblas\release\dnrm2.obj
e:\ddr\rf_os_material_newbam\opensees\win64\obj\cblas\release\drot.obj
e:\ddr\rf_os_material_newbam\opensees\win64\obj\cblas\release\dscal.obj
e:\ddr\rf_os_material_newbam\opensees\win64\obj\cblas\release\dsymv.obj
e:\ddr\rf_os_material_newbam\opensees\win64\obj\cblas\release\dsyr2.obj
e:\ddr\rf_os_material_newbam\opensees\win64\obj\cblas\release\dtrsm.obj
e:\ddr\rf_os_material_newbam\opensees\win64\obj\cblas\release\dtrsv.obj
e:\ddr\rf_os_material_newbam\opensees\win64\obj\cblas\release\dzasum.obj
e:\ddr\rf_os_material_newbam\opensees\win64\obj\cblas\release\dznrm2.obj
e:\ddr\rf_os_material_newbam\opensees\win64\obj\cblas\release\idamax.obj
e:\ddr\rf_os_material_newbam\opensees\win64\obj\cblas\release\cblas.pdb
e:\ddr\rf_os_material_newbam\opensees\win64\proj\cblas\.\..\..\lib\release\cblas.lib
e:\ddr\rf_os_material_newbam\opensees\win64\obj\cblas\release\cblas.tlog\cl.command.1.tlog
e:\ddr\rf_os_material_newbam\opensees\win64\obj\cblas\release\cblas.tlog\cl.read.1.tlog
e:\ddr\rf_os_material_newbam\opensees\win64\obj\cblas\release\cblas.tlog\cl.write.1.tlog
e:\ddr\rf_os_material_newbam\opensees\win64\obj\cblas\release\cblas.tlog\lib-link.read.1.tlog
e:\ddr\rf_os_material_newbam\opensees\win64\obj\cblas\release\cblas.tlog\lib-link.write.1.tlog
e:\ddr\rf_os_material_newbam\opensees\win64\obj\cblas\release\cblas.tlog\lib.command.1.tlog
