e:\ddr\rf_os_material_uniaxial_gage\opensees\win64\obj\reliability\release\reliability.pdb
e:\ddr\rf_os_material_uniaxial_gage\opensees\win64\obj\reliability\release\natafprobabilitytransformation.obj
e:\ddr\rf_os_material_uniaxial_gage\opensees\win64\obj\reliability\release\allindependenttransformation.obj
e:\ddr\rf_os_material_uniaxial_gage\opensees\win64\obj\reliability\release\stepsizerule.obj
e:\ddr\rf_os_material_uniaxial_gage\opensees\win64\obj\reliability\release\fixedstepsizerule.obj
e:\ddr\rf_os_material_uniaxial_gage\opensees\win64\obj\reliability\release\armijostepsizerule.obj
e:\ddr\rf_os_material_uniaxial_gage\opensees\win64\obj\reliability\release\randomnumbergenerator.obj
e:\ddr\rf_os_material_uniaxial_gage\opensees\win64\obj\reliability\release\cstdlibrandgenerator.obj
e:\ddr\rf_os_material_uniaxial_gage\opensees\win64\obj\reliability\release\matrixoperations.obj
e:\ddr\rf_os_material_uniaxial_gage\opensees\win64\obj\reliability\release\correlatedstandardnormal.obj
e:\ddr\rf_os_material_uniaxial_gage\opensees\win64\obj\reliability\release\searchdirection.obj
e:\ddr\rf_os_material_uniaxial_gage\opensees\win64\obj\reliability\release\sqpsearchdirectionmeritfunctionandhessian.obj
e:\ddr\rf_os_material_uniaxial_gage\opensees\win64\obj\reliability\release\polakhesearchdirectionandmeritfunction.obj
e:\ddr\rf_os_material_uniaxial_gage\opensees\win64\obj\reliability\release\hlrfsearchdirection.obj
e:\ddr\rf_os_material_uniaxial_gage\opensees\win64\obj\reliability\release\gradientprojectionsearchdirection.obj
e:\ddr\rf_os_material_uniaxial_gage\opensees\win64\obj\reliability\release\searchwithstepsizeandstepdirection.obj
e:\ddr\rf_os_material_uniaxial_gage\opensees\win64\obj\reliability\release\finddesignpointalgorithm.obj
e:\ddr\rf_os_material_uniaxial_gage\opensees\win64\obj\reliability\release\firstprincipalcurvature.obj
e:\ddr\rf_os_material_uniaxial_gage\opensees\win64\obj\reliability\release\findcurvatures.obj
e:\ddr\rf_os_material_uniaxial_gage\opensees\win64\obj\reliability\release\curvaturesbysearchalgorithm.obj
e:\ddr\rf_os_material_uniaxial_gage\opensees\win64\obj\reliability\release\curvaturefitting.obj
e:\ddr\rf_os_material_uniaxial_gage\opensees\win64\obj\reliability\release\surfacedesign.obj
e:\ddr\rf_os_material_uniaxial_gage\opensees\win64\obj\reliability\release\samplinganalysis.obj
e:\ddr\rf_os_material_uniaxial_gage\opensees\win64\obj\reliability\release\sormanalysis.obj
e:\ddr\rf_os_material_uniaxial_gage\opensees\win64\obj\reliability\release\respsurfacesimulation.obj
e:\ddr\rf_os_material_uniaxial_gage\opensees\win64\obj\reliability\release\reliabilityanalysis.obj
e:\ddr\rf_os_material_uniaxial_gage\opensees\win64\obj\reliability\release\principalaxis.obj
e:\ddr\rf_os_material_uniaxial_gage\opensees\win64\obj\reliability\release\outcrossinganalysis.obj
e:\ddr\rf_os_material_uniaxial_gage\opensees\win64\obj\reliability\release\orthogonalplanesamplinganalysis.obj
e:\ddr\rf_os_material_uniaxial_gage\opensees\win64\obj\reliability\release\multidimvisprincplane.obj
e:\ddr\rf_os_material_uniaxial_gage\opensees\win64\obj\reliability\release\montecarloresponseanalysis.obj
e:\ddr\rf_os_material_uniaxial_gage\opensees\win64\obj\reliability\release\importancesamplinganalysis.obj
e:\ddr\rf_os_material_uniaxial_gage\opensees\win64\obj\reliability\release\gridplane.obj
e:\ddr\rf_os_material_uniaxial_gage\opensees\win64\obj\reliability\release\gfunvisualizationanalysis.obj
e:\ddr\rf_os_material_uniaxial_gage\opensees\win64\obj\reliability\release\fosmanalysis.obj
e:\ddr\rf_os_material_uniaxial_gage\opensees\win64\obj\reliability\release\formanalysis.obj
e:\ddr\rf_os_material_uniaxial_gage\opensees\win64\obj\reliability\release\experimentalpointrule1d.obj
e:\ddr\rf_os_material_uniaxial_gage\opensees\win64\obj\reliability\release\dp_rsm_sim_timevariant.obj
e:\ddr\rf_os_material_uniaxial_gage\opensees\win64\obj\reliability\release\dp_rsm_sim.obj
e:\ddr\rf_os_material_uniaxial_gage\opensees\win64\obj\reliability\release\bivariatedecomposition.obj
e:\ddr\rf_os_material_uniaxial_gage\opensees\win64\obj\reliability\release\probabilitytransformation.obj
e:\ddr\rf_os_material_uniaxial_gage\opensees\win64\obj\reliability\release\analyzer.obj
e:\ddr\rf_os_material_uniaxial_gage\opensees\win64\obj\reliability\release\zerofindingalgorithm.obj
e:\ddr\rf_os_material_uniaxial_gage\opensees\win64\obj\reliability\release\secantrootfinding.obj
e:\ddr\rf_os_material_uniaxial_gage\opensees\win64\obj\reliability\release\safeguardedzerofindingalgorithm.obj
e:\ddr\rf_os_material_uniaxial_gage\opensees\win64\obj\reliability\release\rootfinding.obj
e:\ddr\rf_os_material_uniaxial_gage\opensees\win64\obj\reliability\release\standardreliabilityconvergencecheck.obj
e:\ddr\rf_os_material_uniaxial_gage\opensees\win64\obj\reliability\release\reliabilityconvergencecheck.obj
e:\ddr\rf_os_material_uniaxial_gage\opensees\win64\obj\reliability\release\optimalityconditionreliabilityconvergencecheck.obj
e:\ddr\rf_os_material_uniaxial_gage\opensees\win64\obj\reliability\release\hessianapproximation.obj
e:\ddr\rf_os_material_uniaxial_gage\opensees\win64\obj\reliability\release\hessian.obj
e:\ddr\rf_os_material_uniaxial_gage\opensees\win64\obj\reliability\release\meritfunctioncheck.obj
e:\ddr\rf_os_material_uniaxial_gage\opensees\win64\obj\reliability\release\criteriareductionmeritfunctioncheck.obj
e:\ddr\rf_os_material_uniaxial_gage\opensees\win64\obj\reliability\release\adkzhangmeritfunctioncheck.obj
e:\ddr\rf_os_material_uniaxial_gage\opensees\win64\obj\reliability\release\scis.obj
e:\ddr\rf_os_material_uniaxial_gage\opensees\win64\obj\reliability\release\pcm.obj
e:\ddr\rf_os_material_uniaxial_gage\opensees\win64\obj\reliability\release\mvncdf.obj
e:\ddr\rf_os_material_uniaxial_gage\opensees\win64\obj\reliability\release\ipcm.obj
e:\ddr\rf_os_material_uniaxial_gage\opensees\win64\obj\reliability\release\univariatedecomposition.obj
e:\ddr\rf_os_material_uniaxial_gage\opensees\win64\obj\reliability\release\uniformexperimentalpointrule1d.obj
e:\ddr\rf_os_material_uniaxial_gage\opensees\win64\obj\reliability\release\systemanalysis.obj
e:\ddr\rf_os_material_uniaxial_gage\opensees\win64\obj\reliability\release\outcrossingresults.obj
e:\ddr\rf_os_material_uniaxial_gage\opensees\win64\obj\reliability\release\nonstatrandomvibrationsimulation.obj
e:\ddr\rf_os_material_uniaxial_gage\opensees\win64\obj\reliability\release\nonstatfirstpassageanalyzer.obj
e:\ddr\rf_os_material_uniaxial_gage\opensees\win64\obj\reliability\release\newwhitenoisefilter.obj
e:\ddr\rf_os_material_uniaxial_gage\opensees\win64\obj\reliability\release\newstaticsensitivityintegrator.obj
e:\ddr\rf_os_material_uniaxial_gage\opensees\win64\obj\reliability\release\newstandardlinearoscillatoraccelerationfilter.obj
e:\ddr\rf_os_material_uniaxial_gage\opensees\win64\obj\reliability\release\newsensitivityalgorithm.obj
e:\ddr\rf_os_material_uniaxial_gage\opensees\win64\obj\reliability\release\newsearchwithstepsizeandstepdirection.obj
e:\ddr\rf_os_material_uniaxial_gage\opensees\win64\obj\reliability\release\newnewmarksensitivityintegrator.obj
e:\ddr\rf_os_material_uniaxial_gage\opensees\win64\obj\reliability\release\newdiscretizedrandomprocessseries.obj
e:\ddr\rf_os_material_uniaxial_gage\opensees\win64\obj\reliability\release\initialstaticanalysis.obj
e:\ddr\rf_os_material_uniaxial_gage\opensees\win64\obj\reliability\release\initialpointbuilder.obj
e:\ddr\rf_os_material_uniaxial_gage\opensees\win64\obj\reliability\release\generalrandgenerator.obj
e:\ddr\rf_os_material_uniaxial_gage\opensees\win64\obj\reliability\release\gfuneachstepevaluator.obj
e:\ddr\rf_os_material_uniaxial_gage\opensees\win64\obj\reliability\release\firstpassageanalyzer.obj
e:\ddr\rf_os_material_uniaxial_gage\opensees\win64\obj\reliability\release\foseriessimulation.obj
e:\ddr\rf_os_material_uniaxial_gage\opensees\win64\obj\reliability\release\dynamcianalyzer.obj
e:\ddr\rf_os_material_uniaxial_gage\opensees\win64\obj\reliability\release\crossingrateanalyzer.obj
e:\ddr\rf_os_material_uniaxial_gage\opensees\win64\obj\reliability\release\analyzergradgevaluator.obj
e:\ddr\rf_os_material_uniaxial_gage\opensees\win64\obj\reliability\release\analyzergfunevaluator.obj
e:\ddr\rf_os_material_uniaxial_gage\opensees\win64\obj\reliability\release\rancombi.obj
e:\ddr\rf_os_material_uniaxial_gage\opensees\win64\obj\reliability\release\mother.obj
e:\ddr\rf_os_material_uniaxial_gage\opensees\win64\obj\reliability\release\mersenne.obj
e:\ddr\rf_os_material_uniaxial_gage\opensees\win64\obj\reliability\release\localmath.obj
e:\ddr\rf_os_material_uniaxial_gage\opensees\win64\obj\reliability\release\uniformgenerator.obj
e:\ddr\rf_os_material_uniaxial_gage\opensees\win64\obj\reliability\release\timepoints.obj
e:\ddr\rf_os_material_uniaxial_gage\opensees\win64\obj\reliability\release\thresholdincinitialpointbuilder.obj
e:\ddr\rf_os_material_uniaxial_gage\opensees\win64\obj\reliability\release\staticanalyzer.obj
e:\ddr\rf_os_material_uniaxial_gage\opensees\win64\obj\reliability\release\statrandomvibrationsimulation.obj
e:\ddr\rf_os_material_uniaxial_gage\opensees\win64\obj\reliability\release\statfirstpassageanalyzer.obj
e:\ddr\rf_os_material_uniaxial_gage\opensees\win64\obj\reliability\release\smoothconcrete02.obj
e:\ddr\rf_os_material_uniaxial_gage\opensees\win64\obj\reliability\release\selectloadinitialstaticanalysis.obj
e:\ddr\rf_os_material_uniaxial_gage\opensees\win64\obj\reliability\release\reliabilitystaticanalysis.obj
e:\ddr\rf_os_material_uniaxial_gage\opensees\win64\obj\reliability\release\reliabilitydirectintegrationanalysis.obj
e:\ddr\rf_os_material_uniaxial_gage\opensees\win64\obj\reliability\release\randomvibrationsimulatorresult.obj
e:\ddr\rf_os_material_uniaxial_gage\opensees\win64\obj\reliability\release\randomvibrationsimulation.obj
e:\ddr\rf_os_material_uniaxial_gage\opensees\win64\obj\reliability\release\randomvibrationanalysis.obj
e:\ddr\rf_os_material_uniaxial_gage\opensees\win64\obj\reliability\release\randomprocess.obj
e:\ddr\rf_os_material_uniaxial_gage\opensees\win64\obj\reliability\release\performancefunctioncoefficientiter.obj
e:\ddr\rf_os_material_uniaxial_gage\opensees\win64\obj\reliability\release\performancefunctioncoeff.obj
e:\ddr\rf_os_material_uniaxial_gage\opensees\win64\obj\reliability\release\reliabilitydomain.obj
e:\ddr\rf_os_material_uniaxial_gage\opensees\win64\obj\reliability\release\randomvariablepositioneriter.obj
e:\ddr\rf_os_material_uniaxial_gage\opensees\win64\obj\reliability\release\randomvariablepositioner.obj
e:\ddr\rf_os_material_uniaxial_gage\opensees\win64\obj\reliability\release\randomvariableiter.obj
e:\ddr\rf_os_material_uniaxial_gage\opensees\win64\obj\reliability\release\randomvariable.obj
e:\ddr\rf_os_material_uniaxial_gage\opensees\win64\obj\reliability\release\principalplane.obj
e:\ddr\rf_os_material_uniaxial_gage\opensees\win64\obj\reliability\release\parameterpositioneriter.obj
e:\ddr\rf_os_material_uniaxial_gage\opensees\win64\obj\reliability\release\parameterpositioner.obj
e:\ddr\rf_os_material_uniaxial_gage\opensees\win64\obj\reliability\release\cutsetiter.obj
e:\ddr\rf_os_material_uniaxial_gage\opensees\win64\obj\reliability\release\cutset.obj
e:\ddr\rf_os_material_uniaxial_gage\opensees\win64\obj\reliability\release\correlationcoefficientiter.obj
e:\ddr\rf_os_material_uniaxial_gage\opensees\win64\obj\reliability\release\correlationcoefficient.obj
e:\ddr\rf_os_material_uniaxial_gage\opensees\win64\obj\reliability\release\userdefinedrv.obj
e:\ddr\rf_os_material_uniaxial_gage\opensees\win64\obj\reliability\release\hessianevaluator.obj
e:\ddr\rf_os_material_uniaxial_gage\opensees\win64\obj\reliability\release\finitedifferencehessian.obj
e:\ddr\rf_os_material_uniaxial_gage\opensees\win64\obj\reliability\release\implicitgradient.obj
e:\ddr\rf_os_material_uniaxial_gage\opensees\win64\obj\reliability\release\gradientevaluator.obj
e:\ddr\rf_os_material_uniaxial_gage\opensees\win64\obj\reliability\release\finitedifferencegradient.obj
e:\ddr\rf_os_material_uniaxial_gage\opensees\win64\obj\reliability\release\ranrotw.obj
e:\ddr\rf_os_material_uniaxial_gage\opensees\win64\obj\reliability\release\ranrotb.obj
e:\ddr\rf_os_material_uniaxial_gage\opensees\win64\obj\reliability\release\filter.obj
e:\ddr\rf_os_material_uniaxial_gage\opensees\win64\obj\reliability\release\weibullrv.obj
e:\ddr\rf_os_material_uniaxial_gage\opensees\win64\obj\reliability\release\uniformrv.obj
e:\ddr\rf_os_material_uniaxial_gage\opensees\win64\obj\reliability\release\type3smallestvaluerv.obj
e:\ddr\rf_os_material_uniaxial_gage\opensees\win64\obj\reliability\release\type2largestvaluerv.obj
e:\ddr\rf_os_material_uniaxial_gage\opensees\win64\obj\reliability\release\type1smallestvaluerv.obj
e:\ddr\rf_os_material_uniaxial_gage\opensees\win64\obj\reliability\release\type1largestvaluerv.obj
e:\ddr\rf_os_material_uniaxial_gage\opensees\win64\obj\reliability\release\shiftedrayleighrv.obj
e:\ddr\rf_os_material_uniaxial_gage\opensees\win64\obj\reliability\release\shiftedexponentialrv.obj
e:\ddr\rf_os_material_uniaxial_gage\opensees\win64\obj\reliability\release\rayleighrv.obj
e:\ddr\rf_os_material_uniaxial_gage\opensees\win64\obj\reliability\release\paretorv.obj
e:\ddr\rf_os_material_uniaxial_gage\opensees\win64\obj\reliability\release\normalrv.obj
e:\ddr\rf_os_material_uniaxial_gage\opensees\win64\obj\reliability\release\lognormalrv.obj
e:\ddr\rf_os_material_uniaxial_gage\opensees\win64\obj\reliability\release\laplacerv.obj
e:\ddr\rf_os_material_uniaxial_gage\opensees\win64\obj\reliability\release\gumbelrv.obj
e:\ddr\rf_os_material_uniaxial_gage\opensees\win64\obj\reliability\release\gammarv.obj
e:\ddr\rf_os_material_uniaxial_gage\opensees\win64\obj\reliability\release\exponentialrv.obj
e:\ddr\rf_os_material_uniaxial_gage\opensees\win64\obj\reliability\release\chisquarerv.obj
e:\ddr\rf_os_material_uniaxial_gage\opensees\win64\obj\reliability\release\betarv.obj
e:\ddr\rf_os_material_uniaxial_gage\opensees\win64\obj\reliability\release\reliabilitydomaincomponent.obj
e:\ddr\rf_os_material_uniaxial_gage\opensees\win64\obj\reliability\release\performancefunctioniter.obj
e:\ddr\rf_os_material_uniaxial_gage\opensees\win64\obj\reliability\release\performancefunction.obj
e:\ddr\rf_os_material_uniaxial_gage\opensees\win64\obj\reliability\release\tclevaluator.obj
e:\ddr\rf_os_material_uniaxial_gage\opensees\win64\obj\reliability\release\functionevaluator.obj
e:\ddr\rf_os_material_uniaxial_gage\opensees\win64\obj\reliability\release\trapezoidalmodulatingfunction.obj
e:\ddr\rf_os_material_uniaxial_gage\opensees\win64\obj\reliability\release\modulatingfunctioniter.obj
e:\ddr\rf_os_material_uniaxial_gage\opensees\win64\obj\reliability\release\modulatingfunction.obj
e:\ddr\rf_os_material_uniaxial_gage\opensees\win64\obj\reliability\release\koomodulatingfunction.obj
e:\ddr\rf_os_material_uniaxial_gage\opensees\win64\obj\reliability\release\gammamodulatingfunction.obj
e:\ddr\rf_os_material_uniaxial_gage\opensees\win64\obj\reliability\release\constantmodulatingfunction.obj
e:\ddr\rf_os_material_uniaxial_gage\opensees\win64\obj\reliability\release\spectrumiter.obj
e:\ddr\rf_os_material_uniaxial_gage\opensees\win64\obj\reliability\release\spectrum.obj
e:\ddr\rf_os_material_uniaxial_gage\opensees\win64\obj\reliability\release\pointsspectrum.obj
e:\ddr\rf_os_material_uniaxial_gage\opensees\win64\obj\reliability\release\narrowbandspectrum.obj
e:\ddr\rf_os_material_uniaxial_gage\opensees\win64\obj\reliability\release\jonswapspectrum.obj
e:\ddr\rf_os_material_uniaxial_gage\opensees\win64\obj\reliability\release\standardlinearoscillatorvelocityfilter.obj
e:\ddr\rf_os_material_uniaxial_gage\opensees\win64\obj\reliability\release\standardlinearoscillatordisplacementfilter.obj
e:\ddr\rf_os_material_uniaxial_gage\opensees\win64\obj\reliability\release\standardlinearoscillatoraccelerationfilter.obj
e:\ddr\rf_os_material_uniaxial_gage\opensees\win64\obj\reliability\release\koofilter.obj
e:\ddr\rf_os_material_uniaxial_gage\opensees\win64\obj\reliability\release\filteriter.obj
e:\ddr\rf_os_material_uniaxial_gage\opensees\win64\obj\reliability\release\staticsensitivityintegrator.obj
e:\ddr\rf_os_material_uniaxial_gage\opensees\win64\obj\reliability\release\sensitivityintegrator.obj
e:\ddr\rf_os_material_uniaxial_gage\opensees\win64\obj\reliability\release\sensitivityalgorithm.obj
e:\ddr\rf_os_material_uniaxial_gage\opensees\win64\obj\reliability\release\newmarksensitivityintegrator.obj
e:\ddr\rf_os_material_uniaxial_gage\opensees\win64\obj\reliability\release\tclreliabilitybuilder.obj
e:\ddr\rf_os_material_uniaxial_gage\opensees\win64\obj\reliability\release\reliabilitystorage.obj
e:\ddr\rf_os_material_uniaxial_gage\opensees\win64\obj\reliability\release\formstorage.obj
e:\ddr\rf_os_material_uniaxial_gage\opensees\win64\obj\reliability\release\limitstatefunction1.obj
e:\ddr\rf_os_material_uniaxial_gage\opensees\win64\obj\reliability\release\limitstatefunctioniter1.obj
e:\ddr\rf_os_material_uniaxial_gage\opensees\win64\lib\release\reliability.lib
e:\ddr\rf_os_material_newbam\opensees\win64\obj\reliability\release\adkzhangmeritfunctioncheck.obj
e:\ddr\rf_os_material_newbam\opensees\win64\obj\reliability\release\allindependenttransformation.obj
e:\ddr\rf_os_material_newbam\opensees\win64\obj\reliability\release\analyzer.obj
e:\ddr\rf_os_material_newbam\opensees\win64\obj\reliability\release\analyzergfunevaluator.obj
e:\ddr\rf_os_material_newbam\opensees\win64\obj\reliability\release\analyzergradgevaluator.obj
e:\ddr\rf_os_material_newbam\opensees\win64\obj\reliability\release\armijostepsizerule.obj
e:\ddr\rf_os_material_newbam\opensees\win64\obj\reliability\release\betarv.obj
e:\ddr\rf_os_material_newbam\opensees\win64\obj\reliability\release\bivariatedecomposition.obj
e:\ddr\rf_os_material_newbam\opensees\win64\obj\reliability\release\chisquarerv.obj
e:\ddr\rf_os_material_newbam\opensees\win64\obj\reliability\release\constantmodulatingfunction.obj
e:\ddr\rf_os_material_newbam\opensees\win64\obj\reliability\release\correlatedstandardnormal.obj
e:\ddr\rf_os_material_newbam\opensees\win64\obj\reliability\release\correlationcoefficient.obj
e:\ddr\rf_os_material_newbam\opensees\win64\obj\reliability\release\correlationcoefficientiter.obj
e:\ddr\rf_os_material_newbam\opensees\win64\obj\reliability\release\criteriareductionmeritfunctioncheck.obj
e:\ddr\rf_os_material_newbam\opensees\win64\obj\reliability\release\crossingrateanalyzer.obj
e:\ddr\rf_os_material_newbam\opensees\win64\obj\reliability\release\cstdlibrandgenerator.obj
e:\ddr\rf_os_material_newbam\opensees\win64\obj\reliability\release\curvaturefitting.obj
e:\ddr\rf_os_material_newbam\opensees\win64\obj\reliability\release\curvaturesbysearchalgorithm.obj
e:\ddr\rf_os_material_newbam\opensees\win64\obj\reliability\release\cutset.obj
e:\ddr\rf_os_material_newbam\opensees\win64\obj\reliability\release\cutsetiter.obj
e:\ddr\rf_os_material_newbam\opensees\win64\obj\reliability\release\dp_rsm_sim.obj
e:\ddr\rf_os_material_newbam\opensees\win64\obj\reliability\release\dp_rsm_sim_timevariant.obj
e:\ddr\rf_os_material_newbam\opensees\win64\obj\reliability\release\dynamcianalyzer.obj
e:\ddr\rf_os_material_newbam\opensees\win64\obj\reliability\release\experimentalpointrule1d.obj
e:\ddr\rf_os_material_newbam\opensees\win64\obj\reliability\release\exponentialrv.obj
e:\ddr\rf_os_material_newbam\opensees\win64\obj\reliability\release\filter.obj
e:\ddr\rf_os_material_newbam\opensees\win64\obj\reliability\release\filteriter.obj
e:\ddr\rf_os_material_newbam\opensees\win64\obj\reliability\release\findcurvatures.obj
e:\ddr\rf_os_material_newbam\opensees\win64\obj\reliability\release\finddesignpointalgorithm.obj
e:\ddr\rf_os_material_newbam\opensees\win64\obj\reliability\release\finitedifferencegradient.obj
e:\ddr\rf_os_material_newbam\opensees\win64\obj\reliability\release\finitedifferencehessian.obj
e:\ddr\rf_os_material_newbam\opensees\win64\obj\reliability\release\firstpassageanalyzer.obj
e:\ddr\rf_os_material_newbam\opensees\win64\obj\reliability\release\firstprincipalcurvature.obj
e:\ddr\rf_os_material_newbam\opensees\win64\obj\reliability\release\fixedstepsizerule.obj
e:\ddr\rf_os_material_newbam\opensees\win64\obj\reliability\release\formanalysis.obj
e:\ddr\rf_os_material_newbam\opensees\win64\obj\reliability\release\formstorage.obj
e:\ddr\rf_os_material_newbam\opensees\win64\obj\reliability\release\foseriessimulation.obj
e:\ddr\rf_os_material_newbam\opensees\win64\obj\reliability\release\fosmanalysis.obj
e:\ddr\rf_os_material_newbam\opensees\win64\obj\reliability\release\functionevaluator.obj
e:\ddr\rf_os_material_newbam\opensees\win64\obj\reliability\release\gammamodulatingfunction.obj
e:\ddr\rf_os_material_newbam\opensees\win64\obj\reliability\release\gammarv.obj
e:\ddr\rf_os_material_newbam\opensees\win64\obj\reliability\release\generalrandgenerator.obj
e:\ddr\rf_os_material_newbam\opensees\win64\obj\reliability\release\gfuneachstepevaluator.obj
e:\ddr\rf_os_material_newbam\opensees\win64\obj\reliability\release\gfunvisualizationanalysis.obj
e:\ddr\rf_os_material_newbam\opensees\win64\obj\reliability\release\gradientevaluator.obj
e:\ddr\rf_os_material_newbam\opensees\win64\obj\reliability\release\gradientprojectionsearchdirection.obj
e:\ddr\rf_os_material_newbam\opensees\win64\obj\reliability\release\gridplane.obj
e:\ddr\rf_os_material_newbam\opensees\win64\obj\reliability\release\gumbelrv.obj
e:\ddr\rf_os_material_newbam\opensees\win64\obj\reliability\release\hessian.obj
e:\ddr\rf_os_material_newbam\opensees\win64\obj\reliability\release\hessianapproximation.obj
e:\ddr\rf_os_material_newbam\opensees\win64\obj\reliability\release\hessianevaluator.obj
e:\ddr\rf_os_material_newbam\opensees\win64\obj\reliability\release\hlrfsearchdirection.obj
e:\ddr\rf_os_material_newbam\opensees\win64\obj\reliability\release\implicitgradient.obj
e:\ddr\rf_os_material_newbam\opensees\win64\obj\reliability\release\importancesamplinganalysis.obj
e:\ddr\rf_os_material_newbam\opensees\win64\obj\reliability\release\initialpointbuilder.obj
e:\ddr\rf_os_material_newbam\opensees\win64\obj\reliability\release\initialstaticanalysis.obj
e:\ddr\rf_os_material_newbam\opensees\win64\obj\reliability\release\ipcm.obj
e:\ddr\rf_os_material_newbam\opensees\win64\obj\reliability\release\jonswapspectrum.obj
e:\ddr\rf_os_material_newbam\opensees\win64\obj\reliability\release\koofilter.obj
e:\ddr\rf_os_material_newbam\opensees\win64\obj\reliability\release\koomodulatingfunction.obj
e:\ddr\rf_os_material_newbam\opensees\win64\obj\reliability\release\laplacerv.obj
e:\ddr\rf_os_material_newbam\opensees\win64\obj\reliability\release\limitstatefunction1.obj
e:\ddr\rf_os_material_newbam\opensees\win64\obj\reliability\release\limitstatefunctioniter1.obj
e:\ddr\rf_os_material_newbam\opensees\win64\obj\reliability\release\localmath.obj
e:\ddr\rf_os_material_newbam\opensees\win64\obj\reliability\release\lognormalrv.obj
e:\ddr\rf_os_material_newbam\opensees\win64\obj\reliability\release\matrixoperations.obj
e:\ddr\rf_os_material_newbam\opensees\win64\obj\reliability\release\meritfunctioncheck.obj
e:\ddr\rf_os_material_newbam\opensees\win64\obj\reliability\release\mersenne.obj
e:\ddr\rf_os_material_newbam\opensees\win64\obj\reliability\release\modulatingfunction.obj
e:\ddr\rf_os_material_newbam\opensees\win64\obj\reliability\release\modulatingfunctioniter.obj
e:\ddr\rf_os_material_newbam\opensees\win64\obj\reliability\release\montecarloresponseanalysis.obj
e:\ddr\rf_os_material_newbam\opensees\win64\obj\reliability\release\mother.obj
e:\ddr\rf_os_material_newbam\opensees\win64\obj\reliability\release\multidimvisprincplane.obj
e:\ddr\rf_os_material_newbam\opensees\win64\obj\reliability\release\mvncdf.obj
e:\ddr\rf_os_material_newbam\opensees\win64\obj\reliability\release\narrowbandspectrum.obj
e:\ddr\rf_os_material_newbam\opensees\win64\obj\reliability\release\natafprobabilitytransformation.obj
e:\ddr\rf_os_material_newbam\opensees\win64\obj\reliability\release\newdiscretizedrandomprocessseries.obj
e:\ddr\rf_os_material_newbam\opensees\win64\obj\reliability\release\newmarksensitivityintegrator.obj
e:\ddr\rf_os_material_newbam\opensees\win64\obj\reliability\release\newnewmarksensitivityintegrator.obj
e:\ddr\rf_os_material_newbam\opensees\win64\obj\reliability\release\newsearchwithstepsizeandstepdirection.obj
e:\ddr\rf_os_material_newbam\opensees\win64\obj\reliability\release\newsensitivityalgorithm.obj
e:\ddr\rf_os_material_newbam\opensees\win64\obj\reliability\release\newstandardlinearoscillatoraccelerationfilter.obj
e:\ddr\rf_os_material_newbam\opensees\win64\obj\reliability\release\newstaticsensitivityintegrator.obj
e:\ddr\rf_os_material_newbam\opensees\win64\obj\reliability\release\newwhitenoisefilter.obj
e:\ddr\rf_os_material_newbam\opensees\win64\obj\reliability\release\nonstatfirstpassageanalyzer.obj
e:\ddr\rf_os_material_newbam\opensees\win64\obj\reliability\release\nonstatrandomvibrationsimulation.obj
e:\ddr\rf_os_material_newbam\opensees\win64\obj\reliability\release\normalrv.obj
e:\ddr\rf_os_material_newbam\opensees\win64\obj\reliability\release\optimalityconditionreliabilityconvergencecheck.obj
e:\ddr\rf_os_material_newbam\opensees\win64\obj\reliability\release\orthogonalplanesamplinganalysis.obj
e:\ddr\rf_os_material_newbam\opensees\win64\obj\reliability\release\outcrossinganalysis.obj
e:\ddr\rf_os_material_newbam\opensees\win64\obj\reliability\release\outcrossingresults.obj
e:\ddr\rf_os_material_newbam\opensees\win64\obj\reliability\release\parameterpositioner.obj
e:\ddr\rf_os_material_newbam\opensees\win64\obj\reliability\release\parameterpositioneriter.obj
e:\ddr\rf_os_material_newbam\opensees\win64\obj\reliability\release\paretorv.obj
e:\ddr\rf_os_material_newbam\opensees\win64\obj\reliability\release\pcm.obj
e:\ddr\rf_os_material_newbam\opensees\win64\obj\reliability\release\performancefunction.obj
e:\ddr\rf_os_material_newbam\opensees\win64\obj\reliability\release\performancefunctioncoeff.obj
e:\ddr\rf_os_material_newbam\opensees\win64\obj\reliability\release\performancefunctioncoefficientiter.obj
e:\ddr\rf_os_material_newbam\opensees\win64\obj\reliability\release\performancefunctioniter.obj
e:\ddr\rf_os_material_newbam\opensees\win64\obj\reliability\release\pointsspectrum.obj
e:\ddr\rf_os_material_newbam\opensees\win64\obj\reliability\release\polakhesearchdirectionandmeritfunction.obj
e:\ddr\rf_os_material_newbam\opensees\win64\obj\reliability\release\principalaxis.obj
e:\ddr\rf_os_material_newbam\opensees\win64\obj\reliability\release\principalplane.obj
e:\ddr\rf_os_material_newbam\opensees\win64\obj\reliability\release\probabilitytransformation.obj
e:\ddr\rf_os_material_newbam\opensees\win64\obj\reliability\release\rancombi.obj
e:\ddr\rf_os_material_newbam\opensees\win64\obj\reliability\release\randomnumbergenerator.obj
e:\ddr\rf_os_material_newbam\opensees\win64\obj\reliability\release\randomprocess.obj
e:\ddr\rf_os_material_newbam\opensees\win64\obj\reliability\release\randomvariable.obj
e:\ddr\rf_os_material_newbam\opensees\win64\obj\reliability\release\randomvariableiter.obj
e:\ddr\rf_os_material_newbam\opensees\win64\obj\reliability\release\randomvariablepositioner.obj
e:\ddr\rf_os_material_newbam\opensees\win64\obj\reliability\release\randomvariablepositioneriter.obj
e:\ddr\rf_os_material_newbam\opensees\win64\obj\reliability\release\randomvibrationanalysis.obj
e:\ddr\rf_os_material_newbam\opensees\win64\obj\reliability\release\randomvibrationsimulation.obj
e:\ddr\rf_os_material_newbam\opensees\win64\obj\reliability\release\randomvibrationsimulatorresult.obj
e:\ddr\rf_os_material_newbam\opensees\win64\obj\reliability\release\ranrotb.obj
e:\ddr\rf_os_material_newbam\opensees\win64\obj\reliability\release\ranrotw.obj
e:\ddr\rf_os_material_newbam\opensees\win64\obj\reliability\release\rayleighrv.obj
e:\ddr\rf_os_material_newbam\opensees\win64\obj\reliability\release\reliabilityanalysis.obj
e:\ddr\rf_os_material_newbam\opensees\win64\obj\reliability\release\reliabilityconvergencecheck.obj
e:\ddr\rf_os_material_newbam\opensees\win64\obj\reliability\release\reliabilitydirectintegrationanalysis.obj
e:\ddr\rf_os_material_newbam\opensees\win64\obj\reliability\release\reliabilitydomain.obj
e:\ddr\rf_os_material_newbam\opensees\win64\obj\reliability\release\reliabilitydomaincomponent.obj
e:\ddr\rf_os_material_newbam\opensees\win64\obj\reliability\release\reliabilitystaticanalysis.obj
e:\ddr\rf_os_material_newbam\opensees\win64\obj\reliability\release\reliabilitystorage.obj
e:\ddr\rf_os_material_newbam\opensees\win64\obj\reliability\release\respsurfacesimulation.obj
e:\ddr\rf_os_material_newbam\opensees\win64\obj\reliability\release\rootfinding.obj
e:\ddr\rf_os_material_newbam\opensees\win64\obj\reliability\release\safeguardedzerofindingalgorithm.obj
e:\ddr\rf_os_material_newbam\opensees\win64\obj\reliability\release\samplinganalysis.obj
e:\ddr\rf_os_material_newbam\opensees\win64\obj\reliability\release\scis.obj
e:\ddr\rf_os_material_newbam\opensees\win64\obj\reliability\release\searchdirection.obj
e:\ddr\rf_os_material_newbam\opensees\win64\obj\reliability\release\searchwithstepsizeandstepdirection.obj
e:\ddr\rf_os_material_newbam\opensees\win64\obj\reliability\release\secantrootfinding.obj
e:\ddr\rf_os_material_newbam\opensees\win64\obj\reliability\release\selectloadinitialstaticanalysis.obj
e:\ddr\rf_os_material_newbam\opensees\win64\obj\reliability\release\sensitivityalgorithm.obj
e:\ddr\rf_os_material_newbam\opensees\win64\obj\reliability\release\sensitivityintegrator.obj
e:\ddr\rf_os_material_newbam\opensees\win64\obj\reliability\release\shiftedexponentialrv.obj
e:\ddr\rf_os_material_newbam\opensees\win64\obj\reliability\release\shiftedrayleighrv.obj
e:\ddr\rf_os_material_newbam\opensees\win64\obj\reliability\release\smoothconcrete02.obj
e:\ddr\rf_os_material_newbam\opensees\win64\obj\reliability\release\sormanalysis.obj
e:\ddr\rf_os_material_newbam\opensees\win64\obj\reliability\release\spectrum.obj
e:\ddr\rf_os_material_newbam\opensees\win64\obj\reliability\release\spectrumiter.obj
e:\ddr\rf_os_material_newbam\opensees\win64\obj\reliability\release\sqpsearchdirectionmeritfunctionandhessian.obj
e:\ddr\rf_os_material_newbam\opensees\win64\obj\reliability\release\standardlinearoscillatoraccelerationfilter.obj
e:\ddr\rf_os_material_newbam\opensees\win64\obj\reliability\release\standardlinearoscillatordisplacementfilter.obj
e:\ddr\rf_os_material_newbam\opensees\win64\obj\reliability\release\standardlinearoscillatorvelocityfilter.obj
e:\ddr\rf_os_material_newbam\opensees\win64\obj\reliability\release\standardreliabilityconvergencecheck.obj
e:\ddr\rf_os_material_newbam\opensees\win64\obj\reliability\release\statfirstpassageanalyzer.obj
e:\ddr\rf_os_material_newbam\opensees\win64\obj\reliability\release\staticanalyzer.obj
e:\ddr\rf_os_material_newbam\opensees\win64\obj\reliability\release\staticsensitivityintegrator.obj
e:\ddr\rf_os_material_newbam\opensees\win64\obj\reliability\release\statrandomvibrationsimulation.obj
e:\ddr\rf_os_material_newbam\opensees\win64\obj\reliability\release\stepsizerule.obj
e:\ddr\rf_os_material_newbam\opensees\win64\obj\reliability\release\surfacedesign.obj
e:\ddr\rf_os_material_newbam\opensees\win64\obj\reliability\release\systemanalysis.obj
e:\ddr\rf_os_material_newbam\opensees\win64\obj\reliability\release\tclevaluator.obj
e:\ddr\rf_os_material_newbam\opensees\win64\obj\reliability\release\tclreliabilitybuilder.obj
e:\ddr\rf_os_material_newbam\opensees\win64\obj\reliability\release\thresholdincinitialpointbuilder.obj
e:\ddr\rf_os_material_newbam\opensees\win64\obj\reliability\release\timepoints.obj
e:\ddr\rf_os_material_newbam\opensees\win64\obj\reliability\release\trapezoidalmodulatingfunction.obj
e:\ddr\rf_os_material_newbam\opensees\win64\obj\reliability\release\type1largestvaluerv.obj
e:\ddr\rf_os_material_newbam\opensees\win64\obj\reliability\release\type1smallestvaluerv.obj
e:\ddr\rf_os_material_newbam\opensees\win64\obj\reliability\release\type2largestvaluerv.obj
e:\ddr\rf_os_material_newbam\opensees\win64\obj\reliability\release\type3smallestvaluerv.obj
e:\ddr\rf_os_material_newbam\opensees\win64\obj\reliability\release\uniformexperimentalpointrule1d.obj
e:\ddr\rf_os_material_newbam\opensees\win64\obj\reliability\release\uniformgenerator.obj
e:\ddr\rf_os_material_newbam\opensees\win64\obj\reliability\release\uniformrv.obj
e:\ddr\rf_os_material_newbam\opensees\win64\obj\reliability\release\univariatedecomposition.obj
e:\ddr\rf_os_material_newbam\opensees\win64\obj\reliability\release\userdefinedrv.obj
e:\ddr\rf_os_material_newbam\opensees\win64\obj\reliability\release\weibullrv.obj
e:\ddr\rf_os_material_newbam\opensees\win64\obj\reliability\release\zerofindingalgorithm.obj
e:\ddr\rf_os_material_newbam\opensees\win64\obj\reliability\release\reliability.pdb
e:\ddr\rf_os_material_newbam\opensees\win64\proj\reliability\.\..\..\lib\release\reliability.lib
e:\ddr\rf_os_material_newbam\opensees\win64\obj\reliability\release\reliability.tlog\cl.command.1.tlog
e:\ddr\rf_os_material_newbam\opensees\win64\obj\reliability\release\reliability.tlog\cl.read.1.tlog
e:\ddr\rf_os_material_newbam\opensees\win64\obj\reliability\release\reliability.tlog\cl.write.1.tlog
e:\ddr\rf_os_material_newbam\opensees\win64\obj\reliability\release\reliability.tlog\lib-link.read.1.tlog
e:\ddr\rf_os_material_newbam\opensees\win64\obj\reliability\release\reliability.tlog\lib-link.write.1.tlog
e:\ddr\rf_os_material_newbam\opensees\win64\obj\reliability\release\reliability.tlog\lib.command.1.tlog
