  CurvatureFitting.cpp
  CurvaturesBySearchAlgorithm.cpp
  FindCurvatures.cpp
  FirstPrincipalCurvature.cpp
  FindDesignPointAlgorithm.cpp
  SearchWithStepSizeAndStepDirection.cpp
  GradientProjectionSearchDirection.cpp
  HLRFSearchDirection.cpp
  PolakHeSearchDirectionAndMeritFunction.cpp
  SQPsearchDirectionMeritFunctionAndHessian.cpp
  SearchDirection.cpp
  CorrelatedStandardNormal.cpp
  MatrixOperations.cpp
  CStdLibRandGenerator.cpp
e:\ddr\rf_os_material_newbam\opensees\src\reliability\analysis\randomnumber\cstdlibrandgenerator.cpp(171): warning C4244: '=': conversion from 'time_t' to 'int', possible loss of data
  RandomNumberGenerator.cpp
  ArmijoStepSizeRule.cpp
  FixedStepSizeRule.cpp
  StepSizeRule.cpp
  AllIndependentTransformation.cpp
  NatafProbabilityTransformation.cpp
  Generating Code...
  Compiling...
  ProbabilityTransformation.cpp
  BivariateDecomposition.cpp
  DP_RSM_Sim.cpp
e:\ddr\rf_os_material_newbam\opensees\src\reliability\analysis\analysis\dp_rsm_sim.cpp(743): warning C4996: 'itoa': The POSIX name for this item is deprecated. Instead, use the ISO C and C++ conformant name: _itoa. See online help for details.
  c:\program files (x86)\windows kits\10\include\10.0.16299.0\ucrt\stdlib.h(1334): note: see declaration of 'itoa'
e:\ddr\rf_os_material_newbam\opensees\src\reliability\analysis\analysis\dp_rsm_sim.cpp(1116): warning C4244: 'initializing': conversion from 'double' to 'int', possible loss of data
e:\ddr\rf_os_material_newbam\opensees\src\reliability\analysis\analysis\dp_rsm_sim.cpp(1127): warning C4244: 'initializing': conversion from 'double' to 'int', possible loss of data
e:\ddr\rf_os_material_newbam\opensees\src\reliability\analysis\analysis\dp_rsm_sim.cpp(1130): warning C4244: 'initializing': conversion from 'double' to 'int', possible loss of data
  DP_RSM_Sim_TimeVariant.cpp
e:\ddr\rf_os_material_newbam\opensees\src\reliability\analysis\analysis\dp_rsm_sim_timevariant.cpp(802): warning C4996: 'itoa': The POSIX name for this item is deprecated. Instead, use the ISO C and C++ conformant name: _itoa. See online help for details.
  c:\program files (x86)\windows kits\10\include\10.0.16299.0\ucrt\stdlib.h(1334): note: see declaration of 'itoa'
e:\ddr\rf_os_material_newbam\opensees\src\reliability\analysis\analysis\dp_rsm_sim_timevariant.cpp(1237): warning C4244: 'initializing': conversion from 'double' to 'int', possible loss of data
e:\ddr\rf_os_material_newbam\opensees\src\reliability\analysis\analysis\dp_rsm_sim_timevariant.cpp(1248): warning C4244: 'initializing': conversion from 'double' to 'int', possible loss of data
e:\ddr\rf_os_material_newbam\opensees\src\reliability\analysis\analysis\dp_rsm_sim_timevariant.cpp(1251): warning C4244: 'initializing': conversion from 'double' to 'int', possible loss of data
  ExperimentalPointRule1D.cpp
  FORMAnalysis.cpp
  FOSMAnalysis.cpp
e:\ddr\rf_os_material_newbam\opensees\src\reliability\analysis\analysis\fosmanalysis.cpp(91): warning C4101: 'result': unreferenced local variable
  GFunVisualizationAnalysis.cpp
  GridPlane.cpp
  ImportanceSamplingAnalysis.cpp
  MonteCarloResponseAnalysis.cpp
  MultiDimVisPrincPlane.cpp
e:\ddr\rf_os_material_newbam\opensees\src\reliability\analysis\analysis\multidimvisprincplane.cpp(440): warning C4996: 'itoa': The POSIX name for this item is deprecated. Instead, use the ISO C and C++ conformant name: _itoa. See online help for details.
  c:\program files (x86)\windows kits\10\include\10.0.16299.0\ucrt\stdlib.h(1334): note: see declaration of 'itoa'
e:\ddr\rf_os_material_newbam\opensees\src\reliability\analysis\analysis\multidimvisprincplane.cpp(540): warning C4996: 'itoa': The POSIX name for this item is deprecated. Instead, use the ISO C and C++ conformant name: _itoa. See online help for details.
  c:\program files (x86)\windows kits\10\include\10.0.16299.0\ucrt\stdlib.h(1334): note: see declaration of 'itoa'
e:\ddr\rf_os_material_newbam\opensees\src\reliability\analysis\analysis\multidimvisprincplane.cpp(688): warning C4244: 'initializing': conversion from 'double' to 'int', possible loss of data
e:\ddr\rf_os_material_newbam\opensees\src\reliability\analysis\analysis\multidimvisprincplane.cpp(697): warning C4244: 'initializing': conversion from 'double' to 'int', possible loss of data
e:\ddr\rf_os_material_newbam\opensees\src\reliability\analysis\analysis\multidimvisprincplane.cpp(700): warning C4244: 'initializing': conversion from 'double' to 'int', possible loss of data
  OrthogonalPlaneSamplingAnalysis.cpp
  OutCrossingAnalysis.cpp
  PrincipalAxis.cpp
  ReliabilityAnalysis.cpp
  RespSurfaceSimulation.cpp
  SORMAnalysis.cpp
  SamplingAnalysis.cpp
  SurfaceDesign.cpp
  Generating Code...
  Compiling...
  SystemAnalysis.cpp
e:\ddr\rf_os_material_newbam\opensees\src\reliability\analysis\analysis\systemanalysis.cpp(256): warning C4244: 'argument': conversion from 'time_t' to 'int', possible loss of data
e:\ddr\rf_os_material_newbam\opensees\src\reliability\analysis\analysis\systemanalysis.cpp(331): warning C4244: '=': conversion from 'double' to 'int', possible loss of data
e:\ddr\rf_os_material_newbam\opensees\src\reliability\analysis\analysis\systemanalysis.cpp(334): warning C4244: 'argument': conversion from 'double' to 'int', possible loss of data
e:\ddr\rf_os_material_newbam\opensees\src\reliability\analysis\analysis\systemanalysis.cpp(338): warning C4244: 'initializing': conversion from 'double' to 'int', possible loss of data
e:\ddr\rf_os_material_newbam\opensees\src\reliability\analysis\analysis\systemanalysis.cpp(343): warning C4244: 'initializing': conversion from 'double' to 'int', possible loss of data
e:\ddr\rf_os_material_newbam\opensees\src\reliability\analysis\analysis\systemanalysis.cpp(642): warning C4244: 'argument': conversion from 'double' to 'int', possible loss of data
e:\ddr\rf_os_material_newbam\opensees\src\reliability\analysis\analysis\systemanalysis.cpp(655): warning C4244: 'argument': conversion from 'double' to 'int', possible loss of data
e:\ddr\rf_os_material_newbam\opensees\src\reliability\analysis\analysis\systemanalysis.cpp(685): warning C4244: 'argument': conversion from 'double' to 'int', possible loss of data
e:\ddr\rf_os_material_newbam\opensees\src\reliability\analysis\analysis\systemanalysis.cpp(686): warning C4244: 'argument': conversion from 'double' to 'int', possible loss of data
e:\ddr\rf_os_material_newbam\opensees\src\reliability\analysis\analysis\systemanalysis.cpp(688): warning C4244: 'argument': conversion from 'double' to 'int', possible loss of data
e:\ddr\rf_os_material_newbam\opensees\src\reliability\analysis\analysis\systemanalysis.cpp(689): warning C4244: 'argument': conversion from 'double' to 'int', possible loss of data
  UniformExperimentalPointRule1D.cpp
  UnivariateDecomposition.cpp
  IPCM.cpp
  MVNcdf.cpp
e:\ddr\rf_os_material_newbam\opensees\src\reliability\analysis\analysis\system\mvncdf.cpp(262): warning C4244: 'argument': conversion from 'time_t' to 'int', possible loss of data
  PCM.cpp
  SCIS.cpp
e:\ddr\rf_os_material_newbam\opensees\src\reliability\analysis\analysis\system\scis.cpp(239): warning C4244: 'argument': conversion from 'time_t' to 'unsigned int', possible loss of data
  AdkZhangMeritFunctionCheck.cpp
  CriteriaReductionMeritFunctionCheck.cpp
  MeritFunctionCheck.cpp
  Hessian.cpp
  HessianApproximation.cpp
  OptimalityConditionReliabilityConvergenceCheck.cpp
  ReliabilityConvergenceCheck.cpp
  StandardReliabilityConvergenceCheck.cpp
  RootFinding.cpp
  SafeGuardedZeroFindingAlgorithm.cpp
  SecantRootFinding.cpp
  ZeroFindingAlgorithm.cpp
  Analyzer.cpp
  Generating Code...
  Compiling...
  AnalyzerGFunEvaluator.cpp
  AnalyzerGradGEvaluator.cpp
  CrossingRateAnalyzer.cpp
  DynamciAnalyzer.cpp
  FOSeriesSimulation.cpp
  FirstPassageAnalyzer.cpp
  GFunEachstepEvaluator.cpp
  GeneralRandGenerator.cpp
e:\ddr\rf_os_material_newbam\opensees\src\reliability\analysis\telm\generalrandgenerator.cpp(50): warning C4244: '=': conversion from 'time_t' to 'int', possible loss of data
e:\ddr\rf_os_material_newbam\opensees\src\reliability\analysis\telm\generalrandgenerator.cpp(174): warning C4244: '=': conversion from 'time_t' to 'int', possible loss of data
e:\ddr\rf_os_material_newbam\opensees\src\reliability\analysis\telm\generalrandgenerator.cpp(185): warning C4244: '=': conversion from 'time_t' to 'int', possible loss of data
e:\ddr\rf_os_material_newbam\opensees\src\reliability\analysis\telm\generalrandgenerator.cpp(201): warning C4244: '=': conversion from 'time_t' to 'int', possible loss of data
  InitialPointBuilder.cpp
  InitialStaticAnalysis.cpp
  NewDiscretizedRandomProcessSeries.cpp
  NewNewmarkSensitivityIntegrator.cpp
  NewSearchWithStepSizeAndStepDirection.cpp
e:\ddr\rf_os_material_newbam\opensees\src\reliability\analysis\telm\newsearchwithstepsizeandstepdirection.cpp(945): warning C4101: 'result': unreferenced local variable
  NewSensitivityAlgorithm.cpp
  NewStandardLinearOscillatorAccelerationFilter.cpp
  NewStaticSensitivityIntegrator.cpp
  NewWhitenoiseFilter.cpp
  NonStatFirstPassageAnalyzer.cpp
  NonStatRandomVibrationSimulation.cpp
  OutCrossingResults.cpp
  Generating Code...
e:\ddr\rf_os_material_newbam\opensees\src\reliability\analysis\telm\newsensitivityalgorithm.cpp(164): warning C4700: uninitialized local variable 'act' used
e:\ddr\rf_os_material_newbam\opensees\src\reliability\analysis\telm\newsensitivityalgorithm.cpp(264): warning C4700: uninitialized local variable 'act' used
e:\ddr\rf_os_material_newbam\opensees\src\reliability\analysis\telm\newdiscretizedrandomprocessseries.cpp(389): warning C4715: 'NewDiscretizedRandomProcessSeries::getkickInTimes': not all control paths return a value
  Compiling...
  PerformanceFunctionCoeff.cpp
  PerformanceFunctionCoefficientIter.cpp
  RandomProcess.cpp
  RandomVibrationAnalysis.cpp
e:\ddr\rf_os_material_newbam\opensees\src\reliability\analysis\telm\randomvibrationanalysis.cpp(505): warning C4101: 'completedThreshold': unreferenced local variable
e:\ddr\rf_os_material_newbam\opensees\src\reliability\analysis\telm\randomvibrationanalysis.cpp(505): warning C4101: 'completedTime': unreferenced local variable
e:\ddr\rf_os_material_newbam\opensees\src\reliability\analysis\telm\randomvibrationanalysis.cpp(506): warning C4101: 'completedSteps': unreferenced local variable
  RandomVibrationSimulation.cpp
  RandomVibrationSimulatorResult.cpp
  ReliabilityDirectIntegrationAnalysis.cpp
  ReliabilityStaticAnalysis.cpp
  SelectLoadInitialStaticAnalysis.cpp
  SmoothConcrete02.cpp
  StatFirstPassageAnalyzer.cpp
  StatRandomVibrationSimulation.cpp
e:\ddr\rf_os_material_newbam\opensees\src\reliability\analysis\telm\statrandomvibrationsimulation.cpp(606): warning C4244: 'initializing': conversion from 'std::streamoff' to 'long', possible loss of data
e:\ddr\rf_os_material_newbam\opensees\src\reliability\analysis\telm\statrandomvibrationsimulation.cpp(628): warning C4244: 'initializing': conversion from 'std::streamoff' to 'long', possible loss of data
  StaticAnalyzer.cpp
  ThresholdIncInitialPointBuilder.cpp
e:\ddr\rf_os_material_newbam\opensees\src\reliability\analysis\telm\thresholdincinitialpointbuilder.cpp(119): warning C4101: 'res2': unreferenced local variable
  TimePoints.cpp
  UniformGenerator.cpp
  localMath.cpp
  mersenne.cpp
  mother.cpp
  rancombi.cpp
  Generating Code...
  Compiling...
  ranrotb.cpp
e:\ddr\rf_os_material_newbam\opensees\src\reliability\analysis\telm\ranrotb.cpp(86): warning C4146: unary minus operator applied to unsigned type, result still unsigned
e:\ddr\rf_os_material_newbam\opensees\src\reliability\analysis\telm\ranrotb.cpp(87): warning C4244: 'initializing': conversion from 'double' to 'int', possible loss of data
  ranrotw.cpp
  FiniteDifferenceGradient.cpp
  GradientEvaluator.cpp
  ImplicitGradient.cpp
  FiniteDifferenceHessian.cpp
  HessianEvaluator.cpp
  UserDefinedRV.cpp
  CorrelationCoefficient.cpp
  CorrelationCoefficientIter.cpp
  Cutset.cpp
  CutsetIter.cpp
  ParameterPositioner.cpp
  ParameterPositionerIter.cpp
  PrincipalPlane.cpp
  RandomVariable.cpp
  RandomVariableIter.cpp
  RandomVariablePositioner.cpp
  RandomVariablePositionerIter.cpp
  ReliabilityDomain.cpp
  Generating Code...
  Compiling...
  ReliabilityDomainComponent.cpp
  BetaRV.cpp
  ChiSquareRV.cpp
  ExponentialRV.cpp
  GammaRV.cpp
  GumbelRV.cpp
  LaplaceRV.cpp
  LognormalRV.cpp
  NormalRV.cpp
  ParetoRV.cpp
  RayleighRV.cpp
  ShiftedExponentialRV.cpp
  ShiftedRayleighRV.cpp
  Type1LargestValueRV.cpp
  Type1SmallestValueRV.cpp
  Type2LargestValueRV.cpp
  Type3SmallestValueRV.cpp
  UniformRV.cpp
  WeibullRV.cpp
  Filter.cpp
  Generating Code...
  Compiling...
  FilterIter.cpp
  KooFilter.cpp
  StandardLinearOscillatorAccelerationFilter.cpp
  StandardLinearOscillatorDisplacementFilter.cpp
  StandardLinearOscillatorVelocityFilter.cpp
  JonswapSpectrum.cpp
  NarrowBandSpectrum.cpp
  PointsSpectrum.cpp
  Spectrum.cpp
  SpectrumIter.cpp
  ConstantModulatingFunction.cpp
  GammaModulatingFunction.cpp
  KooModulatingFunction.cpp
  ModulatingFunction.cpp
  ModulatingFunctionIter.cpp
  TrapezoidalModulatingFunction.cpp
  FunctionEvaluator.cpp
  TclEvaluator.cpp
e:\ddr\rf_os_material_newbam\opensees\src\reliability\domain\functionevaluator\tclevaluator.cpp(56): warning C4267: 'initializing': conversion from 'size_t' to 'int', possible loss of data
e:\ddr\rf_os_material_newbam\opensees\src\reliability\domain\functionevaluator\tclevaluator.cpp(119): warning C4267: 'initializing': conversion from 'size_t' to 'int', possible loss of data
  PerformanceFunction.cpp
  PerformanceFunctionIter.cpp
  Generating Code...
  Compiling...
  FORMStorage.cpp
e:\ddr\rf_os_material_newbam\opensees\src\reliability\domain\storage\formstorage.cpp(118): warning C4244: 'argument': conversion from 'double' to 'int', possible loss of data
  ReliabilityStorage.cpp
  TclReliabilityBuilder.cpp
  NewmarkSensitivityIntegrator.cpp
  SensitivityAlgorithm.cpp
  SensitivityIntegrator.cpp
  StaticSensitivityIntegrator.cpp
  Generating Code...
e:\ddr\rf_os_material_newbam\opensees\src\reliability\tcl\tclreliabilitybuilder.cpp(4488): warning C4700: uninitialized local variable 'theDesignPoint' used
  LimitStateFunction.cpp
e:\ddr\rf_os_material_newbam\opensees\src\reliability\domain\performancefunction\limitstatefunction.cpp(47): warning C4267: 'initializing': conversion from 'size_t' to 'int', possible loss of data
e:\ddr\rf_os_material_newbam\opensees\src\reliability\domain\performancefunction\limitstatefunction.cpp(122): warning C4267: 'initializing': conversion from 'size_t' to 'int', possible loss of data
  LimitStateFunctionIter.cpp
  reliability.vcxproj -> E:\DDR\RF_OS_Material_newBAM\OpenSees\Win64\proj\reliability\.\..\..\lib\release\reliability.lib
