e:\ddr\rf_os_material_uniaxial_gage\opensees\win64\obj\material\release\material.pdb
e:\ddr\rf_os_material_uniaxial_gage\opensees\win64\obj\material\release\platefibermaterialthermal.obj
e:\ddr\rf_os_material_uniaxial_gage\opensees\win64\obj\material\release\plasticdamageconcreteplanestress.obj
e:\ddr\rf_os_material_uniaxial_gage\opensees\win64\obj\material\release\plasticdamageconcrete3d.obj
e:\ddr\rf_os_material_uniaxial_gage\opensees\win64\obj\material\release\planestressusermaterial.obj
e:\ddr\rf_os_material_uniaxial_gage\opensees\win64\obj\material\release\planestresssimplifiedj2.obj
e:\ddr\rf_os_material_uniaxial_gage\opensees\win64\obj\material\release\planestressrebarmaterial.obj
e:\ddr\rf_os_material_uniaxial_gage\opensees\win64\obj\material\release\planestresslayeredmaterial.obj
e:\ddr\rf_os_material_uniaxial_gage\opensees\win64\obj\material\release\materialcmm.obj
e:\ddr\rf_os_material_uniaxial_gage\opensees\win64\obj\material\release\linearcap.obj
e:\ddr\rf_os_material_uniaxial_gage\opensees\win64\obj\material\release\j2threedimensionalthermal.obj
e:\ddr\rf_os_material_uniaxial_gage\opensees\win64\obj\material\release\j2platefibre.obj
e:\ddr\rf_os_material_uniaxial_gage\opensees\win64\obj\material\release\j2plasticitythermal.obj
e:\ddr\rf_os_material_uniaxial_gage\opensees\win64\obj\material\release\j2beamfiber3d.obj
e:\ddr\rf_os_material_uniaxial_gage\opensees\win64\obj\material\release\j2beamfiber2d.obj
e:\ddr\rf_os_material_uniaxial_gage\opensees\win64\obj\material\release\fsam.obj
e:\ddr\rf_os_material_uniaxial_gage\opensees\win64\obj\material\release\elasticisotropicmaterialthermal.obj
e:\ddr\rf_os_material_uniaxial_gage\opensees\win64\obj\material\release\elasticisotropic3dthermal.obj
e:\ddr\rf_os_material_uniaxial_gage\opensees\win64\obj\material\release\druckerpragerthermal.obj
e:\ddr\rf_os_material_uniaxial_gage\opensees\win64\obj\material\release\druckerprager3dthermal.obj
e:\ddr\rf_os_material_uniaxial_gage\opensees\win64\obj\material\release\acousticmedium.obj
e:\ddr\rf_os_material_uniaxial_gage\opensees\win64\obj\material\release\ndfibersectionwarping2d.obj
e:\ddr\rf_os_material_uniaxial_gage\opensees\win64\obj\material\release\membraneplatefibersectionthermal.obj
e:\ddr\rf_os_material_uniaxial_gage\opensees\win64\obj\material\release\layeredshellfibersectionthermal.obj
e:\ddr\rf_os_material_uniaxial_gage\opensees\win64\obj\material\release\fibersectiongjthermal.obj
e:\ddr\rf_os_material_uniaxial_gage\opensees\win64\obj\material\release\fibersection3dthermal.obj
e:\ddr\rf_os_material_uniaxial_gage\opensees\win64\obj\material\release\elliptical2.obj
e:\ddr\rf_os_material_uniaxial_gage\opensees\win64\obj\material\release\elasticwarpingshearsection2d.obj
e:\ddr\rf_os_material_uniaxial_gage\opensees\win64\obj\material\release\pm4silt.obj
e:\ddr\rf_os_material_uniaxial_gage\opensees\win64\obj\material\release\pm4sand.obj
e:\ddr\rf_os_material_uniaxial_gage\opensees\win64\obj\material\release\manzaridafaliasro.obj
e:\ddr\rf_os_material_uniaxial_gage\opensees\win64\obj\material\release\manzaridafaliasplanestrainro.obj
e:\ddr\rf_os_material_uniaxial_gage\opensees\win64\obj\material\release\manzaridafalias3dro.obj
e:\ddr\rf_os_material_uniaxial_gage\opensees\win64\obj\material\release\j2cyclicboundingsurface.obj
e:\ddr\rf_os_material_uniaxial_gage\opensees\win64\obj\material\release\stressdensitymodel3d.obj
e:\ddr\rf_os_material_uniaxial_gage\opensees\win64\obj\material\release\stressdensitymodel2d.obj
e:\ddr\rf_os_material_uniaxial_gage\opensees\win64\obj\material\release\stressdensitymodel.obj
e:\ddr\rf_os_material_uniaxial_gage\opensees\win64\obj\material\release\platerebarmaterialthermal.obj
e:\ddr\rf_os_material_uniaxial_gage\opensees\win64\obj\material\release\platerebarmaterial.obj
e:\ddr\rf_os_material_uniaxial_gage\opensees\win64\obj\material\release\platefromplanestressmaterialthermal.obj
e:\ddr\rf_os_material_uniaxial_gage\opensees\win64\obj\material\release\platefromplanestressmaterial.obj
e:\ddr\rf_os_material_uniaxial_gage\opensees\win64\obj\material\release\concretecm.obj
e:\ddr\rf_os_material_uniaxial_gage\opensees\win64\obj\material\release\concrete07.obj
e:\ddr\rf_os_material_uniaxial_gage\opensees\win64\obj\material\release\concrete06.obj
e:\ddr\rf_os_material_uniaxial_gage\opensees\win64\obj\material\release\concrete04.obj
e:\ddr\rf_os_material_uniaxial_gage\opensees\win64\obj\material\release\concrete02thermal.obj
e:\ddr\rf_os_material_uniaxial_gage\opensees\win64\obj\material\release\concrete02.obj
e:\ddr\rf_os_material_uniaxial_gage\opensees\win64\obj\material\release\concrete01withsitc.obj
e:\ddr\rf_os_material_uniaxial_gage\opensees\win64\obj\material\release\concrete01.obj
e:\ddr\rf_os_material_uniaxial_gage\opensees\win64\obj\material\release\cast.obj
e:\ddr\rf_os_material_uniaxial_gage\opensees\win64\obj\material\release\cablematerial.obj
e:\ddr\rf_os_material_uniaxial_gage\opensees\win64\obj\material\release\cfswswp.obj
e:\ddr\rf_os_material_uniaxial_gage\opensees\win64\obj\material\release\cfssswp.obj
e:\ddr\rf_os_material_uniaxial_gage\opensees\win64\obj\material\release\boucwenmaterial.obj
e:\ddr\rf_os_material_uniaxial_gage\opensees\win64\obj\material\release\bond_sp01.obj
e:\ddr\rf_os_material_uniaxial_gage\opensees\win64\obj\material\release\barslipmaterial.obj
e:\ddr\rf_os_material_uniaxial_gage\opensees\win64\obj\material\release\bwbn.obj
e:\ddr\rf_os_material_uniaxial_gage\opensees\win64\obj\material\release\boucwenoriginal.obj
e:\ddr\rf_os_material_uniaxial_gage\opensees\win64\obj\material\release\bilinearoildamper.obj
e:\ddr\rf_os_material_uniaxial_gage\opensees\win64\obj\material\release\axialsphd.obj
e:\ddr\rf_os_material_uniaxial_gage\opensees\win64\obj\material\release\axialsp.obj
e:\ddr\rf_os_material_uniaxial_gage\opensees\win64\obj\material\release\frpconfinedconcrete.obj
e:\ddr\rf_os_material_uniaxial_gage\opensees\win64\obj\material\release\elasticppmaterial.obj
e:\ddr\rf_os_material_uniaxial_gage\opensees\win64\obj\material\release\elasticmultilinear.obj
e:\ddr\rf_os_material_uniaxial_gage\opensees\win64\obj\material\release\elasticmaterial.obj
e:\ddr\rf_os_material_uniaxial_gage\opensees\win64\obj\material\release\elasticbilin.obj
e:\ddr\rf_os_material_uniaxial_gage\opensees\win64\obj\material\release\elastic2material.obj
e:\ddr\rf_os_material_uniaxial_gage\opensees\win64\obj\material\release\eppgapmaterial.obj
e:\ddr\rf_os_material_uniaxial_gage\opensees\win64\obj\material\release\entmaterial.obj
e:\ddr\rf_os_material_uniaxial_gage\opensees\win64\obj\material\release\elasticmaterialthermal.obj
e:\ddr\rf_os_material_uniaxial_gage\opensees\win64\obj\material\release\ecc01.obj
e:\ddr\rf_os_material_uniaxial_gage\opensees\win64\obj\material\release\ductilefracture.obj
e:\ddr\rf_os_material_uniaxial_gage\opensees\win64\obj\material\release\drainmaterial.obj
e:\ddr\rf_os_material_uniaxial_gage\opensees\win64\obj\material\release\dodd_restrepo.obj
e:\ddr\rf_os_material_uniaxial_gage\opensees\win64\obj\material\release\dampermaterial.obj
e:\ddr\rf_os_material_uniaxial_gage\opensees\win64\obj\material\release\cubicspline.obj
e:\ddr\rf_os_material_uniaxial_gage\opensees\win64\obj\material\release\confinedconcrete01.obj
e:\ddr\rf_os_material_uniaxial_gage\opensees\win64\obj\material\release\concretewbeta.obj
e:\ddr\rf_os_material_uniaxial_gage\opensees\win64\obj\material\release\concretesakaikawashima.obj
e:\ddr\rf_os_material_uniaxial_gage\opensees\win64\obj\material\release\concreteecthermal.obj
e:\ddr\rf_os_material_uniaxial_gage\opensees\win64\obj\material\release\concreted.obj
e:\ddr\rf_os_material_uniaxial_gage\opensees\win64\obj\material\release\newuniaxialmaterial.obj
e:\ddr\rf_os_material_uniaxial_gage\opensees\win64\obj\material\release\multilinear.obj
e:\ddr\rf_os_material_uniaxial_gage\opensees\win64\obj\material\release\modimkpinching02.obj
e:\ddr\rf_os_material_uniaxial_gage\opensees\win64\obj\material\release\modimkpinching.obj
e:\ddr\rf_os_material_uniaxial_gage\opensees\win64\obj\material\release\modimkpeakoriented02.obj
e:\ddr\rf_os_material_uniaxial_gage\opensees\win64\obj\material\release\modimkpeakoriented.obj
e:\ddr\rf_os_material_uniaxial_gage\opensees\win64\obj\material\release\minmaxmaterial.obj
e:\ddr\rf_os_material_uniaxial_gage\opensees\win64\obj\material\release\maxwell.obj
e:\ddr\rf_os_material_uniaxial_gage\opensees\win64\obj\material\release\kikuchiaikenlrb.obj
e:\ddr\rf_os_material_uniaxial_gage\opensees\win64\obj\material\release\kikuchiaikenhdr.obj
e:\ddr\rf_os_material_uniaxial_gage\opensees\win64\obj\material\release\initstressmaterial.obj
e:\ddr\rf_os_material_uniaxial_gage\opensees\win64\obj\material\release\initstrainmaterial.obj
e:\ddr\rf_os_material_uniaxial_gage\opensees\win64\obj\material\release\impactmaterial.obj
e:\ddr\rf_os_material_uniaxial_gage\opensees\win64\obj\material\release\hystereticmaterial.obj
e:\ddr\rf_os_material_uniaxial_gage\opensees\win64\obj\material\release\hyperbolicgapmaterial.obj
e:\ddr\rf_os_material_uniaxial_gage\opensees\win64\obj\material\release\hookgap.obj
e:\ddr\rf_os_material_uniaxial_gage\opensees\win64\obj\material\release\hardeningmaterial.obj
e:\ddr\rf_os_material_uniaxial_gage\opensees\win64\obj\material\release\frpconfinedconcrete02.obj
e:\ddr\rf_os_material_uniaxial_gage\opensees\win64\obj\material\release\fedeasmaterial.obj
e:\ddr\rf_os_material_uniaxial_gage\opensees\win64\obj\material\release\fatiguematerial.obj
e:\ddr\rf_os_material_uniaxial_gage\opensees\win64\obj\material\release\steel01.obj
e:\ddr\rf_os_material_uniaxial_gage\opensees\win64\obj\material\release\stainlessecthermal.obj
e:\ddr\rf_os_material_uniaxial_gage\opensees\win64\obj\material\release\bilin02.obj
e:\ddr\rf_os_material_uniaxial_gage\opensees\win64\obj\material\release\smoothpsconcrete.obj
e:\ddr\rf_os_material_uniaxial_gage\opensees\win64\obj\material\release\simplefracturematerial.obj
e:\ddr\rf_os_material_uniaxial_gage\opensees\win64\obj\material\release\shearpanelmaterial.obj
e:\ddr\rf_os_material_uniaxial_gage\opensees\win64\obj\material\release\seriesmaterial.obj
e:\ddr\rf_os_material_uniaxial_gage\opensees\win64\obj\material\release\selfcenteringmaterial.obj
e:\ddr\rf_os_material_uniaxial_gage\opensees\win64\obj\material\release\sawsmaterial.obj
e:\ddr\rf_os_material_uniaxial_gage\opensees\win64\obj\material\release\resiliencematerialhr.obj
e:\ddr\rf_os_material_uniaxial_gage\opensees\win64\obj\material\release\resiliencelow.obj
e:\ddr\rf_os_material_uniaxial_gage\opensees\win64\obj\material\release\reinforcingsteel.obj
e:\ddr\rf_os_material_uniaxial_gage\opensees\win64\obj\material\release\rambergosgoodsteel.obj
e:\ddr\rf_os_material_uniaxial_gage\opensees\win64\obj\material\release\pysimple3.obj
e:\ddr\rf_os_material_uniaxial_gage\opensees\win64\obj\material\release\plasticdamagematerial.obj
e:\ddr\rf_os_material_uniaxial_gage\opensees\win64\obj\material\release\pinchinglimitstatematerial.obj
e:\ddr\rf_os_material_uniaxial_gage\opensees\win64\obj\material\release\pinching4material.obj
e:\ddr\rf_os_material_uniaxial_gage\opensees\win64\obj\material\release\pathindependentmaterial.obj
e:\ddr\rf_os_material_uniaxial_gage\opensees\win64\obj\material\release\parallelmaterial.obj
e:\ddr\rf_os_material_uniaxial_gage\opensees\win64\obj\material\release\origincentered.obj
e:\ddr\rf_os_material_uniaxial_gage\opensees\win64\obj\material\release\fedeasbond2material.obj
e:\ddr\rf_os_material_uniaxial_gage\opensees\win64\obj\material\release\fedeasbond1material.obj
e:\ddr\rf_os_material_uniaxial_gage\opensees\win64\obj\material\release\pyucla.obj
e:\ddr\rf_os_material_uniaxial_gage\opensees\win64\obj\material\release\wrapperuniaxialmaterial.obj
e:\ddr\rf_os_material_uniaxial_gage\opensees\win64\obj\material\release\viscousmaterial.obj
e:\ddr\rf_os_material_uniaxial_gage\opensees\win64\obj\material\release\viscousdamper.obj
e:\ddr\rf_os_material_uniaxial_gage\opensees\win64\obj\material\release\uniaxialmaterial.obj
e:\ddr\rf_os_material_uniaxial_gage\opensees\win64\obj\material\release\uniaxialj2plasticity.obj
e:\ddr\rf_os_material_uniaxial_gage\opensees\win64\obj\material\release\trimatrix.obj
e:\ddr\rf_os_material_uniaxial_gage\opensees\win64\obj\material\release\tclmodelbuilderuniaxialmaterialcommand.obj
e:\ddr\rf_os_material_uniaxial_gage\opensees\win64\obj\material\release\steelmpf.obj
e:\ddr\rf_os_material_uniaxial_gage\opensees\win64\obj\material\release\steelmp.obj
e:\ddr\rf_os_material_uniaxial_gage\opensees\win64\obj\material\release\steelecthermal.obj
e:\ddr\rf_os_material_uniaxial_gage\opensees\win64\obj\material\release\steelbrb.obj
e:\ddr\rf_os_material_uniaxial_gage\opensees\win64\obj\material\release\steel4.obj
e:\ddr\rf_os_material_uniaxial_gage\opensees\win64\obj\material\release\steel2.obj
e:\ddr\rf_os_material_uniaxial_gage\opensees\win64\obj\material\release\steel03.obj
e:\ddr\rf_os_material_uniaxial_gage\opensees\win64\obj\material\release\steel02thermal.obj
e:\ddr\rf_os_material_uniaxial_gage\opensees\win64\obj\material\release\steel02.obj
e:\ddr\rf_os_material_uniaxial_gage\opensees\win64\obj\material\release\steel01thermal.obj
e:\ddr\rf_os_material_uniaxial_gage\opensees\win64\obj\material\release\qzsimple1.obj
e:\ddr\rf_os_material_uniaxial_gage\opensees\win64\obj\material\release\pysimple2.obj
e:\ddr\rf_os_material_uniaxial_gage\opensees\win64\obj\material\release\pysimple1gen.obj
e:\ddr\rf_os_material_uniaxial_gage\opensees\win64\obj\material\release\pysimple1.obj
e:\ddr\rf_os_material_uniaxial_gage\opensees\win64\obj\material\release\pyliq1.obj
e:\ddr\rf_os_material_uniaxial_gage\opensees\win64\obj\material\release\tcldrainmaterialcommand.obj
e:\ddr\rf_os_material_uniaxial_gage\opensees\win64\obj\material\release\drainpinch1material.obj
e:\ddr\rf_os_material_uniaxial_gage\opensees\win64\obj\material\release\drainhardeningmaterial.obj
e:\ddr\rf_os_material_uniaxial_gage\opensees\win64\obj\material\release\drainclough2material.obj
e:\ddr\rf_os_material_uniaxial_gage\opensees\win64\obj\material\release\drainclough1material.obj
e:\ddr\rf_os_material_uniaxial_gage\opensees\win64\obj\material\release\drainbilinearmaterial.obj
e:\ddr\rf_os_material_uniaxial_gage\opensees\win64\obj\material\release\tclfedeasmaterialcommand.obj
e:\ddr\rf_os_material_uniaxial_gage\opensees\win64\obj\material\release\fedeassteel2material.obj
e:\ddr\rf_os_material_uniaxial_gage\opensees\win64\obj\material\release\fedeassteel1material.obj
e:\ddr\rf_os_material_uniaxial_gage\opensees\win64\obj\material\release\fedeashyster2material.obj
e:\ddr\rf_os_material_uniaxial_gage\opensees\win64\obj\material\release\fedeashyster1material.obj
e:\ddr\rf_os_material_uniaxial_gage\opensees\win64\obj\material\release\fedeashardeningmaterial.obj
e:\ddr\rf_os_material_uniaxial_gage\opensees\win64\obj\material\release\fedeasconcr3material.obj
e:\ddr\rf_os_material_uniaxial_gage\opensees\win64\obj\material\release\fedeasconcr2material.obj
e:\ddr\rf_os_material_uniaxial_gage\opensees\win64\obj\material\release\fedeasconcr1material.obj
e:\ddr\rf_os_material_uniaxial_gage\opensees\win64\obj\material\release\shearcurve.obj
e:\ddr\rf_os_material_uniaxial_gage\opensees\win64\obj\material\release\rotationshearcurve.obj
e:\ddr\rf_os_material_uniaxial_gage\opensees\win64\obj\material\release\limitstatematerial.obj
e:\ddr\rf_os_material_uniaxial_gage\opensees\win64\obj\material\release\limitcurve.obj
e:\ddr\rf_os_material_uniaxial_gage\opensees\win64\obj\material\release\axialcurve.obj
e:\ddr\rf_os_material_uniaxial_gage\opensees\win64\obj\material\release\tclsnapmaterialcommand.obj
e:\ddr\rf_os_material_uniaxial_gage\opensees\win64\obj\material\release\pinchingdamage.obj
e:\ddr\rf_os_material_uniaxial_gage\opensees\win64\obj\material\release\pinching.obj
e:\ddr\rf_os_material_uniaxial_gage\opensees\win64\obj\material\release\cloughhenry.obj
e:\ddr\rf_os_material_uniaxial_gage\opensees\win64\obj\material\release\cloughdamage.obj
e:\ddr\rf_os_material_uniaxial_gage\opensees\win64\obj\material\release\clough.obj
e:\ddr\rf_os_material_uniaxial_gage\opensees\win64\obj\material\release\bilinear.obj
e:\ddr\rf_os_material_uniaxial_gage\opensees\win64\obj\material\release\bilin.obj
e:\ddr\rf_os_material_uniaxial_gage\opensees\win64\obj\material\release\tzsimple2.obj
e:\ddr\rf_os_material_uniaxial_gage\opensees\win64\obj\material\release\tzsimple1gen.obj
e:\ddr\rf_os_material_uniaxial_gage\opensees\win64\obj\material\release\tzsimple1.obj
e:\ddr\rf_os_material_uniaxial_gage\opensees\win64\obj\material\release\tzliq1.obj
e:\ddr\rf_os_material_uniaxial_gage\opensees\win64\obj\material\release\tclpytzqzmaterialcommand.obj
e:\ddr\rf_os_material_uniaxial_gage\opensees\win64\obj\material\release\shallowfoundationgen.obj
e:\ddr\rf_os_material_uniaxial_gage\opensees\win64\obj\material\release\qzsimple2.obj
e:\ddr\rf_os_material_uniaxial_gage\opensees\win64\obj\material\release\contactmaterial2d.obj
e:\ddr\rf_os_material_uniaxial_gage\opensees\win64\obj\material\release\concretes.obj
e:\ddr\rf_os_material_uniaxial_gage\opensees\win64\obj\material\release\capplasticity.obj
e:\ddr\rf_os_material_uniaxial_gage\opensees\win64\obj\material\release\boundingcamclayplanestrain.obj
e:\ddr\rf_os_material_uniaxial_gage\opensees\win64\obj\material\release\boundingcamclay3d.obj
e:\ddr\rf_os_material_uniaxial_gage\opensees\win64\obj\material\release\boundingcamclay.obj
e:\ddr\rf_os_material_uniaxial_gage\opensees\win64\obj\material\release\beamfibermaterial2d.obj
e:\ddr\rf_os_material_uniaxial_gage\opensees\win64\obj\material\release\trilinearbackbone.obj
e:\ddr\rf_os_material_uniaxial_gage\opensees\win64\obj\material\release\tclmodelbuilderbackbonecommand.obj
e:\ddr\rf_os_material_uniaxial_gage\opensees\win64\obj\material\release\reesestiffclaybelowws.obj
e:\ddr\rf_os_material_uniaxial_gage\opensees\win64\obj\material\release\reesesoftclaybackbone.obj
e:\ddr\rf_os_material_uniaxial_gage\opensees\win64\obj\material\release\reesesandbackbone.obj
e:\ddr\rf_os_material_uniaxial_gage\opensees\win64\obj\material\release\raynorbackbone.obj
e:\ddr\rf_os_material_uniaxial_gage\opensees\win64\obj\material\release\manderbackbone.obj
e:\ddr\rf_os_material_uniaxial_gage\opensees\win64\obj\material\release\hystereticbackbone.obj
e:\ddr\rf_os_material_uniaxial_gage\opensees\win64\obj\material\release\backbonematerial.obj
e:\ddr\rf_os_material_uniaxial_gage\opensees\win64\obj\material\release\arctangentbackbone.obj
e:\ddr\rf_os_material_uniaxial_gage\opensees\win64\obj\material\release\wrapperlimitcurve.obj
e:\ddr\rf_os_material_uniaxial_gage\opensees\win64\obj\material\release\threepointcurve.obj
e:\ddr\rf_os_material_uniaxial_gage\opensees\win64\obj\material\release\tcllimitstate.obj
e:\ddr\rf_os_material_uniaxial_gage\opensees\win64\obj\material\release\simplifiedj2.obj
e:\ddr\rf_os_material_uniaxial_gage\opensees\win64\obj\material\release\ndmaterial.obj
e:\ddr\rf_os_material_uniaxial_gage\opensees\win64\obj\material\release\manzaridafaliasplanestrain.obj
e:\ddr\rf_os_material_uniaxial_gage\opensees\win64\obj\material\release\manzaridafalias3d.obj
e:\ddr\rf_os_material_uniaxial_gage\opensees\win64\obj\material\release\manzaridafalias.obj
e:\ddr\rf_os_material_uniaxial_gage\opensees\win64\obj\material\release\initialstateanalysiswrapper.obj
e:\ddr\rf_os_material_uniaxial_gage\opensees\win64\obj\material\release\initstressndmaterial.obj
e:\ddr\rf_os_material_uniaxial_gage\opensees\win64\obj\material\release\elasticorthotropicthreedimensional.obj
e:\ddr\rf_os_material_uniaxial_gage\opensees\win64\obj\material\release\elasticorthotropicmaterial.obj
e:\ddr\rf_os_material_uniaxial_gage\opensees\win64\obj\material\release\elasticisotropicbeamfiber2d.obj
e:\ddr\rf_os_material_uniaxial_gage\opensees\win64\obj\material\release\druckerpragerplanestrain.obj
e:\ddr\rf_os_material_uniaxial_gage\opensees\win64\obj\material\release\druckerprager3d.obj
e:\ddr\rf_os_material_uniaxial_gage\opensees\win64\obj\material\release\druckerprager.obj
e:\ddr\rf_os_material_uniaxial_gage\opensees\win64\obj\material\release\cycliqcpspplanestrain.obj
e:\ddr\rf_os_material_uniaxial_gage\opensees\win64\obj\material\release\cycliqcpsp3d.obj
e:\ddr\rf_os_material_uniaxial_gage\opensees\win64\obj\material\release\cycliqcpsp.obj
e:\ddr\rf_os_material_uniaxial_gage\opensees\win64\obj\material\release\cycliqcpplanestrain.obj
e:\ddr\rf_os_material_uniaxial_gage\opensees\win64\obj\material\release\cycliqcp3d.obj
e:\ddr\rf_os_material_uniaxial_gage\opensees\win64\obj\material\release\cycliqcp.obj
e:\ddr\rf_os_material_uniaxial_gage\opensees\win64\obj\material\release\contactmaterial3d.obj
e:\ddr\rf_os_material_uniaxial_gage\opensees\win64\obj\material\release\pressuredependmultiyield.obj
e:\ddr\rf_os_material_uniaxial_gage\opensees\win64\obj\material\release\multiyieldsurfaceclay.obj
e:\ddr\rf_os_material_uniaxial_gage\opensees\win64\obj\material\release\multiyieldsurface.obj
e:\ddr\rf_os_material_uniaxial_gage\opensees\win64\obj\material\release\fluidsolidporousmaterial.obj
e:\ddr\rf_os_material_uniaxial_gage\opensees\win64\obj\material\release\j2threedimensional.obj
e:\ddr\rf_os_material_uniaxial_gage\opensees\win64\obj\material\release\j2platefiber.obj
e:\ddr\rf_os_material_uniaxial_gage\opensees\win64\obj\material\release\j2plasticity.obj
e:\ddr\rf_os_material_uniaxial_gage\opensees\win64\obj\material\release\j2planestress.obj
e:\ddr\rf_os_material_uniaxial_gage\opensees\win64\obj\material\release\j2planestrain.obj
e:\ddr\rf_os_material_uniaxial_gage\opensees\win64\obj\material\release\j2axisymm.obj
e:\ddr\rf_os_material_uniaxial_gage\opensees\win64\obj\material\release\pressuredependentelastic3d.obj
e:\ddr\rf_os_material_uniaxial_gage\opensees\win64\obj\material\release\elasticisotropicthreedimensional.obj
e:\ddr\rf_os_material_uniaxial_gage\opensees\win64\obj\material\release\elasticisotropicplatefiber.obj
e:\ddr\rf_os_material_uniaxial_gage\opensees\win64\obj\material\release\elasticisotropicplanestress2d.obj
e:\ddr\rf_os_material_uniaxial_gage\opensees\win64\obj\material\release\elasticisotropicplanestrain2d.obj
e:\ddr\rf_os_material_uniaxial_gage\opensees\win64\obj\material\release\elasticisotropicmaterial.obj
e:\ddr\rf_os_material_uniaxial_gage\opensees\win64\obj\material\release\elasticisotropicbeamfiber.obj
e:\ddr\rf_os_material_uniaxial_gage\opensees\win64\obj\material\release\elasticisotropicaxisymm.obj
e:\ddr\rf_os_material_uniaxial_gage\opensees\win64\obj\material\release\wrapperndmaterial.obj
e:\ddr\rf_os_material_uniaxial_gage\opensees\win64\obj\material\release\tclmodelbuilderndmaterialcommand.obj
e:\ddr\rf_os_material_uniaxial_gage\opensees\win64\obj\material\release\fafoursteelpcplanestress.obj
e:\ddr\rf_os_material_uniaxial_gage\opensees\win64\obj\material\release\concretez01.obj
e:\ddr\rf_os_material_uniaxial_gage\opensees\win64\obj\material\release\concretel01.obj
e:\ddr\rf_os_material_uniaxial_gage\opensees\win64\obj\material\release\multiaxialcyclicplasticityplanestrain.obj
e:\ddr\rf_os_material_uniaxial_gage\opensees\win64\obj\material\release\multiaxialcyclicplasticityaxisymm.obj
e:\ddr\rf_os_material_uniaxial_gage\opensees\win64\obj\material\release\multiaxialcyclicplasticity3d.obj
e:\ddr\rf_os_material_uniaxial_gage\opensees\win64\obj\material\release\multiaxialcyclicplasticity.obj
e:\ddr\rf_os_material_uniaxial_gage\opensees\win64\obj\material\release\tclfeapmaterialcommand.obj
e:\ddr\rf_os_material_uniaxial_gage\opensees\win64\obj\material\release\feapmaterial03.obj
e:\ddr\rf_os_material_uniaxial_gage\opensees\win64\obj\material\release\feapmaterial02.obj
e:\ddr\rf_os_material_uniaxial_gage\opensees\win64\obj\material\release\feapmaterial01.obj
e:\ddr\rf_os_material_uniaxial_gage\opensees\win64\obj\material\release\feapmaterial.obj
e:\ddr\rf_os_material_uniaxial_gage\opensees\win64\obj\material\release\platefibermaterial.obj
e:\ddr\rf_os_material_uniaxial_gage\opensees\win64\obj\material\release\planestressmaterial.obj
e:\ddr\rf_os_material_uniaxial_gage\opensees\win64\obj\material\release\planestrainmaterial.obj
e:\ddr\rf_os_material_uniaxial_gage\opensees\win64\obj\material\release\beamfibermaterial.obj
e:\ddr\rf_os_material_uniaxial_gage\opensees\win64\obj\material\release\tclupdatematerialstagecommand.obj
e:\ddr\rf_os_material_uniaxial_gage\opensees\win64\obj\material\release\t2vector.obj
e:\ddr\rf_os_material_uniaxial_gage\opensees\win64\obj\material\release\pressureindependmultiyield.obj
e:\ddr\rf_os_material_uniaxial_gage\opensees\win64\obj\material\release\pressuredependmultiyield02.obj
e:\ddr\rf_os_material_uniaxial_gage\opensees\win64\obj\material\release\fibersection3d.obj
e:\ddr\rf_os_material_uniaxial_gage\opensees\win64\obj\material\release\fibersection2dthermal.obj
e:\ddr\rf_os_material_uniaxial_gage\opensees\win64\obj\material\release\fibersection2d.obj
e:\ddr\rf_os_material_uniaxial_gage\opensees\win64\obj\material\release\elastictubesection3d.obj
e:\ddr\rf_os_material_uniaxial_gage\opensees\win64\obj\material\release\elasticshearsection3d.obj
e:\ddr\rf_os_material_uniaxial_gage\opensees\win64\obj\material\release\elasticshearsection2d.obj
e:\ddr\rf_os_material_uniaxial_gage\opensees\win64\obj\material\release\elasticsection3d.obj
e:\ddr\rf_os_material_uniaxial_gage\opensees\win64\obj\material\release\elasticsection2d.obj
e:\ddr\rf_os_material_uniaxial_gage\opensees\win64\obj\material\release\elasticplatesection.obj
e:\ddr\rf_os_material_uniaxial_gage\opensees\win64\obj\material\release\elasticmembraneplatesection.obj
e:\ddr\rf_os_material_uniaxial_gage\opensees\win64\obj\material\release\bidirectional.obj
e:\ddr\rf_os_material_uniaxial_gage\opensees\win64\obj\material\release\tendonl01.obj
e:\ddr\rf_os_material_uniaxial_gage\opensees\win64\obj\material\release\steelz01.obj
e:\ddr\rf_os_material_uniaxial_gage\opensees\win64\obj\material\release\reinforcedconcreteplanestress.obj
e:\ddr\rf_os_material_uniaxial_gage\opensees\win64\obj\material\release\rafoursteelrcplanestress.obj
e:\ddr\rf_os_material_uniaxial_gage\opensees\win64\obj\material\release\rafoursteelpcplanestress.obj
e:\ddr\rf_os_material_uniaxial_gage\opensees\win64\obj\material\release\prestressedconcreteplanestress.obj
e:\ddr\rf_os_material_uniaxial_gage\opensees\win64\obj\material\release\fareinforcedconcreteplanestress.obj
e:\ddr\rf_os_material_uniaxial_gage\opensees\win64\obj\material\release\faprestressedconcreteplanestress.obj
e:\ddr\rf_os_material_uniaxial_gage\opensees\win64\obj\material\release\fafoursteelrcplanestress.obj
e:\ddr\rf_os_material_uniaxial_gage\opensees\win64\obj\material\release\reinfbar.obj
e:\ddr\rf_os_material_uniaxial_gage\opensees\win64\obj\material\release\quadpatch.obj
e:\ddr\rf_os_material_uniaxial_gage\opensees\win64\obj\material\release\patch.obj
e:\ddr\rf_os_material_uniaxial_gage\opensees\win64\obj\material\release\circpatch.obj
e:\ddr\rf_os_material_uniaxial_gage\opensees\win64\obj\material\release\quadcell.obj
e:\ddr\rf_os_material_uniaxial_gage\opensees\win64\obj\material\release\circsectioncell.obj
e:\ddr\rf_os_material_uniaxial_gage\opensees\win64\obj\material\release\cell.obj
e:\ddr\rf_os_material_uniaxial_gage\opensees\win64\obj\material\release\tclmodelbuildersectioncommand.obj
e:\ddr\rf_os_material_uniaxial_gage\opensees\win64\obj\material\release\sectionforcedeformation.obj
e:\ddr\rf_os_material_uniaxial_gage\opensees\win64\obj\material\release\sectionaggregator.obj
e:\ddr\rf_os_material_uniaxial_gage\opensees\win64\obj\material\release\parallelsection.obj
e:\ddr\rf_os_material_uniaxial_gage\opensees\win64\obj\material\release\ndfibersection3d.obj
e:\ddr\rf_os_material_uniaxial_gage\opensees\win64\obj\material\release\ndfibersection2d.obj
e:\ddr\rf_os_material_uniaxial_gage\opensees\win64\obj\material\release\ndfiber3d.obj
e:\ddr\rf_os_material_uniaxial_gage\opensees\win64\obj\material\release\ndfiber2d.obj
e:\ddr\rf_os_material_uniaxial_gage\opensees\win64\obj\material\release\membraneplatefibersection.obj
e:\ddr\rf_os_material_uniaxial_gage\opensees\win64\obj\material\release\layeredshellfibersection.obj
e:\ddr\rf_os_material_uniaxial_gage\opensees\win64\obj\material\release\isolator2spring.obj
e:\ddr\rf_os_material_uniaxial_gage\opensees\win64\obj\material\release\genericsection1d.obj
e:\ddr\rf_os_material_uniaxial_gage\opensees\win64\obj\material\release\fibersectiongj.obj
e:\ddr\rf_os_material_uniaxial_gage\opensees\win64\obj\material\release\eltawil2dunsym.obj
e:\ddr\rf_os_material_uniaxial_gage\opensees\win64\obj\material\release\eltawil2d.obj
e:\ddr\rf_os_material_uniaxial_gage\opensees\win64\obj\material\release\attalla2d.obj
e:\ddr\rf_os_material_uniaxial_gage\opensees\win64\obj\material\release\soilfootingsection2d.obj
e:\ddr\rf_os_material_uniaxial_gage\opensees\win64\obj\material\release\wideflangesectionintegration.obj
e:\ddr\rf_os_material_uniaxial_gage\opensees\win64\obj\material\release\sectionintegration.obj
e:\ddr\rf_os_material_uniaxial_gage\opensees\win64\obj\material\release\rctbeamsectionintegration.obj
e:\ddr\rf_os_material_uniaxial_gage\opensees\win64\obj\material\release\rcsectionintegration.obj
e:\ddr\rf_os_material_uniaxial_gage\opensees\win64\obj\material\release\yieldsurfacesection2d.obj
e:\ddr\rf_os_material_uniaxial_gage\opensees\win64\obj\material\release\ys_section2d02.obj
e:\ddr\rf_os_material_uniaxial_gage\opensees\win64\obj\material\release\ys_section2d01.obj
e:\ddr\rf_os_material_uniaxial_gage\opensees\win64\obj\material\release\tclmodelbuilderys_sectioncommand.obj
e:\ddr\rf_os_material_uniaxial_gage\opensees\win64\obj\material\release\uniaxialfiber3d.obj
e:\ddr\rf_os_material_uniaxial_gage\opensees\win64\obj\material\release\uniaxialfiber2d.obj
e:\ddr\rf_os_material_uniaxial_gage\opensees\win64\obj\material\release\fiber.obj
e:\ddr\rf_os_material_uniaxial_gage\opensees\win64\obj\material\release\sectionrepres.obj
e:\ddr\rf_os_material_uniaxial_gage\opensees\win64\obj\material\release\fibersectionrepr.obj
e:\ddr\rf_os_material_uniaxial_gage\opensees\win64\obj\material\release\straightreinflayer.obj
e:\ddr\rf_os_material_uniaxial_gage\opensees\win64\obj\material\release\reinflayer.obj
e:\ddr\rf_os_material_uniaxial_gage\opensees\win64\obj\material\release\circreinflayer.obj
e:\ddr\rf_os_material_uniaxial_gage\opensees\win64\obj\material\release\ys_evolution2d.obj
e:\ddr\rf_os_material_uniaxial_gage\opensees\win64\obj\material\release\ys_evolution.obj
e:\ddr\rf_os_material_uniaxial_gage\opensees\win64\obj\material\release\tclmodelbuilderys_evolutioncommand.obj
e:\ddr\rf_os_material_uniaxial_gage\opensees\win64\obj\material\release\plastichardening2d.obj
e:\ddr\rf_os_material_uniaxial_gage\opensees\win64\obj\material\release\peakoriented2d02.obj
e:\ddr\rf_os_material_uniaxial_gage\opensees\win64\obj\material\release\peakoriented2d01.obj
e:\ddr\rf_os_material_uniaxial_gage\opensees\win64\obj\material\release\nullevolution.obj
e:\ddr\rf_os_material_uniaxial_gage\opensees\win64\obj\material\release\kinematic2d02.obj
e:\ddr\rf_os_material_uniaxial_gage\opensees\win64\obj\material\release\kinematic2d01.obj
e:\ddr\rf_os_material_uniaxial_gage\opensees\win64\obj\material\release\isotropic2d01.obj
e:\ddr\rf_os_material_uniaxial_gage\opensees\win64\obj\material\release\combinedisokin2d02.obj
e:\ddr\rf_os_material_uniaxial_gage\opensees\win64\obj\material\release\combinedisokin2d01.obj
e:\ddr\rf_os_material_uniaxial_gage\opensees\win64\obj\material\release\boundingsurface2d.obj
e:\ddr\rf_os_material_uniaxial_gage\opensees\win64\obj\material\release\bkstresslimsurface2d.obj
e:\ddr\rf_os_material_uniaxial_gage\opensees\win64\obj\material\release\yieldsurface_bc2d.obj
e:\ddr\rf_os_material_uniaxial_gage\opensees\win64\obj\material\release\yieldsurface_bc.obj
e:\ddr\rf_os_material_uniaxial_gage\opensees\win64\obj\material\release\tclmodelbuilderyieldsurfacebccommand.obj
e:\ddr\rf_os_material_uniaxial_gage\opensees\win64\obj\material\release\orbison2d.obj
e:\ddr\rf_os_material_uniaxial_gage\opensees\win64\obj\material\release\nullys2d.obj
e:\ddr\rf_os_material_uniaxial_gage\opensees\win64\obj\material\release\hajjar2d.obj
e:\ddr\rf_os_material_uniaxial_gage\opensees\win64\obj\material\release\material.obj
e:\ddr\rf_os_material_uniaxial_gage\opensees\win64\obj\material\release\tclmodelbuilderysplasticmaterialcommand.obj
e:\ddr\rf_os_material_uniaxial_gage\opensees\win64\obj\material\release\plastichardeningmaterial.obj
e:\ddr\rf_os_material_uniaxial_gage\opensees\win64\obj\material\release\nullplasticmaterial.obj
e:\ddr\rf_os_material_uniaxial_gage\opensees\win64\obj\material\release\multilinearkp.obj
e:\ddr\rf_os_material_uniaxial_gage\opensees\win64\obj\material\release\exponreducing.obj
e:\ddr\rf_os_material_uniaxial_gage\opensees\win64\obj\material\release\pd1.obj
e:\ddr\rf_os_material_uniaxial_gage\opensees\win64\lib\release\material.lib
e:\ddr\rf_os_material_newbam\opensees\win64\obj\material\release\acousticmedium.obj
e:\ddr\rf_os_material_newbam\opensees\win64\obj\material\release\arctangentbackbone.obj
e:\ddr\rf_os_material_newbam\opensees\win64\obj\material\release\attalla2d.obj
e:\ddr\rf_os_material_newbam\opensees\win64\obj\material\release\axialcurve.obj
e:\ddr\rf_os_material_newbam\opensees\win64\obj\material\release\axialsp.obj
e:\ddr\rf_os_material_newbam\opensees\win64\obj\material\release\axialsphd.obj
e:\ddr\rf_os_material_newbam\opensees\win64\obj\material\release\backbonematerial.obj
e:\ddr\rf_os_material_newbam\opensees\win64\obj\material\release\barslipmaterial.obj
e:\ddr\rf_os_material_newbam\opensees\win64\obj\material\release\beamfibermaterial.obj
e:\ddr\rf_os_material_newbam\opensees\win64\obj\material\release\beamfibermaterial2d.obj
e:\ddr\rf_os_material_newbam\opensees\win64\obj\material\release\bidirectional.obj
e:\ddr\rf_os_material_newbam\opensees\win64\obj\material\release\bilin.obj
e:\ddr\rf_os_material_newbam\opensees\win64\obj\material\release\bilin02.obj
e:\ddr\rf_os_material_newbam\opensees\win64\obj\material\release\bilinear.obj
e:\ddr\rf_os_material_newbam\opensees\win64\obj\material\release\bilinearoildamper.obj
e:\ddr\rf_os_material_newbam\opensees\win64\obj\material\release\bkstresslimsurface2d.obj
e:\ddr\rf_os_material_newbam\opensees\win64\obj\material\release\bond_sp01.obj
e:\ddr\rf_os_material_newbam\opensees\win64\obj\material\release\boucwenmaterial.obj
e:\ddr\rf_os_material_newbam\opensees\win64\obj\material\release\boucwenoriginal.obj
e:\ddr\rf_os_material_newbam\opensees\win64\obj\material\release\boundingcamclay.obj
e:\ddr\rf_os_material_newbam\opensees\win64\obj\material\release\boundingcamclay3d.obj
e:\ddr\rf_os_material_newbam\opensees\win64\obj\material\release\boundingcamclayplanestrain.obj
e:\ddr\rf_os_material_newbam\opensees\win64\obj\material\release\boundingsurface2d.obj
e:\ddr\rf_os_material_newbam\opensees\win64\obj\material\release\bwbn.obj
e:\ddr\rf_os_material_newbam\opensees\win64\obj\material\release\cablematerial.obj
e:\ddr\rf_os_material_newbam\opensees\win64\obj\material\release\capplasticity.obj
e:\ddr\rf_os_material_newbam\opensees\win64\obj\material\release\cast.obj
e:\ddr\rf_os_material_newbam\opensees\win64\obj\material\release\cell.obj
e:\ddr\rf_os_material_newbam\opensees\win64\obj\material\release\cfssswp.obj
e:\ddr\rf_os_material_newbam\opensees\win64\obj\material\release\cfswswp.obj
e:\ddr\rf_os_material_newbam\opensees\win64\obj\material\release\circpatch.obj
e:\ddr\rf_os_material_newbam\opensees\win64\obj\material\release\circreinflayer.obj
e:\ddr\rf_os_material_newbam\opensees\win64\obj\material\release\circsectioncell.obj
e:\ddr\rf_os_material_newbam\opensees\win64\obj\material\release\clough.obj
e:\ddr\rf_os_material_newbam\opensees\win64\obj\material\release\cloughdamage.obj
e:\ddr\rf_os_material_newbam\opensees\win64\obj\material\release\cloughhenry.obj
e:\ddr\rf_os_material_newbam\opensees\win64\obj\material\release\combinedisokin2d01.obj
e:\ddr\rf_os_material_newbam\opensees\win64\obj\material\release\combinedisokin2d02.obj
e:\ddr\rf_os_material_newbam\opensees\win64\obj\material\release\concrete01.obj
e:\ddr\rf_os_material_newbam\opensees\win64\obj\material\release\concrete01withsitc.obj
e:\ddr\rf_os_material_newbam\opensees\win64\obj\material\release\concrete02.obj
e:\ddr\rf_os_material_newbam\opensees\win64\obj\material\release\concrete02thermal.obj
e:\ddr\rf_os_material_newbam\opensees\win64\obj\material\release\concrete04.obj
e:\ddr\rf_os_material_newbam\opensees\win64\obj\material\release\concrete06.obj
e:\ddr\rf_os_material_newbam\opensees\win64\obj\material\release\concrete07.obj
e:\ddr\rf_os_material_newbam\opensees\win64\obj\material\release\concretecm.obj
e:\ddr\rf_os_material_newbam\opensees\win64\obj\material\release\concreted.obj
e:\ddr\rf_os_material_newbam\opensees\win64\obj\material\release\concreteecthermal.obj
e:\ddr\rf_os_material_newbam\opensees\win64\obj\material\release\concretel01.obj
e:\ddr\rf_os_material_newbam\opensees\win64\obj\material\release\concretes.obj
e:\ddr\rf_os_material_newbam\opensees\win64\obj\material\release\concretesakaikawashima.obj
e:\ddr\rf_os_material_newbam\opensees\win64\obj\material\release\concretewbeta.obj
e:\ddr\rf_os_material_newbam\opensees\win64\obj\material\release\concretez01.obj
e:\ddr\rf_os_material_newbam\opensees\win64\obj\material\release\confinedconcrete01.obj
e:\ddr\rf_os_material_newbam\opensees\win64\obj\material\release\contactmaterial2d.obj
e:\ddr\rf_os_material_newbam\opensees\win64\obj\material\release\contactmaterial3d.obj
e:\ddr\rf_os_material_newbam\opensees\win64\obj\material\release\cubicspline.obj
e:\ddr\rf_os_material_newbam\opensees\win64\obj\material\release\cycliqcp.obj
e:\ddr\rf_os_material_newbam\opensees\win64\obj\material\release\cycliqcp3d.obj
e:\ddr\rf_os_material_newbam\opensees\win64\obj\material\release\cycliqcpplanestrain.obj
e:\ddr\rf_os_material_newbam\opensees\win64\obj\material\release\cycliqcpsp.obj
e:\ddr\rf_os_material_newbam\opensees\win64\obj\material\release\cycliqcpsp3d.obj
e:\ddr\rf_os_material_newbam\opensees\win64\obj\material\release\cycliqcpspplanestrain.obj
e:\ddr\rf_os_material_newbam\opensees\win64\obj\material\release\dampermaterial.obj
e:\ddr\rf_os_material_newbam\opensees\win64\obj\material\release\dodd_restrepo.obj
e:\ddr\rf_os_material_newbam\opensees\win64\obj\material\release\drainbilinearmaterial.obj
e:\ddr\rf_os_material_newbam\opensees\win64\obj\material\release\drainclough1material.obj
e:\ddr\rf_os_material_newbam\opensees\win64\obj\material\release\drainclough2material.obj
e:\ddr\rf_os_material_newbam\opensees\win64\obj\material\release\drainhardeningmaterial.obj
e:\ddr\rf_os_material_newbam\opensees\win64\obj\material\release\drainmaterial.obj
e:\ddr\rf_os_material_newbam\opensees\win64\obj\material\release\drainpinch1material.obj
e:\ddr\rf_os_material_newbam\opensees\win64\obj\material\release\druckerprager.obj
e:\ddr\rf_os_material_newbam\opensees\win64\obj\material\release\druckerprager3d.obj
e:\ddr\rf_os_material_newbam\opensees\win64\obj\material\release\druckerprager3dthermal.obj
e:\ddr\rf_os_material_newbam\opensees\win64\obj\material\release\druckerpragerplanestrain.obj
e:\ddr\rf_os_material_newbam\opensees\win64\obj\material\release\druckerpragerthermal.obj
e:\ddr\rf_os_material_newbam\opensees\win64\obj\material\release\ductilefracture.obj
e:\ddr\rf_os_material_newbam\opensees\win64\obj\material\release\ecc01.obj
e:\ddr\rf_os_material_newbam\opensees\win64\obj\material\release\elastic2material.obj
e:\ddr\rf_os_material_newbam\opensees\win64\obj\material\release\elasticbilin.obj
e:\ddr\rf_os_material_newbam\opensees\win64\obj\material\release\elasticisotropic3dthermal.obj
e:\ddr\rf_os_material_newbam\opensees\win64\obj\material\release\elasticisotropicaxisymm.obj
e:\ddr\rf_os_material_newbam\opensees\win64\obj\material\release\elasticisotropicbeamfiber.obj
e:\ddr\rf_os_material_newbam\opensees\win64\obj\material\release\elasticisotropicbeamfiber2d.obj
e:\ddr\rf_os_material_newbam\opensees\win64\obj\material\release\elasticisotropicmaterial.obj
e:\ddr\rf_os_material_newbam\opensees\win64\obj\material\release\elasticisotropicmaterialthermal.obj
e:\ddr\rf_os_material_newbam\opensees\win64\obj\material\release\elasticisotropicplanestrain2d.obj
e:\ddr\rf_os_material_newbam\opensees\win64\obj\material\release\elasticisotropicplanestress2d.obj
e:\ddr\rf_os_material_newbam\opensees\win64\obj\material\release\elasticisotropicplatefiber.obj
e:\ddr\rf_os_material_newbam\opensees\win64\obj\material\release\elasticisotropicthreedimensional.obj
e:\ddr\rf_os_material_newbam\opensees\win64\obj\material\release\elasticmaterial.obj
e:\ddr\rf_os_material_newbam\opensees\win64\obj\material\release\elasticmaterialthermal.obj
e:\ddr\rf_os_material_newbam\opensees\win64\obj\material\release\elasticmembraneplatesection.obj
e:\ddr\rf_os_material_newbam\opensees\win64\obj\material\release\elasticmultilinear.obj
e:\ddr\rf_os_material_newbam\opensees\win64\obj\material\release\elasticorthotropicmaterial.obj
e:\ddr\rf_os_material_newbam\opensees\win64\obj\material\release\elasticorthotropicthreedimensional.obj
e:\ddr\rf_os_material_newbam\opensees\win64\obj\material\release\elasticplatesection.obj
e:\ddr\rf_os_material_newbam\opensees\win64\obj\material\release\elasticppmaterial.obj
e:\ddr\rf_os_material_newbam\opensees\win64\obj\material\release\elasticsection2d.obj
e:\ddr\rf_os_material_newbam\opensees\win64\obj\material\release\elasticsection3d.obj
e:\ddr\rf_os_material_newbam\opensees\win64\obj\material\release\elasticshearsection2d.obj
e:\ddr\rf_os_material_newbam\opensees\win64\obj\material\release\elasticshearsection3d.obj
e:\ddr\rf_os_material_newbam\opensees\win64\obj\material\release\elastictubesection3d.obj
e:\ddr\rf_os_material_newbam\opensees\win64\obj\material\release\elasticwarpingshearsection2d.obj
e:\ddr\rf_os_material_newbam\opensees\win64\obj\material\release\elliptical2.obj
e:\ddr\rf_os_material_newbam\opensees\win64\obj\material\release\eltawil2d.obj
e:\ddr\rf_os_material_newbam\opensees\win64\obj\material\release\eltawil2dunsym.obj
e:\ddr\rf_os_material_newbam\opensees\win64\obj\material\release\entmaterial.obj
e:\ddr\rf_os_material_newbam\opensees\win64\obj\material\release\eppgapmaterial.obj
e:\ddr\rf_os_material_newbam\opensees\win64\obj\material\release\exponreducing.obj
e:\ddr\rf_os_material_newbam\opensees\win64\obj\material\release\fafoursteelpcplanestress.obj
e:\ddr\rf_os_material_newbam\opensees\win64\obj\material\release\fafoursteelrcplanestress.obj
e:\ddr\rf_os_material_newbam\opensees\win64\obj\material\release\faprestressedconcreteplanestress.obj
e:\ddr\rf_os_material_newbam\opensees\win64\obj\material\release\fareinforcedconcreteplanestress.obj
e:\ddr\rf_os_material_newbam\opensees\win64\obj\material\release\fatiguematerial.obj
e:\ddr\rf_os_material_newbam\opensees\win64\obj\material\release\feapmaterial.obj
e:\ddr\rf_os_material_newbam\opensees\win64\obj\material\release\feapmaterial01.obj
e:\ddr\rf_os_material_newbam\opensees\win64\obj\material\release\feapmaterial02.obj
e:\ddr\rf_os_material_newbam\opensees\win64\obj\material\release\feapmaterial03.obj
e:\ddr\rf_os_material_newbam\opensees\win64\obj\material\release\fedeasbond1material.obj
e:\ddr\rf_os_material_newbam\opensees\win64\obj\material\release\fedeasbond2material.obj
e:\ddr\rf_os_material_newbam\opensees\win64\obj\material\release\fedeasconcr1material.obj
e:\ddr\rf_os_material_newbam\opensees\win64\obj\material\release\fedeasconcr2material.obj
e:\ddr\rf_os_material_newbam\opensees\win64\obj\material\release\fedeasconcr3material.obj
e:\ddr\rf_os_material_newbam\opensees\win64\obj\material\release\fedeashardeningmaterial.obj
e:\ddr\rf_os_material_newbam\opensees\win64\obj\material\release\fedeashyster1material.obj
e:\ddr\rf_os_material_newbam\opensees\win64\obj\material\release\fedeashyster2material.obj
e:\ddr\rf_os_material_newbam\opensees\win64\obj\material\release\fedeasmaterial.obj
e:\ddr\rf_os_material_newbam\opensees\win64\obj\material\release\fedeassteel1material.obj
e:\ddr\rf_os_material_newbam\opensees\win64\obj\material\release\fedeassteel2material.obj
e:\ddr\rf_os_material_newbam\opensees\win64\obj\material\release\fiber.obj
e:\ddr\rf_os_material_newbam\opensees\win64\obj\material\release\fibersection2d.obj
e:\ddr\rf_os_material_newbam\opensees\win64\obj\material\release\fibersection2dthermal.obj
e:\ddr\rf_os_material_newbam\opensees\win64\obj\material\release\fibersection3d.obj
e:\ddr\rf_os_material_newbam\opensees\win64\obj\material\release\fibersection3dthermal.obj
e:\ddr\rf_os_material_newbam\opensees\win64\obj\material\release\fibersectiongj.obj
e:\ddr\rf_os_material_newbam\opensees\win64\obj\material\release\fibersectiongjthermal.obj
e:\ddr\rf_os_material_newbam\opensees\win64\obj\material\release\fibersectionrepr.obj
e:\ddr\rf_os_material_newbam\opensees\win64\obj\material\release\fluidsolidporousmaterial.obj
e:\ddr\rf_os_material_newbam\opensees\win64\obj\material\release\frpconfinedconcrete.obj
e:\ddr\rf_os_material_newbam\opensees\win64\obj\material\release\frpconfinedconcrete02.obj
e:\ddr\rf_os_material_newbam\opensees\win64\obj\material\release\fsam.obj
e:\ddr\rf_os_material_newbam\opensees\win64\obj\material\release\genericsection1d.obj
e:\ddr\rf_os_material_newbam\opensees\win64\obj\material\release\hajjar2d.obj
e:\ddr\rf_os_material_newbam\opensees\win64\obj\material\release\hardeningmaterial.obj
e:\ddr\rf_os_material_newbam\opensees\win64\obj\material\release\hookgap.obj
e:\ddr\rf_os_material_newbam\opensees\win64\obj\material\release\hyperbolicgapmaterial.obj
e:\ddr\rf_os_material_newbam\opensees\win64\obj\material\release\hystereticbackbone.obj
e:\ddr\rf_os_material_newbam\opensees\win64\obj\material\release\hystereticmaterial.obj
e:\ddr\rf_os_material_newbam\opensees\win64\obj\material\release\impactmaterial.obj
e:\ddr\rf_os_material_newbam\opensees\win64\obj\material\release\initialstateanalysiswrapper.obj
e:\ddr\rf_os_material_newbam\opensees\win64\obj\material\release\initstrainmaterial.obj
e:\ddr\rf_os_material_newbam\opensees\win64\obj\material\release\initstressmaterial.obj
e:\ddr\rf_os_material_newbam\opensees\win64\obj\material\release\initstressndmaterial.obj
e:\ddr\rf_os_material_newbam\opensees\win64\obj\material\release\isolator2spring.obj
e:\ddr\rf_os_material_newbam\opensees\win64\obj\material\release\isotropic2d01.obj
e:\ddr\rf_os_material_newbam\opensees\win64\obj\material\release\j2axisymm.obj
e:\ddr\rf_os_material_newbam\opensees\win64\obj\material\release\j2beamfiber2d.obj
e:\ddr\rf_os_material_newbam\opensees\win64\obj\material\release\j2beamfiber3d.obj
e:\ddr\rf_os_material_newbam\opensees\win64\obj\material\release\j2cyclicboundingsurface.obj
e:\ddr\rf_os_material_newbam\opensees\win64\obj\material\release\j2planestrain.obj
e:\ddr\rf_os_material_newbam\opensees\win64\obj\material\release\j2planestress.obj
e:\ddr\rf_os_material_newbam\opensees\win64\obj\material\release\j2plasticity.obj
e:\ddr\rf_os_material_newbam\opensees\win64\obj\material\release\j2plasticitythermal.obj
e:\ddr\rf_os_material_newbam\opensees\win64\obj\material\release\j2platefiber.obj
e:\ddr\rf_os_material_newbam\opensees\win64\obj\material\release\j2platefibre.obj
e:\ddr\rf_os_material_newbam\opensees\win64\obj\material\release\j2threedimensional.obj
e:\ddr\rf_os_material_newbam\opensees\win64\obj\material\release\j2threedimensionalthermal.obj
e:\ddr\rf_os_material_newbam\opensees\win64\obj\material\release\kikuchiaikenhdr.obj
e:\ddr\rf_os_material_newbam\opensees\win64\obj\material\release\kikuchiaikenlrb.obj
e:\ddr\rf_os_material_newbam\opensees\win64\obj\material\release\kinematic2d01.obj
e:\ddr\rf_os_material_newbam\opensees\win64\obj\material\release\kinematic2d02.obj
e:\ddr\rf_os_material_newbam\opensees\win64\obj\material\release\layeredshellfibersection.obj
e:\ddr\rf_os_material_newbam\opensees\win64\obj\material\release\layeredshellfibersectionthermal.obj
e:\ddr\rf_os_material_newbam\opensees\win64\obj\material\release\limitcurve.obj
e:\ddr\rf_os_material_newbam\opensees\win64\obj\material\release\limitstatematerial.obj
e:\ddr\rf_os_material_newbam\opensees\win64\obj\material\release\linearcap.obj
e:\ddr\rf_os_material_newbam\opensees\win64\obj\material\release\manderbackbone.obj
e:\ddr\rf_os_material_newbam\opensees\win64\obj\material\release\manzaridafalias.obj
e:\ddr\rf_os_material_newbam\opensees\win64\obj\material\release\manzaridafalias3d.obj
e:\ddr\rf_os_material_newbam\opensees\win64\obj\material\release\manzaridafalias3dro.obj
e:\ddr\rf_os_material_newbam\opensees\win64\obj\material\release\manzaridafaliasplanestrain.obj
e:\ddr\rf_os_material_newbam\opensees\win64\obj\material\release\manzaridafaliasplanestrainro.obj
e:\ddr\rf_os_material_newbam\opensees\win64\obj\material\release\manzaridafaliasro.obj
e:\ddr\rf_os_material_newbam\opensees\win64\obj\material\release\material.obj
e:\ddr\rf_os_material_newbam\opensees\win64\obj\material\release\materialcmm.obj
e:\ddr\rf_os_material_newbam\opensees\win64\obj\material\release\maxwell.obj
e:\ddr\rf_os_material_newbam\opensees\win64\obj\material\release\membraneplatefibersection.obj
e:\ddr\rf_os_material_newbam\opensees\win64\obj\material\release\membraneplatefibersectionthermal.obj
e:\ddr\rf_os_material_newbam\opensees\win64\obj\material\release\minmaxmaterial.obj
e:\ddr\rf_os_material_newbam\opensees\win64\obj\material\release\modimkpeakoriented.obj
e:\ddr\rf_os_material_newbam\opensees\win64\obj\material\release\modimkpeakoriented02.obj
e:\ddr\rf_os_material_newbam\opensees\win64\obj\material\release\modimkpinching.obj
e:\ddr\rf_os_material_newbam\opensees\win64\obj\material\release\modimkpinching02.obj
e:\ddr\rf_os_material_newbam\opensees\win64\obj\material\release\multiaxialcyclicplasticity.obj
e:\ddr\rf_os_material_newbam\opensees\win64\obj\material\release\multiaxialcyclicplasticity3d.obj
e:\ddr\rf_os_material_newbam\opensees\win64\obj\material\release\multiaxialcyclicplasticityaxisymm.obj
e:\ddr\rf_os_material_newbam\opensees\win64\obj\material\release\multiaxialcyclicplasticityplanestrain.obj
e:\ddr\rf_os_material_newbam\opensees\win64\obj\material\release\multilinear.obj
e:\ddr\rf_os_material_newbam\opensees\win64\obj\material\release\multilinearkp.obj
e:\ddr\rf_os_material_newbam\opensees\win64\obj\material\release\multiyieldsurface.obj
e:\ddr\rf_os_material_newbam\opensees\win64\obj\material\release\multiyieldsurfaceclay.obj
e:\ddr\rf_os_material_newbam\opensees\win64\obj\material\release\ndfiber2d.obj
e:\ddr\rf_os_material_newbam\opensees\win64\obj\material\release\ndfiber3d.obj
e:\ddr\rf_os_material_newbam\opensees\win64\obj\material\release\ndfibersection2d.obj
e:\ddr\rf_os_material_newbam\opensees\win64\obj\material\release\ndfibersection3d.obj
e:\ddr\rf_os_material_newbam\opensees\win64\obj\material\release\ndfibersectionwarping2d.obj
e:\ddr\rf_os_material_newbam\opensees\win64\obj\material\release\ndmaterial.obj
e:\ddr\rf_os_material_newbam\opensees\win64\obj\material\release\newuniaxialmaterial.obj
e:\ddr\rf_os_material_newbam\opensees\win64\obj\material\release\nullevolution.obj
e:\ddr\rf_os_material_newbam\opensees\win64\obj\material\release\nullplasticmaterial.obj
e:\ddr\rf_os_material_newbam\opensees\win64\obj\material\release\nullys2d.obj
e:\ddr\rf_os_material_newbam\opensees\win64\obj\material\release\orbison2d.obj
e:\ddr\rf_os_material_newbam\opensees\win64\obj\material\release\origincentered.obj
e:\ddr\rf_os_material_newbam\opensees\win64\obj\material\release\parallelmaterial.obj
e:\ddr\rf_os_material_newbam\opensees\win64\obj\material\release\parallelsection.obj
e:\ddr\rf_os_material_newbam\opensees\win64\obj\material\release\patch.obj
e:\ddr\rf_os_material_newbam\opensees\win64\obj\material\release\pathindependentmaterial.obj
e:\ddr\rf_os_material_newbam\opensees\win64\obj\material\release\pd1.obj
e:\ddr\rf_os_material_newbam\opensees\win64\obj\material\release\peakoriented2d01.obj
e:\ddr\rf_os_material_newbam\opensees\win64\obj\material\release\peakoriented2d02.obj
e:\ddr\rf_os_material_newbam\opensees\win64\obj\material\release\pinching.obj
e:\ddr\rf_os_material_newbam\opensees\win64\obj\material\release\pinching4material.obj
e:\ddr\rf_os_material_newbam\opensees\win64\obj\material\release\pinchingdamage.obj
e:\ddr\rf_os_material_newbam\opensees\win64\obj\material\release\pinchinglimitstatematerial.obj
e:\ddr\rf_os_material_newbam\opensees\win64\obj\material\release\planestrainmaterial.obj
e:\ddr\rf_os_material_newbam\opensees\win64\obj\material\release\planestresslayeredmaterial.obj
e:\ddr\rf_os_material_newbam\opensees\win64\obj\material\release\planestressmaterial.obj
e:\ddr\rf_os_material_newbam\opensees\win64\obj\material\release\planestressrebarmaterial.obj
e:\ddr\rf_os_material_newbam\opensees\win64\obj\material\release\planestresssimplifiedj2.obj
e:\ddr\rf_os_material_newbam\opensees\win64\obj\material\release\planestressusermaterial.obj
e:\ddr\rf_os_material_newbam\opensees\win64\obj\material\release\plasticdamageconcrete3d.obj
e:\ddr\rf_os_material_newbam\opensees\win64\obj\material\release\plasticdamageconcreteplanestress.obj
e:\ddr\rf_os_material_newbam\opensees\win64\obj\material\release\plasticdamagematerial.obj
e:\ddr\rf_os_material_newbam\opensees\win64\obj\material\release\plastichardening2d.obj
e:\ddr\rf_os_material_newbam\opensees\win64\obj\material\release\plastichardeningmaterial.obj
e:\ddr\rf_os_material_newbam\opensees\win64\obj\material\release\platefibermaterial.obj
e:\ddr\rf_os_material_newbam\opensees\win64\obj\material\release\platefibermaterialthermal.obj
e:\ddr\rf_os_material_newbam\opensees\win64\obj\material\release\platefromplanestressmaterial.obj
e:\ddr\rf_os_material_newbam\opensees\win64\obj\material\release\platefromplanestressmaterialthermal.obj
e:\ddr\rf_os_material_newbam\opensees\win64\obj\material\release\platerebarmaterial.obj
e:\ddr\rf_os_material_newbam\opensees\win64\obj\material\release\platerebarmaterialthermal.obj
e:\ddr\rf_os_material_newbam\opensees\win64\obj\material\release\pm4sand.obj
e:\ddr\rf_os_material_newbam\opensees\win64\obj\material\release\pm4silt.obj
e:\ddr\rf_os_material_newbam\opensees\win64\obj\material\release\pressuredependentelastic3d.obj
e:\ddr\rf_os_material_newbam\opensees\win64\obj\material\release\pressuredependmultiyield.obj
e:\ddr\rf_os_material_newbam\opensees\win64\obj\material\release\pressuredependmultiyield02.obj
e:\ddr\rf_os_material_newbam\opensees\win64\obj\material\release\pressureindependmultiyield.obj
e:\ddr\rf_os_material_newbam\opensees\win64\obj\material\release\prestressedconcreteplanestress.obj
e:\ddr\rf_os_material_newbam\opensees\win64\obj\material\release\pyliq1.obj
e:\ddr\rf_os_material_newbam\opensees\win64\obj\material\release\pysimple1.obj
e:\ddr\rf_os_material_newbam\opensees\win64\obj\material\release\pysimple1gen.obj
e:\ddr\rf_os_material_newbam\opensees\win64\obj\material\release\pysimple2.obj
e:\ddr\rf_os_material_newbam\opensees\win64\obj\material\release\pysimple3.obj
e:\ddr\rf_os_material_newbam\opensees\win64\obj\material\release\pyucla.obj
e:\ddr\rf_os_material_newbam\opensees\win64\obj\material\release\quadcell.obj
e:\ddr\rf_os_material_newbam\opensees\win64\obj\material\release\quadpatch.obj
e:\ddr\rf_os_material_newbam\opensees\win64\obj\material\release\qzsimple1.obj
e:\ddr\rf_os_material_newbam\opensees\win64\obj\material\release\qzsimple2.obj
e:\ddr\rf_os_material_newbam\opensees\win64\obj\material\release\rafoursteelpcplanestress.obj
e:\ddr\rf_os_material_newbam\opensees\win64\obj\material\release\rafoursteelrcplanestress.obj
e:\ddr\rf_os_material_newbam\opensees\win64\obj\material\release\rambergosgoodsteel.obj
e:\ddr\rf_os_material_newbam\opensees\win64\obj\material\release\raynorbackbone.obj
e:\ddr\rf_os_material_newbam\opensees\win64\obj\material\release\rcsectionintegration.obj
e:\ddr\rf_os_material_newbam\opensees\win64\obj\material\release\rctbeamsectionintegration.obj
e:\ddr\rf_os_material_newbam\opensees\win64\obj\material\release\reesesandbackbone.obj
e:\ddr\rf_os_material_newbam\opensees\win64\obj\material\release\reesesoftclaybackbone.obj
e:\ddr\rf_os_material_newbam\opensees\win64\obj\material\release\reesestiffclaybelowws.obj
e:\ddr\rf_os_material_newbam\opensees\win64\obj\material\release\reinfbar.obj
e:\ddr\rf_os_material_newbam\opensees\win64\obj\material\release\reinflayer.obj
e:\ddr\rf_os_material_newbam\opensees\win64\obj\material\release\reinforcedconcreteplanestress.obj
e:\ddr\rf_os_material_newbam\opensees\win64\obj\material\release\reinforcingsteel.obj
e:\ddr\rf_os_material_newbam\opensees\win64\obj\material\release\resiliencelow.obj
e:\ddr\rf_os_material_newbam\opensees\win64\obj\material\release\resiliencematerialhr.obj
e:\ddr\rf_os_material_newbam\opensees\win64\obj\material\release\rotationshearcurve.obj
e:\ddr\rf_os_material_newbam\opensees\win64\obj\material\release\sawsmaterial.obj
e:\ddr\rf_os_material_newbam\opensees\win64\obj\material\release\sectionaggregator.obj
e:\ddr\rf_os_material_newbam\opensees\win64\obj\material\release\sectionforcedeformation.obj
e:\ddr\rf_os_material_newbam\opensees\win64\obj\material\release\sectionintegration.obj
e:\ddr\rf_os_material_newbam\opensees\win64\obj\material\release\sectionrepres.obj
e:\ddr\rf_os_material_newbam\opensees\win64\obj\material\release\selfcenteringmaterial.obj
e:\ddr\rf_os_material_newbam\opensees\win64\obj\material\release\seriesmaterial.obj
e:\ddr\rf_os_material_newbam\opensees\win64\obj\material\release\shallowfoundationgen.obj
e:\ddr\rf_os_material_newbam\opensees\win64\obj\material\release\shearcurve.obj
e:\ddr\rf_os_material_newbam\opensees\win64\obj\material\release\shearpanelmaterial.obj
e:\ddr\rf_os_material_newbam\opensees\win64\obj\material\release\simplefracturematerial.obj
e:\ddr\rf_os_material_newbam\opensees\win64\obj\material\release\simplifiedj2.obj
e:\ddr\rf_os_material_newbam\opensees\win64\obj\material\release\smoothpsconcrete.obj
e:\ddr\rf_os_material_newbam\opensees\win64\obj\material\release\soilfootingsection2d.obj
e:\ddr\rf_os_material_newbam\opensees\win64\obj\material\release\stainlessecthermal.obj
e:\ddr\rf_os_material_newbam\opensees\win64\obj\material\release\steel01.obj
e:\ddr\rf_os_material_newbam\opensees\win64\obj\material\release\steel01thermal.obj
e:\ddr\rf_os_material_newbam\opensees\win64\obj\material\release\steel02.obj
e:\ddr\rf_os_material_newbam\opensees\win64\obj\material\release\steel02thermal.obj
e:\ddr\rf_os_material_newbam\opensees\win64\obj\material\release\steel03.obj
e:\ddr\rf_os_material_newbam\opensees\win64\obj\material\release\steel2.obj
e:\ddr\rf_os_material_newbam\opensees\win64\obj\material\release\steel4.obj
e:\ddr\rf_os_material_newbam\opensees\win64\obj\material\release\steelbrb.obj
e:\ddr\rf_os_material_newbam\opensees\win64\obj\material\release\steelecthermal.obj
e:\ddr\rf_os_material_newbam\opensees\win64\obj\material\release\steelmp.obj
e:\ddr\rf_os_material_newbam\opensees\win64\obj\material\release\steelmpf.obj
e:\ddr\rf_os_material_newbam\opensees\win64\obj\material\release\steelz01.obj
e:\ddr\rf_os_material_newbam\opensees\win64\obj\material\release\straightreinflayer.obj
e:\ddr\rf_os_material_newbam\opensees\win64\obj\material\release\stressdensitymodel.obj
e:\ddr\rf_os_material_newbam\opensees\win64\obj\material\release\stressdensitymodel2d.obj
e:\ddr\rf_os_material_newbam\opensees\win64\obj\material\release\stressdensitymodel3d.obj
e:\ddr\rf_os_material_newbam\opensees\win64\obj\material\release\t2vector.obj
e:\ddr\rf_os_material_newbam\opensees\win64\obj\material\release\tcldrainmaterialcommand.obj
e:\ddr\rf_os_material_newbam\opensees\win64\obj\material\release\tclfeapmaterialcommand.obj
e:\ddr\rf_os_material_newbam\opensees\win64\obj\material\release\tclfedeasmaterialcommand.obj
e:\ddr\rf_os_material_newbam\opensees\win64\obj\material\release\tcllimitstate.obj
e:\ddr\rf_os_material_newbam\opensees\win64\obj\material\release\tclmodelbuilderbackbonecommand.obj
e:\ddr\rf_os_material_newbam\opensees\win64\obj\material\release\tclmodelbuilderndmaterialcommand.obj
e:\ddr\rf_os_material_newbam\opensees\win64\obj\material\release\tclmodelbuildersectioncommand.obj
e:\ddr\rf_os_material_newbam\opensees\win64\obj\material\release\tclmodelbuilderuniaxialmaterialcommand.obj
e:\ddr\rf_os_material_newbam\opensees\win64\obj\material\release\tclmodelbuilderyieldsurfacebccommand.obj
e:\ddr\rf_os_material_newbam\opensees\win64\obj\material\release\tclmodelbuilderysplasticmaterialcommand.obj
e:\ddr\rf_os_material_newbam\opensees\win64\obj\material\release\tclmodelbuilderys_evolutioncommand.obj
e:\ddr\rf_os_material_newbam\opensees\win64\obj\material\release\tclmodelbuilderys_sectioncommand.obj
e:\ddr\rf_os_material_newbam\opensees\win64\obj\material\release\tclpytzqzmaterialcommand.obj
e:\ddr\rf_os_material_newbam\opensees\win64\obj\material\release\tclsnapmaterialcommand.obj
e:\ddr\rf_os_material_newbam\opensees\win64\obj\material\release\tclupdatematerialstagecommand.obj
e:\ddr\rf_os_material_newbam\opensees\win64\obj\material\release\tendonl01.obj
e:\ddr\rf_os_material_newbam\opensees\win64\obj\material\release\threepointcurve.obj
e:\ddr\rf_os_material_newbam\opensees\win64\obj\material\release\trilinearbackbone.obj
e:\ddr\rf_os_material_newbam\opensees\win64\obj\material\release\trimatrix.obj
e:\ddr\rf_os_material_newbam\opensees\win64\obj\material\release\tzliq1.obj
e:\ddr\rf_os_material_newbam\opensees\win64\obj\material\release\tzsimple1.obj
e:\ddr\rf_os_material_newbam\opensees\win64\obj\material\release\tzsimple1gen.obj
e:\ddr\rf_os_material_newbam\opensees\win64\obj\material\release\tzsimple2.obj
e:\ddr\rf_os_material_newbam\opensees\win64\obj\material\release\uniaxialfiber2d.obj
e:\ddr\rf_os_material_newbam\opensees\win64\obj\material\release\uniaxialfiber3d.obj
e:\ddr\rf_os_material_newbam\opensees\win64\obj\material\release\uniaxialj2plasticity.obj
e:\ddr\rf_os_material_newbam\opensees\win64\obj\material\release\uniaxialmaterial.obj
e:\ddr\rf_os_material_newbam\opensees\win64\obj\material\release\viscousdamper.obj
e:\ddr\rf_os_material_newbam\opensees\win64\obj\material\release\viscousmaterial.obj
e:\ddr\rf_os_material_newbam\opensees\win64\obj\material\release\wideflangesectionintegration.obj
e:\ddr\rf_os_material_newbam\opensees\win64\obj\material\release\wrapperlimitcurve.obj
e:\ddr\rf_os_material_newbam\opensees\win64\obj\material\release\wrapperndmaterial.obj
e:\ddr\rf_os_material_newbam\opensees\win64\obj\material\release\wrapperuniaxialmaterial.obj
e:\ddr\rf_os_material_newbam\opensees\win64\obj\material\release\yieldsurfacesection2d.obj
e:\ddr\rf_os_material_newbam\opensees\win64\obj\material\release\yieldsurface_bc.obj
e:\ddr\rf_os_material_newbam\opensees\win64\obj\material\release\yieldsurface_bc2d.obj
e:\ddr\rf_os_material_newbam\opensees\win64\obj\material\release\ys_evolution.obj
e:\ddr\rf_os_material_newbam\opensees\win64\obj\material\release\ys_evolution2d.obj
e:\ddr\rf_os_material_newbam\opensees\win64\obj\material\release\ys_section2d01.obj
e:\ddr\rf_os_material_newbam\opensees\win64\obj\material\release\ys_section2d02.obj
e:\ddr\rf_os_material_newbam\opensees\win64\obj\material\release\material.pdb
e:\ddr\rf_os_material_newbam\opensees\win64\proj\material\.\..\..\lib\release\material.lib
e:\ddr\rf_os_material_newbam\opensees\win64\obj\material\release\material.tlog\cl.command.1.tlog
e:\ddr\rf_os_material_newbam\opensees\win64\obj\material\release\material.tlog\cl.read.1.tlog
e:\ddr\rf_os_material_newbam\opensees\win64\obj\material\release\material.tlog\cl.write.1.tlog
e:\ddr\rf_os_material_newbam\opensees\win64\obj\material\release\material.tlog\lib-link.read.1.tlog
e:\ddr\rf_os_material_newbam\opensees\win64\obj\material\release\material.tlog\lib-link.write.1.tlog
e:\ddr\rf_os_material_newbam\opensees\win64\obj\material\release\material.tlog\lib.command.1.tlog
