e:\ddr\rf_os_material_uniaxial_gage\opensees\win64\obj\opensees\release\vc141.pdb
e:\ddr\rf_os_material_uniaxial_gage\opensees\win64\obj\opensees\release\vc2005errno.obj
e:\ddr\rf_os_material_uniaxial_gage\opensees\win64\obj\opensees\release\tclmain.obj
e:\ddr\rf_os_material_uniaxial_gage\opensees\win64\obj\opensees\release\tclappinit.obj
e:\ddr\rf_os_material_uniaxial_gage\opensees\win64\bin\opensees.exe
e:\ddr\rf_os_material_uniaxial_gage\opensees\win64\bin\opensees.pdb
e:\ddr\rf_os_material_uniaxial_gage\opensees\win64\bin\opensees.lib
e:\ddr\rf_os_material_uniaxial_gage\opensees\win64\bin\opensees.exp
e:\ddr\rf_os_material_newbam\opensees\win64\obj\opensees\release\tclappinit.obj
e:\ddr\rf_os_material_newbam\opensees\win64\obj\opensees\release\tclmain.obj
e:\ddr\rf_os_material_newbam\opensees\win64\obj\opensees\release\vc2005errno.obj
e:\ddr\rf_os_material_newbam\opensees\win64\obj\opensees\release\vc141.pdb
e:\ddr\rf_os_material_newbam\opensees\win64\proj\opensees\.\..\..\bin\opensees.exe
e:\ddr\rf_os_material_newbam\opensees\win64\obj\opensees\release\opensees.tlog\cl.command.1.tlog
e:\ddr\rf_os_material_newbam\opensees\win64\obj\opensees\release\opensees.tlog\cl.read.1.tlog
e:\ddr\rf_os_material_newbam\opensees\win64\obj\opensees\release\opensees.tlog\cl.write.1.tlog
e:\ddr\rf_os_material_newbam\opensees\win64\obj\opensees\release\opensees.tlog\link.command.1.tlog
e:\ddr\rf_os_material_newbam\opensees\win64\obj\opensees\release\opensees.tlog\link.read.1.tlog
e:\ddr\rf_os_material_newbam\opensees\win64\obj\opensees\release\opensees.tlog\link.write.1.tlog
e:\ddr\rf_os_material_newbam\opensees\win64\obj\opensees\release\opensees.tlog\opensees.write.1u.tlog
