e:\ddr\rf_os_material_uniaxial_gage\opensees\win64\obj\damage\release\damage.pdb
e:\ddr\rf_os_material_uniaxial_gage\opensees\win64\obj\damage\release\tclmodelbuilderdamagemodelcommand.obj
e:\ddr\rf_os_material_uniaxial_gage\opensees\win64\obj\damage\release\parkang.obj
e:\ddr\rf_os_material_uniaxial_gage\opensees\win64\obj\damage\release\normalizedpeak.obj
e:\ddr\rf_os_material_uniaxial_gage\opensees\win64\obj\damage\release\mehanny.obj
e:\ddr\rf_os_material_uniaxial_gage\opensees\win64\obj\damage\release\kratzig.obj
e:\ddr\rf_os_material_uniaxial_gage\opensees\win64\obj\damage\release\hystereticenergy.obj
e:\ddr\rf_os_material_uniaxial_gage\opensees\win64\obj\damage\release\damageresponse.obj
e:\ddr\rf_os_material_uniaxial_gage\opensees\win64\obj\damage\release\damagemodel.obj
e:\ddr\rf_os_material_uniaxial_gage\opensees\win64\lib\release\damage.lib
e:\ddr\rf_os_material_newbam\opensees\win64\obj\damage\release\damagemodel.obj
e:\ddr\rf_os_material_newbam\opensees\win64\obj\damage\release\damageresponse.obj
e:\ddr\rf_os_material_newbam\opensees\win64\obj\damage\release\hystereticenergy.obj
e:\ddr\rf_os_material_newbam\opensees\win64\obj\damage\release\kratzig.obj
e:\ddr\rf_os_material_newbam\opensees\win64\obj\damage\release\mehanny.obj
e:\ddr\rf_os_material_newbam\opensees\win64\obj\damage\release\normalizedpeak.obj
e:\ddr\rf_os_material_newbam\opensees\win64\obj\damage\release\parkang.obj
e:\ddr\rf_os_material_newbam\opensees\win64\obj\damage\release\tclmodelbuilderdamagemodelcommand.obj
e:\ddr\rf_os_material_newbam\opensees\win64\obj\damage\release\damage.pdb
e:\ddr\rf_os_material_newbam\opensees\win64\proj\damage\.\..\..\lib\release\damage.lib
e:\ddr\rf_os_material_newbam\opensees\win64\obj\damage\release\damage.tlog\cl.command.1.tlog
e:\ddr\rf_os_material_newbam\opensees\win64\obj\damage\release\damage.tlog\cl.read.1.tlog
e:\ddr\rf_os_material_newbam\opensees\win64\obj\damage\release\damage.tlog\cl.write.1.tlog
e:\ddr\rf_os_material_newbam\opensees\win64\obj\damage\release\damage.tlog\lib-link.read.1.tlog
e:\ddr\rf_os_material_newbam\opensees\win64\obj\damage\release\damage.tlog\lib-link.write.1.tlog
e:\ddr\rf_os_material_newbam\opensees\win64\obj\damage\release\damage.tlog\lib.command.1.tlog
