  AlgorithmIncrements.cpp
e:\ddr\rf_os_material_newbam\opensees\src\recorder\algorithmincrements.cpp(240): warning C4244: 'argument': conversion from 'double' to 'float', possible loss of data
e:\ddr\rf_os_material_newbam\opensees\src\recorder\algorithmincrements.cpp(261): warning C4267: 'argument': conversion from 'size_t' to 'int', possible loss of data
e:\ddr\rf_os_material_newbam\opensees\src\recorder\algorithmincrements.cpp(265): warning C4267: 'argument': conversion from 'size_t' to 'int', possible loss of data
e:\ddr\rf_os_material_newbam\opensees\src\recorder\algorithmincrements.cpp(313): warning C4244: 'argument': conversion from 'double' to 'float', possible loss of data
e:\ddr\rf_os_material_newbam\opensees\src\recorder\algorithmincrements.cpp(330): warning C4267: 'argument': conversion from 'size_t' to 'int', possible loss of data
e:\ddr\rf_os_material_newbam\opensees\src\recorder\algorithmincrements.cpp(334): warning C4267: 'argument': conversion from 'size_t' to 'int', possible loss of data
  DamageRecorder.cpp
  DatastoreRecorder.cpp
  DriftRecorder.cpp
  ElementRecorder.cpp
e:\ddr\rf_os_material_newbam\opensees\src\recorder\elementrecorder.cpp(488): warning C4267: '+=': conversion from 'size_t' to 'int', possible loss of data
e:\ddr\rf_os_material_newbam\opensees\src\recorder\elementrecorder.cpp(704): warning C4267: 'initializing': conversion from 'size_t' to 'int', possible loss of data
  EnvelopeDriftRecorder.cpp
  EnvelopeElementRecorder.cpp
e:\ddr\rf_os_material_newbam\opensees\src\recorder\envelopeelementrecorder.cpp(567): warning C4267: '+=': conversion from 'size_t' to 'int', possible loss of data
e:\ddr\rf_os_material_newbam\opensees\src\recorder\envelopeelementrecorder.cpp(780): warning C4267: 'initializing': conversion from 'size_t' to 'int', possible loss of data
  EnvelopeNodeRecorder.cpp
  FilePlotter.cpp
e:\ddr\rf_os_material_newbam\opensees\src\recorder\fileplotter.cpp(305): warning C4244: 'argument': conversion from 'double' to 'float', possible loss of data
e:\ddr\rf_os_material_newbam\opensees\src\recorder\fileplotter.cpp(337): warning C4267: 'argument': conversion from 'size_t' to 'int', possible loss of data
e:\ddr\rf_os_material_newbam\opensees\src\recorder\fileplotter.cpp(341): warning C4267: 'argument': conversion from 'size_t' to 'int', possible loss of data
e:\ddr\rf_os_material_newbam\opensees\src\recorder\fileplotter.cpp(351): warning C4267: 'argument': conversion from 'size_t' to 'int', possible loss of data
e:\ddr\rf_os_material_newbam\opensees\src\recorder\fileplotter.cpp(355): warning C4267: 'argument': conversion from 'size_t' to 'int', possible loss of data
e:\ddr\rf_os_material_newbam\opensees\src\recorder\fileplotter.cpp(523): warning C4244: 'argument': conversion from 'double' to 'float', possible loss of data
e:\ddr\rf_os_material_newbam\opensees\src\recorder\fileplotter.cpp(562): warning C4267: 'argument': conversion from 'size_t' to 'int', possible loss of data
e:\ddr\rf_os_material_newbam\opensees\src\recorder\fileplotter.cpp(566): warning C4267: 'argument': conversion from 'size_t' to 'int', possible loss of data
e:\ddr\rf_os_material_newbam\opensees\src\recorder\fileplotter.cpp(576): warning C4267: 'argument': conversion from 'size_t' to 'int', possible loss of data
e:\ddr\rf_os_material_newbam\opensees\src\recorder\fileplotter.cpp(580): warning C4267: 'argument': conversion from 'size_t' to 'int', possible loss of data
  GSA_Recorder.cpp
  MaxNodeDispRecorder.cpp
  NodeRecorder.cpp
  NormElementRecorder.cpp
e:\ddr\rf_os_material_newbam\opensees\src\recorder\normelementrecorder.cpp(252): warning C4267: '+=': conversion from 'size_t' to 'int', possible loss of data
e:\ddr\rf_os_material_newbam\opensees\src\recorder\normelementrecorder.cpp(467): warning C4267: 'initializing': conversion from 'size_t' to 'int', possible loss of data
  NormEnvelopeElementRecorder.cpp
e:\ddr\rf_os_material_newbam\opensees\src\recorder\normenvelopeelementrecorder.cpp(309): warning C4267: '+=': conversion from 'size_t' to 'int', possible loss of data
e:\ddr\rf_os_material_newbam\opensees\src\recorder\normenvelopeelementrecorder.cpp(522): warning C4267: 'initializing': conversion from 'size_t' to 'int', possible loss of data
  PatternRecorder.cpp
e:\ddr\rf_os_material_newbam\opensees\src\recorder\patternrecorder.cpp(58): warning C4267: 'initializing': conversion from 'size_t' to 'int', possible loss of data
  PVDRecorder.cpp
  Recorder.cpp
  RemoveRecorder.cpp
e:\ddr\rf_os_material_newbam\opensees\src\recorder\removerecorder.cpp(173): warning C4267: 'initializing': conversion from 'size_t' to 'int', possible loss of data
e:\ddr\rf_os_material_newbam\opensees\src\recorder\removerecorder.cpp(241): warning C4267: 'initializing': conversion from 'size_t' to 'int', possible loss of data
e:\ddr\rf_os_material_newbam\opensees\src\recorder\removerecorder.cpp(655): warning C4390: ';': empty controlled statement found; is this the intent?
  TclRecorderCommands.cpp
e:\ddr\rf_os_material_newbam\opensees\src\recorder\tclrecordercommands.cpp(1946): warning C4267: 'initializing': conversion from 'size_t' to 'int', possible loss of data
  CompositeResponse.cpp
  Generating Code...
  Compiling...
  ElementResponse.cpp
  FiberResponse.cpp
  MaterialResponse.cpp
  Response.cpp
  Generating Code...
  recorder.vcxproj -> E:\DDR\RF_OS_Material_newBAM\OpenSees\Win64\proj\recorder\.\..\..\lib\release\recorder.lib
