e:\ddr\rf_os_material_uniaxial_gage\opensees\win64\obj\recorder\release\recorder.pdb
e:\ddr\rf_os_material_uniaxial_gage\opensees\win64\obj\recorder\release\compositeresponse.obj
e:\ddr\rf_os_material_uniaxial_gage\opensees\win64\obj\recorder\release\tclrecordercommands.obj
e:\ddr\rf_os_material_uniaxial_gage\opensees\win64\obj\recorder\release\removerecorder.obj
e:\ddr\rf_os_material_uniaxial_gage\opensees\win64\obj\recorder\release\recorder.obj
e:\ddr\rf_os_material_uniaxial_gage\opensees\win64\obj\recorder\release\pvdrecorder.obj
e:\ddr\rf_os_material_uniaxial_gage\opensees\win64\obj\recorder\release\patternrecorder.obj
e:\ddr\rf_os_material_uniaxial_gage\opensees\win64\obj\recorder\release\normenvelopeelementrecorder.obj
e:\ddr\rf_os_material_uniaxial_gage\opensees\win64\obj\recorder\release\normelementrecorder.obj
e:\ddr\rf_os_material_uniaxial_gage\opensees\win64\obj\recorder\release\noderecorder.obj
e:\ddr\rf_os_material_uniaxial_gage\opensees\win64\obj\recorder\release\maxnodedisprecorder.obj
e:\ddr\rf_os_material_uniaxial_gage\opensees\win64\obj\recorder\release\gsa_recorder.obj
e:\ddr\rf_os_material_uniaxial_gage\opensees\win64\obj\recorder\release\fileplotter.obj
e:\ddr\rf_os_material_uniaxial_gage\opensees\win64\obj\recorder\release\envelopenoderecorder.obj
e:\ddr\rf_os_material_uniaxial_gage\opensees\win64\obj\recorder\release\envelopeelementrecorder.obj
e:\ddr\rf_os_material_uniaxial_gage\opensees\win64\obj\recorder\release\envelopedriftrecorder.obj
e:\ddr\rf_os_material_uniaxial_gage\opensees\win64\obj\recorder\release\elementrecorder.obj
e:\ddr\rf_os_material_uniaxial_gage\opensees\win64\obj\recorder\release\driftrecorder.obj
e:\ddr\rf_os_material_uniaxial_gage\opensees\win64\obj\recorder\release\datastorerecorder.obj
e:\ddr\rf_os_material_uniaxial_gage\opensees\win64\obj\recorder\release\damagerecorder.obj
e:\ddr\rf_os_material_uniaxial_gage\opensees\win64\obj\recorder\release\algorithmincrements.obj
e:\ddr\rf_os_material_uniaxial_gage\opensees\win64\obj\recorder\release\response.obj
e:\ddr\rf_os_material_uniaxial_gage\opensees\win64\obj\recorder\release\materialresponse.obj
e:\ddr\rf_os_material_uniaxial_gage\opensees\win64\obj\recorder\release\fiberresponse.obj
e:\ddr\rf_os_material_uniaxial_gage\opensees\win64\obj\recorder\release\elementresponse.obj
e:\ddr\rf_os_material_uniaxial_gage\opensees\win64\lib\release\recorder.lib
e:\ddr\rf_os_material_newbam\opensees\win64\obj\recorder\release\algorithmincrements.obj
e:\ddr\rf_os_material_newbam\opensees\win64\obj\recorder\release\compositeresponse.obj
e:\ddr\rf_os_material_newbam\opensees\win64\obj\recorder\release\damagerecorder.obj
e:\ddr\rf_os_material_newbam\opensees\win64\obj\recorder\release\datastorerecorder.obj
e:\ddr\rf_os_material_newbam\opensees\win64\obj\recorder\release\driftrecorder.obj
e:\ddr\rf_os_material_newbam\opensees\win64\obj\recorder\release\elementrecorder.obj
e:\ddr\rf_os_material_newbam\opensees\win64\obj\recorder\release\elementresponse.obj
e:\ddr\rf_os_material_newbam\opensees\win64\obj\recorder\release\envelopedriftrecorder.obj
e:\ddr\rf_os_material_newbam\opensees\win64\obj\recorder\release\envelopeelementrecorder.obj
e:\ddr\rf_os_material_newbam\opensees\win64\obj\recorder\release\envelopenoderecorder.obj
e:\ddr\rf_os_material_newbam\opensees\win64\obj\recorder\release\fiberresponse.obj
e:\ddr\rf_os_material_newbam\opensees\win64\obj\recorder\release\fileplotter.obj
e:\ddr\rf_os_material_newbam\opensees\win64\obj\recorder\release\gsa_recorder.obj
e:\ddr\rf_os_material_newbam\opensees\win64\obj\recorder\release\materialresponse.obj
e:\ddr\rf_os_material_newbam\opensees\win64\obj\recorder\release\maxnodedisprecorder.obj
e:\ddr\rf_os_material_newbam\opensees\win64\obj\recorder\release\noderecorder.obj
e:\ddr\rf_os_material_newbam\opensees\win64\obj\recorder\release\normelementrecorder.obj
e:\ddr\rf_os_material_newbam\opensees\win64\obj\recorder\release\normenvelopeelementrecorder.obj
e:\ddr\rf_os_material_newbam\opensees\win64\obj\recorder\release\patternrecorder.obj
e:\ddr\rf_os_material_newbam\opensees\win64\obj\recorder\release\pvdrecorder.obj
e:\ddr\rf_os_material_newbam\opensees\win64\obj\recorder\release\recorder.obj
e:\ddr\rf_os_material_newbam\opensees\win64\obj\recorder\release\removerecorder.obj
e:\ddr\rf_os_material_newbam\opensees\win64\obj\recorder\release\response.obj
e:\ddr\rf_os_material_newbam\opensees\win64\obj\recorder\release\tclrecordercommands.obj
e:\ddr\rf_os_material_newbam\opensees\win64\obj\recorder\release\recorder.pdb
e:\ddr\rf_os_material_newbam\opensees\win64\proj\recorder\.\..\..\lib\release\recorder.lib
e:\ddr\rf_os_material_newbam\opensees\win64\obj\recorder\release\recorder.tlog\cl.command.1.tlog
e:\ddr\rf_os_material_newbam\opensees\win64\obj\recorder\release\recorder.tlog\cl.read.1.tlog
e:\ddr\rf_os_material_newbam\opensees\win64\obj\recorder\release\recorder.tlog\cl.write.1.tlog
e:\ddr\rf_os_material_newbam\opensees\win64\obj\recorder\release\recorder.tlog\lib-link.read.1.tlog
e:\ddr\rf_os_material_newbam\opensees\win64\obj\recorder\release\recorder.tlog\lib-link.write.1.tlog
e:\ddr\rf_os_material_newbam\opensees\win64\obj\recorder\release\recorder.tlog\lib.command.1.tlog
