e:\ddr\rf_os_material_uniaxial_gage\opensees\win64\obj\actor\release\actor.pdb
e:\ddr\rf_os_material_uniaxial_gage\opensees\win64\obj\actor\release\udp_socket.obj
e:\ddr\rf_os_material_uniaxial_gage\opensees\win64\obj\actor\release\tcp_socket.obj
e:\ddr\rf_os_material_uniaxial_gage\opensees\win64\obj\actor\release\socket.obj
e:\ddr\rf_os_material_uniaxial_gage\opensees\win64\obj\actor\release\shadow.obj
e:\ddr\rf_os_material_uniaxial_gage\opensees\win64\obj\actor\release\objectbroker.obj
e:\ddr\rf_os_material_uniaxial_gage\opensees\win64\obj\actor\release\movableobject.obj
e:\ddr\rf_os_material_uniaxial_gage\opensees\win64\obj\actor\release\message.obj
e:\ddr\rf_os_material_uniaxial_gage\opensees\win64\obj\actor\release\http.obj
e:\ddr\rf_os_material_uniaxial_gage\opensees\win64\obj\actor\release\fem_objectbrokerallclasses.obj
e:\ddr\rf_os_material_uniaxial_gage\opensees\win64\obj\actor\release\fem_objectbroker.obj
e:\ddr\rf_os_material_uniaxial_gage\opensees\win64\obj\actor\release\channeladdress.obj
e:\ddr\rf_os_material_uniaxial_gage\opensees\win64\obj\actor\release\channel.obj
e:\ddr\rf_os_material_uniaxial_gage\opensees\win64\obj\actor\release\actor.obj
e:\ddr\rf_os_material_uniaxial_gage\opensees\win64\lib\release\actor.lib
e:\ddr\rf_os_material_newbam\opensees\win64\obj\actor\release\actor.obj
e:\ddr\rf_os_material_newbam\opensees\win64\obj\actor\release\channel.obj
e:\ddr\rf_os_material_newbam\opensees\win64\obj\actor\release\channeladdress.obj
e:\ddr\rf_os_material_newbam\opensees\win64\obj\actor\release\fem_objectbroker.obj
e:\ddr\rf_os_material_newbam\opensees\win64\obj\actor\release\fem_objectbrokerallclasses.obj
e:\ddr\rf_os_material_newbam\opensees\win64\obj\actor\release\http.obj
e:\ddr\rf_os_material_newbam\opensees\win64\obj\actor\release\message.obj
e:\ddr\rf_os_material_newbam\opensees\win64\obj\actor\release\movableobject.obj
e:\ddr\rf_os_material_newbam\opensees\win64\obj\actor\release\objectbroker.obj
e:\ddr\rf_os_material_newbam\opensees\win64\obj\actor\release\shadow.obj
e:\ddr\rf_os_material_newbam\opensees\win64\obj\actor\release\socket.obj
e:\ddr\rf_os_material_newbam\opensees\win64\obj\actor\release\tcp_socket.obj
e:\ddr\rf_os_material_newbam\opensees\win64\obj\actor\release\udp_socket.obj
e:\ddr\rf_os_material_newbam\opensees\win64\obj\actor\release\actor.pdb
e:\ddr\rf_os_material_newbam\opensees\win64\proj\actor\.\..\..\lib\release\actor.lib
e:\ddr\rf_os_material_newbam\opensees\win64\obj\actor\release\actor.tlog\cl.command.1.tlog
e:\ddr\rf_os_material_newbam\opensees\win64\obj\actor\release\actor.tlog\cl.read.1.tlog
e:\ddr\rf_os_material_newbam\opensees\win64\obj\actor\release\actor.tlog\cl.write.1.tlog
e:\ddr\rf_os_material_newbam\opensees\win64\obj\actor\release\actor.tlog\lib-link.read.1.tlog
e:\ddr\rf_os_material_newbam\opensees\win64\obj\actor\release\actor.tlog\lib-link.write.1.tlog
e:\ddr\rf_os_material_newbam\opensees\win64\obj\actor\release\actor.tlog\lib.command.1.tlog
