e:\ddr\rf_os_material_uniaxial_gage\opensees\win64\obj\superlu\release\superlu.pdb
e:\ddr\rf_os_material_uniaxial_gage\opensees\win64\obj\superlu\release\dmemory.obj
e:\ddr\rf_os_material_uniaxial_gage\opensees\win64\obj\superlu\release\dmach.obj
e:\ddr\rf_os_material_uniaxial_gage\opensees\win64\obj\superlu\release\dldperm.obj
e:\ddr\rf_os_material_uniaxial_gage\opensees\win64\obj\superlu\release\dlaqgs.obj
e:\ddr\rf_os_material_uniaxial_gage\opensees\win64\obj\superlu\release\dlangs.obj
e:\ddr\rf_os_material_uniaxial_gage\opensees\win64\obj\superlu\release\dlacon2.obj
e:\ddr\rf_os_material_uniaxial_gage\opensees\win64\obj\superlu\release\dgstrs.obj
e:\ddr\rf_os_material_uniaxial_gage\opensees\win64\obj\superlu\release\dgstrf.obj
e:\ddr\rf_os_material_uniaxial_gage\opensees\win64\obj\superlu\release\dgssvx.obj
e:\ddr\rf_os_material_uniaxial_gage\opensees\win64\obj\superlu\release\dgssv.obj
e:\ddr\rf_os_material_uniaxial_gage\opensees\win64\obj\superlu\release\dgsrfs.obj
e:\ddr\rf_os_material_uniaxial_gage\opensees\win64\obj\superlu\release\dgsitrf.obj
e:\ddr\rf_os_material_uniaxial_gage\opensees\win64\obj\superlu\release\dgsisx.obj
e:\ddr\rf_os_material_uniaxial_gage\opensees\win64\obj\superlu\release\dgsequ.obj
e:\ddr\rf_os_material_uniaxial_gage\opensees\win64\obj\superlu\release\dgscon.obj
e:\ddr\rf_os_material_uniaxial_gage\opensees\win64\obj\superlu\release\ddiagonal.obj
e:\ddr\rf_os_material_uniaxial_gage\opensees\win64\obj\superlu\release\dcopy_to_ucol.obj
e:\ddr\rf_os_material_uniaxial_gage\opensees\win64\obj\superlu\release\dcolumn_dfs.obj
e:\ddr\rf_os_material_uniaxial_gage\opensees\win64\obj\superlu\release\dcolumn_bmod.obj
e:\ddr\rf_os_material_uniaxial_gage\opensees\win64\obj\superlu\release\colamd.obj
e:\ddr\rf_os_material_uniaxial_gage\opensees\win64\obj\superlu\release\ilu_dpanel_dfs.obj
e:\ddr\rf_os_material_uniaxial_gage\opensees\win64\obj\superlu\release\ilu_ddrop_row.obj
e:\ddr\rf_os_material_uniaxial_gage\opensees\win64\obj\superlu\release\ilu_dcopy_to_ucol.obj
e:\ddr\rf_os_material_uniaxial_gage\opensees\win64\obj\superlu\release\ilu_dcolumn_dfs.obj
e:\ddr\rf_os_material_uniaxial_gage\opensees\win64\obj\superlu\release\heap_relax_snode.obj
e:\ddr\rf_os_material_uniaxial_gage\opensees\win64\obj\superlu\release\get_perm_c.obj
e:\ddr\rf_os_material_uniaxial_gage\opensees\win64\obj\superlu\release\dutil.obj
e:\ddr\rf_os_material_uniaxial_gage\opensees\win64\obj\superlu\release\dsp_blas3.obj
e:\ddr\rf_os_material_uniaxial_gage\opensees\win64\obj\superlu\release\dsp_blas2.obj
e:\ddr\rf_os_material_uniaxial_gage\opensees\win64\obj\superlu\release\dsnode_dfs.obj
e:\ddr\rf_os_material_uniaxial_gage\opensees\win64\obj\superlu\release\dsnode_bmod.obj
e:\ddr\rf_os_material_uniaxial_gage\opensees\win64\obj\superlu\release\dreadtriple.obj
e:\ddr\rf_os_material_uniaxial_gage\opensees\win64\obj\superlu\release\dreadrb.obj
e:\ddr\rf_os_material_uniaxial_gage\opensees\win64\obj\superlu\release\dreadhb.obj
e:\ddr\rf_os_material_uniaxial_gage\opensees\win64\obj\superlu\release\dprunel.obj
e:\ddr\rf_os_material_uniaxial_gage\opensees\win64\obj\superlu\release\dpivotl.obj
e:\ddr\rf_os_material_uniaxial_gage\opensees\win64\obj\superlu\release\dpivotgrowth.obj
e:\ddr\rf_os_material_uniaxial_gage\opensees\win64\obj\superlu\release\dpanel_dfs.obj
e:\ddr\rf_os_material_uniaxial_gage\opensees\win64\obj\superlu\release\dpanel_bmod.obj
e:\ddr\rf_os_material_uniaxial_gage\opensees\win64\obj\superlu\release\dmyblas2.obj
e:\ddr\rf_os_material_uniaxial_gage\opensees\win64\obj\superlu\release\xerbla.obj
e:\ddr\rf_os_material_uniaxial_gage\opensees\win64\obj\superlu\release\util.obj
e:\ddr\rf_os_material_uniaxial_gage\opensees\win64\obj\superlu\release\superlu_timer.obj
e:\ddr\rf_os_material_uniaxial_gage\opensees\win64\obj\superlu\release\sp_preorder.obj
e:\ddr\rf_os_material_uniaxial_gage\opensees\win64\obj\superlu\release\sp_ienv.obj
e:\ddr\rf_os_material_uniaxial_gage\opensees\win64\obj\superlu\release\sp_coletree.obj
e:\ddr\rf_os_material_uniaxial_gage\opensees\win64\obj\superlu\release\smach.obj
e:\ddr\rf_os_material_uniaxial_gage\opensees\win64\obj\superlu\release\relax_snode.obj
e:\ddr\rf_os_material_uniaxial_gage\opensees\win64\obj\superlu\release\qselect.obj
e:\ddr\rf_os_material_uniaxial_gage\opensees\win64\obj\superlu\release\mmd.obj
e:\ddr\rf_os_material_uniaxial_gage\opensees\win64\obj\superlu\release\memory.obj
e:\ddr\rf_os_material_uniaxial_gage\opensees\win64\obj\superlu\release\mc64ad.obj
e:\ddr\rf_os_material_uniaxial_gage\opensees\win64\obj\superlu\release\mark_relax.obj
e:\ddr\rf_os_material_uniaxial_gage\opensees\win64\obj\superlu\release\lsame.obj
e:\ddr\rf_os_material_uniaxial_gage\opensees\win64\obj\superlu\release\input_error.obj
e:\ddr\rf_os_material_uniaxial_gage\opensees\win64\obj\superlu\release\ilu_relax_snode.obj
e:\ddr\rf_os_material_uniaxial_gage\opensees\win64\obj\superlu\release\ilu_heap_relax_snode.obj
e:\ddr\rf_os_material_uniaxial_gage\opensees\win64\obj\superlu\release\ilu_dsnode_dfs.obj
e:\ddr\rf_os_material_uniaxial_gage\opensees\win64\obj\superlu\release\ilu_dpivotl.obj
e:\ddr\rf_os_material_uniaxial_gage\opensees\win64\lib\release\superlu.lib
e:\ddr\rf_os_material_newbam\opensees\win64\obj\superlu\release\colamd.obj
e:\ddr\rf_os_material_newbam\opensees\win64\obj\superlu\release\dcolumn_bmod.obj
e:\ddr\rf_os_material_newbam\opensees\win64\obj\superlu\release\dcolumn_dfs.obj
e:\ddr\rf_os_material_newbam\opensees\win64\obj\superlu\release\dcopy_to_ucol.obj
e:\ddr\rf_os_material_newbam\opensees\win64\obj\superlu\release\ddiagonal.obj
e:\ddr\rf_os_material_newbam\opensees\win64\obj\superlu\release\dgscon.obj
e:\ddr\rf_os_material_newbam\opensees\win64\obj\superlu\release\dgsequ.obj
e:\ddr\rf_os_material_newbam\opensees\win64\obj\superlu\release\dgsisx.obj
e:\ddr\rf_os_material_newbam\opensees\win64\obj\superlu\release\dgsitrf.obj
e:\ddr\rf_os_material_newbam\opensees\win64\obj\superlu\release\dgsrfs.obj
e:\ddr\rf_os_material_newbam\opensees\win64\obj\superlu\release\dgssv.obj
e:\ddr\rf_os_material_newbam\opensees\win64\obj\superlu\release\dgssvx.obj
e:\ddr\rf_os_material_newbam\opensees\win64\obj\superlu\release\dgstrf.obj
e:\ddr\rf_os_material_newbam\opensees\win64\obj\superlu\release\dgstrs.obj
e:\ddr\rf_os_material_newbam\opensees\win64\obj\superlu\release\dlacon2.obj
e:\ddr\rf_os_material_newbam\opensees\win64\obj\superlu\release\dlangs.obj
e:\ddr\rf_os_material_newbam\opensees\win64\obj\superlu\release\dlaqgs.obj
e:\ddr\rf_os_material_newbam\opensees\win64\obj\superlu\release\dldperm.obj
e:\ddr\rf_os_material_newbam\opensees\win64\obj\superlu\release\dmach.obj
e:\ddr\rf_os_material_newbam\opensees\win64\obj\superlu\release\dmemory.obj
e:\ddr\rf_os_material_newbam\opensees\win64\obj\superlu\release\dmyblas2.obj
e:\ddr\rf_os_material_newbam\opensees\win64\obj\superlu\release\dpanel_bmod.obj
e:\ddr\rf_os_material_newbam\opensees\win64\obj\superlu\release\dpanel_dfs.obj
e:\ddr\rf_os_material_newbam\opensees\win64\obj\superlu\release\dpivotgrowth.obj
e:\ddr\rf_os_material_newbam\opensees\win64\obj\superlu\release\dpivotl.obj
e:\ddr\rf_os_material_newbam\opensees\win64\obj\superlu\release\dprunel.obj
e:\ddr\rf_os_material_newbam\opensees\win64\obj\superlu\release\dreadhb.obj
e:\ddr\rf_os_material_newbam\opensees\win64\obj\superlu\release\dreadrb.obj
e:\ddr\rf_os_material_newbam\opensees\win64\obj\superlu\release\dreadtriple.obj
e:\ddr\rf_os_material_newbam\opensees\win64\obj\superlu\release\dsnode_bmod.obj
e:\ddr\rf_os_material_newbam\opensees\win64\obj\superlu\release\dsnode_dfs.obj
e:\ddr\rf_os_material_newbam\opensees\win64\obj\superlu\release\dsp_blas2.obj
e:\ddr\rf_os_material_newbam\opensees\win64\obj\superlu\release\dsp_blas3.obj
e:\ddr\rf_os_material_newbam\opensees\win64\obj\superlu\release\dutil.obj
e:\ddr\rf_os_material_newbam\opensees\win64\obj\superlu\release\get_perm_c.obj
e:\ddr\rf_os_material_newbam\opensees\win64\obj\superlu\release\heap_relax_snode.obj
e:\ddr\rf_os_material_newbam\opensees\win64\obj\superlu\release\ilu_dcolumn_dfs.obj
e:\ddr\rf_os_material_newbam\opensees\win64\obj\superlu\release\ilu_dcopy_to_ucol.obj
e:\ddr\rf_os_material_newbam\opensees\win64\obj\superlu\release\ilu_ddrop_row.obj
e:\ddr\rf_os_material_newbam\opensees\win64\obj\superlu\release\ilu_dpanel_dfs.obj
e:\ddr\rf_os_material_newbam\opensees\win64\obj\superlu\release\ilu_dpivotl.obj
e:\ddr\rf_os_material_newbam\opensees\win64\obj\superlu\release\ilu_dsnode_dfs.obj
e:\ddr\rf_os_material_newbam\opensees\win64\obj\superlu\release\ilu_heap_relax_snode.obj
e:\ddr\rf_os_material_newbam\opensees\win64\obj\superlu\release\ilu_relax_snode.obj
e:\ddr\rf_os_material_newbam\opensees\win64\obj\superlu\release\input_error.obj
e:\ddr\rf_os_material_newbam\opensees\win64\obj\superlu\release\lsame.obj
e:\ddr\rf_os_material_newbam\opensees\win64\obj\superlu\release\mark_relax.obj
e:\ddr\rf_os_material_newbam\opensees\win64\obj\superlu\release\mc64ad.obj
e:\ddr\rf_os_material_newbam\opensees\win64\obj\superlu\release\memory.obj
e:\ddr\rf_os_material_newbam\opensees\win64\obj\superlu\release\mmd.obj
e:\ddr\rf_os_material_newbam\opensees\win64\obj\superlu\release\qselect.obj
e:\ddr\rf_os_material_newbam\opensees\win64\obj\superlu\release\relax_snode.obj
e:\ddr\rf_os_material_newbam\opensees\win64\obj\superlu\release\smach.obj
e:\ddr\rf_os_material_newbam\opensees\win64\obj\superlu\release\sp_coletree.obj
e:\ddr\rf_os_material_newbam\opensees\win64\obj\superlu\release\sp_ienv.obj
e:\ddr\rf_os_material_newbam\opensees\win64\obj\superlu\release\sp_preorder.obj
e:\ddr\rf_os_material_newbam\opensees\win64\obj\superlu\release\superlu_timer.obj
e:\ddr\rf_os_material_newbam\opensees\win64\obj\superlu\release\util.obj
e:\ddr\rf_os_material_newbam\opensees\win64\obj\superlu\release\xerbla.obj
e:\ddr\rf_os_material_newbam\opensees\win64\obj\superlu\release\superlu.pdb
e:\ddr\rf_os_material_newbam\opensees\win64\proj\superlu\.\..\..\lib\release\superlu.lib
e:\ddr\rf_os_material_newbam\opensees\win64\obj\superlu\release\superlu.tlog\cl.command.1.tlog
e:\ddr\rf_os_material_newbam\opensees\win64\obj\superlu\release\superlu.tlog\cl.read.1.tlog
e:\ddr\rf_os_material_newbam\opensees\win64\obj\superlu\release\superlu.tlog\cl.write.1.tlog
e:\ddr\rf_os_material_newbam\opensees\win64\obj\superlu\release\superlu.tlog\lib-link.read.1.tlog
e:\ddr\rf_os_material_newbam\opensees\win64\obj\superlu\release\superlu.tlog\lib-link.write.1.tlog
e:\ddr\rf_os_material_newbam\opensees\win64\obj\superlu\release\superlu.tlog\lib.command.1.tlog
