  Analysis.cpp
  DirectIntegrationAnalysis.cpp
  DomainDecompositionAnalysis.cpp
  PFEMAnalysis.cpp
  StaticAnalysis.cpp
  TransientAnalysis.cpp
  VariableTimeStepDirectIntegrationAnalysis.cpp
  AlphaOSGeneralized_TP.cpp
  AlphaOS_TP.cpp
  HHTExplicit_TP.cpp
  HHTGeneralizedExplicit_TP.cpp
  HHTGeneralized_TP.cpp
  HHTHSFixedNumIter_TP.cpp
  HHTHSIncrLimit_TP.cpp
  HHTHSIncrReduct_TP.cpp
  HHT_TP.cpp
  KRAlphaExplicit_TP.cpp
  AnalysisModel.cpp
  DOF_GrpIter.cpp
  FE_EleIter.cpp
  Generating Code...
  Compiling...
  FE_Element.cpp
  LagrangeMP_FE.cpp
  LagrangeSP_FE.cpp
  PenaltyMP_FE.cpp
  PenaltySP_FE.cpp
  TransformationFE.cpp
  DOF_Group.cpp
  LagrangeDOF_Group.cpp
  TransformationDOF_Group.cpp
  AcceleratedNewton.cpp
  BFGS.cpp
  Broyden.cpp
  DomainDecompAlgo.cpp
  EquiSolnAlgo.cpp
  KrylovNewton.cpp
  Linear.cpp
  ModifiedNewton.cpp
  NewtonLineSearch.cpp
  NewtonRaphson.cpp
e:\ddr\rf_os_material_newbam\opensees\src\analysis\algorithm\equisolnalgo\newtonraphson.cpp(258): warning C4244: '=': conversion from 'double' to 'int', possible loss of data
  PeriodicNewton.cpp
  Generating Code...
  Compiling...
  SolutionAlgorithm.cpp
  Accelerator.cpp
  DifferenceAccelerator2.cpp
  KrylovAccelerator.cpp
  KrylovAccelerator2.cpp
  MillerAccelerator.cpp
  PeriodicAccelerator.cpp
  RaphsonAccelerator.cpp
  SecantAccelerator1.cpp
  SecantAccelerator2.cpp
  SecantAccelerator3.cpp
  AlphaOS.cpp
  AlphaOSGeneralized.cpp
  ArcLength.cpp
e:\ddr\rf_os_material_newbam\opensees\src\analysis\integrator\arclength.cpp(363): warning C4244: '=': conversion from 'double' to 'int', possible loss of data
  ArcLength1.cpp
e:\ddr\rf_os_material_newbam\opensees\src\analysis\integrator\arclength1.cpp(311): warning C4244: '=': conversion from 'double' to 'int', possible loss of data
  BackwardEuler.cpp
  CentralDifference.cpp
  CentralDifferenceAlternative.cpp
  CentralDifferenceNoDamping.cpp
  Collocation.cpp
  Generating Code...
  Compiling...
  CollocationHSFixedNumIter.cpp
  CollocationHSIncrLimit.cpp
  CollocationHSIncrReduct.cpp
  DisplacementControl.cpp
  EigenIntegrator.cpp
  GeneralizedAlpha.cpp
  HHT.cpp
  HHTExplicit.cpp
  HHTGeneralized.cpp
  HHTGeneralizedExplicit.cpp
  HHTHSFixedNumIter.cpp
  HHTHSIncrLimit.cpp
  HHTHSIncrReduct.cpp
  HSConstraint.cpp
e:\ddr\rf_os_material_newbam\opensees\src\analysis\integrator\hsconstraint.cpp(402): warning C4244: '=': conversion from 'double' to 'int', possible loss of data
  Houbolt.cpp
  IncrementalIntegrator.cpp
  Integrator.cpp
  KRAlphaExplicit.cpp
  LoadControl.cpp
  LoadPath.cpp
  Generating Code...
  Compiling...
  MinUnbalDispNorm.cpp
  Newmark.cpp
  Newmark1.cpp
  NewmarkExplicit.cpp
  NewmarkHSFixedNumIter.cpp
  NewmarkHSIncrLimit.cpp
  NewmarkHSIncrReduct.cpp
  PFEMIntegrator.cpp
  ParkLMS3.cpp
  StaticIntegrator.cpp
  TRBDF2.cpp
  TRBDF3.cpp
  TransientIntegrator.cpp
  WilsonTheta.cpp
  DOF_Numberer.cpp
  PlainNumberer.cpp
  ConstraintHandler.cpp
  LagrangeConstraintHandler.cpp
  PenaltyConstraintHandler.cpp
  PlainHandler.cpp
  Generating Code...
  Compiling...
  TransformationConstraintHandler.cpp
  BisectionLineSearch.cpp
  InitialInterpolatedLineSearch.cpp
  LineSearch.cpp
  RegulaFalsiLineSearch.cpp
  SecantLineSearch.cpp
  Generating Code...
  analysis.vcxproj -> E:\DDR\RF_OS_Material_newBAM\OpenSees\Win64\proj\analysis\.\..\..\lib\release\analysis.lib
