e:\ddr\rf_os_material_uniaxial_gage\opensees\win64\obj\analysis\release\analysis.pdb
e:\ddr\rf_os_material_uniaxial_gage\opensees\win64\obj\analysis\release\fe_eleiter.obj
e:\ddr\rf_os_material_uniaxial_gage\opensees\win64\obj\analysis\release\dof_grpiter.obj
e:\ddr\rf_os_material_uniaxial_gage\opensees\win64\obj\analysis\release\analysismodel.obj
e:\ddr\rf_os_material_uniaxial_gage\opensees\win64\obj\analysis\release\kralphaexplicit_tp.obj
e:\ddr\rf_os_material_uniaxial_gage\opensees\win64\obj\analysis\release\hht_tp.obj
e:\ddr\rf_os_material_uniaxial_gage\opensees\win64\obj\analysis\release\hhthsincrreduct_tp.obj
e:\ddr\rf_os_material_uniaxial_gage\opensees\win64\obj\analysis\release\hhthsincrlimit_tp.obj
e:\ddr\rf_os_material_uniaxial_gage\opensees\win64\obj\analysis\release\hhthsfixednumiter_tp.obj
e:\ddr\rf_os_material_uniaxial_gage\opensees\win64\obj\analysis\release\hhtgeneralized_tp.obj
e:\ddr\rf_os_material_uniaxial_gage\opensees\win64\obj\analysis\release\hhtgeneralizedexplicit_tp.obj
e:\ddr\rf_os_material_uniaxial_gage\opensees\win64\obj\analysis\release\hhtexplicit_tp.obj
e:\ddr\rf_os_material_uniaxial_gage\opensees\win64\obj\analysis\release\alphaos_tp.obj
e:\ddr\rf_os_material_uniaxial_gage\opensees\win64\obj\analysis\release\alphaosgeneralized_tp.obj
e:\ddr\rf_os_material_uniaxial_gage\opensees\win64\obj\analysis\release\variabletimestepdirectintegrationanalysis.obj
e:\ddr\rf_os_material_uniaxial_gage\opensees\win64\obj\analysis\release\transientanalysis.obj
e:\ddr\rf_os_material_uniaxial_gage\opensees\win64\obj\analysis\release\staticanalysis.obj
e:\ddr\rf_os_material_uniaxial_gage\opensees\win64\obj\analysis\release\pfemanalysis.obj
e:\ddr\rf_os_material_uniaxial_gage\opensees\win64\obj\analysis\release\domaindecompositionanalysis.obj
e:\ddr\rf_os_material_uniaxial_gage\opensees\win64\obj\analysis\release\directintegrationanalysis.obj
e:\ddr\rf_os_material_uniaxial_gage\opensees\win64\obj\analysis\release\analysis.obj
e:\ddr\rf_os_material_uniaxial_gage\opensees\win64\obj\analysis\release\periodicnewton.obj
e:\ddr\rf_os_material_uniaxial_gage\opensees\win64\obj\analysis\release\newtonraphson.obj
e:\ddr\rf_os_material_uniaxial_gage\opensees\win64\obj\analysis\release\newtonlinesearch.obj
e:\ddr\rf_os_material_uniaxial_gage\opensees\win64\obj\analysis\release\modifiednewton.obj
e:\ddr\rf_os_material_uniaxial_gage\opensees\win64\obj\analysis\release\linear.obj
e:\ddr\rf_os_material_uniaxial_gage\opensees\win64\obj\analysis\release\krylovnewton.obj
e:\ddr\rf_os_material_uniaxial_gage\opensees\win64\obj\analysis\release\equisolnalgo.obj
e:\ddr\rf_os_material_uniaxial_gage\opensees\win64\obj\analysis\release\domaindecompalgo.obj
e:\ddr\rf_os_material_uniaxial_gage\opensees\win64\obj\analysis\release\broyden.obj
e:\ddr\rf_os_material_uniaxial_gage\opensees\win64\obj\analysis\release\bfgs.obj
e:\ddr\rf_os_material_uniaxial_gage\opensees\win64\obj\analysis\release\acceleratednewton.obj
e:\ddr\rf_os_material_uniaxial_gage\opensees\win64\obj\analysis\release\transformationdof_group.obj
e:\ddr\rf_os_material_uniaxial_gage\opensees\win64\obj\analysis\release\lagrangedof_group.obj
e:\ddr\rf_os_material_uniaxial_gage\opensees\win64\obj\analysis\release\dof_group.obj
e:\ddr\rf_os_material_uniaxial_gage\opensees\win64\obj\analysis\release\transformationfe.obj
e:\ddr\rf_os_material_uniaxial_gage\opensees\win64\obj\analysis\release\penaltysp_fe.obj
e:\ddr\rf_os_material_uniaxial_gage\opensees\win64\obj\analysis\release\penaltymp_fe.obj
e:\ddr\rf_os_material_uniaxial_gage\opensees\win64\obj\analysis\release\lagrangesp_fe.obj
e:\ddr\rf_os_material_uniaxial_gage\opensees\win64\obj\analysis\release\lagrangemp_fe.obj
e:\ddr\rf_os_material_uniaxial_gage\opensees\win64\obj\analysis\release\fe_element.obj
e:\ddr\rf_os_material_uniaxial_gage\opensees\win64\obj\analysis\release\collocation.obj
e:\ddr\rf_os_material_uniaxial_gage\opensees\win64\obj\analysis\release\centraldifferencenodamping.obj
e:\ddr\rf_os_material_uniaxial_gage\opensees\win64\obj\analysis\release\centraldifferencealternative.obj
e:\ddr\rf_os_material_uniaxial_gage\opensees\win64\obj\analysis\release\centraldifference.obj
e:\ddr\rf_os_material_uniaxial_gage\opensees\win64\obj\analysis\release\backwardeuler.obj
e:\ddr\rf_os_material_uniaxial_gage\opensees\win64\obj\analysis\release\arclength1.obj
e:\ddr\rf_os_material_uniaxial_gage\opensees\win64\obj\analysis\release\arclength.obj
e:\ddr\rf_os_material_uniaxial_gage\opensees\win64\obj\analysis\release\alphaosgeneralized.obj
e:\ddr\rf_os_material_uniaxial_gage\opensees\win64\obj\analysis\release\alphaos.obj
e:\ddr\rf_os_material_uniaxial_gage\opensees\win64\obj\analysis\release\secantaccelerator3.obj
e:\ddr\rf_os_material_uniaxial_gage\opensees\win64\obj\analysis\release\secantaccelerator2.obj
e:\ddr\rf_os_material_uniaxial_gage\opensees\win64\obj\analysis\release\secantaccelerator1.obj
e:\ddr\rf_os_material_uniaxial_gage\opensees\win64\obj\analysis\release\raphsonaccelerator.obj
e:\ddr\rf_os_material_uniaxial_gage\opensees\win64\obj\analysis\release\periodicaccelerator.obj
e:\ddr\rf_os_material_uniaxial_gage\opensees\win64\obj\analysis\release\milleraccelerator.obj
e:\ddr\rf_os_material_uniaxial_gage\opensees\win64\obj\analysis\release\krylovaccelerator2.obj
e:\ddr\rf_os_material_uniaxial_gage\opensees\win64\obj\analysis\release\krylovaccelerator.obj
e:\ddr\rf_os_material_uniaxial_gage\opensees\win64\obj\analysis\release\differenceaccelerator2.obj
e:\ddr\rf_os_material_uniaxial_gage\opensees\win64\obj\analysis\release\accelerator.obj
e:\ddr\rf_os_material_uniaxial_gage\opensees\win64\obj\analysis\release\solutionalgorithm.obj
e:\ddr\rf_os_material_uniaxial_gage\opensees\win64\obj\analysis\release\loadpath.obj
e:\ddr\rf_os_material_uniaxial_gage\opensees\win64\obj\analysis\release\loadcontrol.obj
e:\ddr\rf_os_material_uniaxial_gage\opensees\win64\obj\analysis\release\kralphaexplicit.obj
e:\ddr\rf_os_material_uniaxial_gage\opensees\win64\obj\analysis\release\integrator.obj
e:\ddr\rf_os_material_uniaxial_gage\opensees\win64\obj\analysis\release\incrementalintegrator.obj
e:\ddr\rf_os_material_uniaxial_gage\opensees\win64\obj\analysis\release\houbolt.obj
e:\ddr\rf_os_material_uniaxial_gage\opensees\win64\obj\analysis\release\hsconstraint.obj
e:\ddr\rf_os_material_uniaxial_gage\opensees\win64\obj\analysis\release\hhthsincrreduct.obj
e:\ddr\rf_os_material_uniaxial_gage\opensees\win64\obj\analysis\release\hhthsincrlimit.obj
e:\ddr\rf_os_material_uniaxial_gage\opensees\win64\obj\analysis\release\hhthsfixednumiter.obj
e:\ddr\rf_os_material_uniaxial_gage\opensees\win64\obj\analysis\release\hhtgeneralizedexplicit.obj
e:\ddr\rf_os_material_uniaxial_gage\opensees\win64\obj\analysis\release\hhtgeneralized.obj
e:\ddr\rf_os_material_uniaxial_gage\opensees\win64\obj\analysis\release\hhtexplicit.obj
e:\ddr\rf_os_material_uniaxial_gage\opensees\win64\obj\analysis\release\hht.obj
e:\ddr\rf_os_material_uniaxial_gage\opensees\win64\obj\analysis\release\generalizedalpha.obj
e:\ddr\rf_os_material_uniaxial_gage\opensees\win64\obj\analysis\release\eigenintegrator.obj
e:\ddr\rf_os_material_uniaxial_gage\opensees\win64\obj\analysis\release\displacementcontrol.obj
e:\ddr\rf_os_material_uniaxial_gage\opensees\win64\obj\analysis\release\collocationhsincrreduct.obj
e:\ddr\rf_os_material_uniaxial_gage\opensees\win64\obj\analysis\release\collocationhsincrlimit.obj
e:\ddr\rf_os_material_uniaxial_gage\opensees\win64\obj\analysis\release\collocationhsfixednumiter.obj
e:\ddr\rf_os_material_uniaxial_gage\opensees\win64\obj\analysis\release\plainhandler.obj
e:\ddr\rf_os_material_uniaxial_gage\opensees\win64\obj\analysis\release\penaltyconstrainthandler.obj
e:\ddr\rf_os_material_uniaxial_gage\opensees\win64\obj\analysis\release\lagrangeconstrainthandler.obj
e:\ddr\rf_os_material_uniaxial_gage\opensees\win64\obj\analysis\release\constrainthandler.obj
e:\ddr\rf_os_material_uniaxial_gage\opensees\win64\obj\analysis\release\plainnumberer.obj
e:\ddr\rf_os_material_uniaxial_gage\opensees\win64\obj\analysis\release\dof_numberer.obj
e:\ddr\rf_os_material_uniaxial_gage\opensees\win64\obj\analysis\release\wilsontheta.obj
e:\ddr\rf_os_material_uniaxial_gage\opensees\win64\obj\analysis\release\transientintegrator.obj
e:\ddr\rf_os_material_uniaxial_gage\opensees\win64\obj\analysis\release\trbdf3.obj
e:\ddr\rf_os_material_uniaxial_gage\opensees\win64\obj\analysis\release\trbdf2.obj
e:\ddr\rf_os_material_uniaxial_gage\opensees\win64\obj\analysis\release\staticintegrator.obj
e:\ddr\rf_os_material_uniaxial_gage\opensees\win64\obj\analysis\release\parklms3.obj
e:\ddr\rf_os_material_uniaxial_gage\opensees\win64\obj\analysis\release\pfemintegrator.obj
e:\ddr\rf_os_material_uniaxial_gage\opensees\win64\obj\analysis\release\newmarkhsincrreduct.obj
e:\ddr\rf_os_material_uniaxial_gage\opensees\win64\obj\analysis\release\newmarkhsincrlimit.obj
e:\ddr\rf_os_material_uniaxial_gage\opensees\win64\obj\analysis\release\newmarkhsfixednumiter.obj
e:\ddr\rf_os_material_uniaxial_gage\opensees\win64\obj\analysis\release\newmarkexplicit.obj
e:\ddr\rf_os_material_uniaxial_gage\opensees\win64\obj\analysis\release\newmark1.obj
e:\ddr\rf_os_material_uniaxial_gage\opensees\win64\obj\analysis\release\newmark.obj
e:\ddr\rf_os_material_uniaxial_gage\opensees\win64\obj\analysis\release\minunbaldispnorm.obj
e:\ddr\rf_os_material_uniaxial_gage\opensees\win64\obj\analysis\release\secantlinesearch.obj
e:\ddr\rf_os_material_uniaxial_gage\opensees\win64\obj\analysis\release\regulafalsilinesearch.obj
e:\ddr\rf_os_material_uniaxial_gage\opensees\win64\obj\analysis\release\linesearch.obj
e:\ddr\rf_os_material_uniaxial_gage\opensees\win64\obj\analysis\release\initialinterpolatedlinesearch.obj
e:\ddr\rf_os_material_uniaxial_gage\opensees\win64\obj\analysis\release\bisectionlinesearch.obj
e:\ddr\rf_os_material_uniaxial_gage\opensees\win64\obj\analysis\release\transformationconstrainthandler.obj
e:\ddr\rf_os_material_uniaxial_gage\opensees\win64\lib\release\analysis.lib
e:\ddr\rf_os_material_newbam\opensees\win64\obj\analysis\release\acceleratednewton.obj
e:\ddr\rf_os_material_newbam\opensees\win64\obj\analysis\release\accelerator.obj
e:\ddr\rf_os_material_newbam\opensees\win64\obj\analysis\release\alphaos.obj
e:\ddr\rf_os_material_newbam\opensees\win64\obj\analysis\release\alphaosgeneralized.obj
e:\ddr\rf_os_material_newbam\opensees\win64\obj\analysis\release\alphaosgeneralized_tp.obj
e:\ddr\rf_os_material_newbam\opensees\win64\obj\analysis\release\alphaos_tp.obj
e:\ddr\rf_os_material_newbam\opensees\win64\obj\analysis\release\analysis.obj
e:\ddr\rf_os_material_newbam\opensees\win64\obj\analysis\release\analysismodel.obj
e:\ddr\rf_os_material_newbam\opensees\win64\obj\analysis\release\arclength.obj
e:\ddr\rf_os_material_newbam\opensees\win64\obj\analysis\release\arclength1.obj
e:\ddr\rf_os_material_newbam\opensees\win64\obj\analysis\release\backwardeuler.obj
e:\ddr\rf_os_material_newbam\opensees\win64\obj\analysis\release\bfgs.obj
e:\ddr\rf_os_material_newbam\opensees\win64\obj\analysis\release\bisectionlinesearch.obj
e:\ddr\rf_os_material_newbam\opensees\win64\obj\analysis\release\broyden.obj
e:\ddr\rf_os_material_newbam\opensees\win64\obj\analysis\release\centraldifference.obj
e:\ddr\rf_os_material_newbam\opensees\win64\obj\analysis\release\centraldifferencealternative.obj
e:\ddr\rf_os_material_newbam\opensees\win64\obj\analysis\release\centraldifferencenodamping.obj
e:\ddr\rf_os_material_newbam\opensees\win64\obj\analysis\release\collocation.obj
e:\ddr\rf_os_material_newbam\opensees\win64\obj\analysis\release\collocationhsfixednumiter.obj
e:\ddr\rf_os_material_newbam\opensees\win64\obj\analysis\release\collocationhsincrlimit.obj
e:\ddr\rf_os_material_newbam\opensees\win64\obj\analysis\release\collocationhsincrreduct.obj
e:\ddr\rf_os_material_newbam\opensees\win64\obj\analysis\release\constrainthandler.obj
e:\ddr\rf_os_material_newbam\opensees\win64\obj\analysis\release\differenceaccelerator2.obj
e:\ddr\rf_os_material_newbam\opensees\win64\obj\analysis\release\directintegrationanalysis.obj
e:\ddr\rf_os_material_newbam\opensees\win64\obj\analysis\release\displacementcontrol.obj
e:\ddr\rf_os_material_newbam\opensees\win64\obj\analysis\release\dof_group.obj
e:\ddr\rf_os_material_newbam\opensees\win64\obj\analysis\release\dof_grpiter.obj
e:\ddr\rf_os_material_newbam\opensees\win64\obj\analysis\release\dof_numberer.obj
e:\ddr\rf_os_material_newbam\opensees\win64\obj\analysis\release\domaindecompalgo.obj
e:\ddr\rf_os_material_newbam\opensees\win64\obj\analysis\release\domaindecompositionanalysis.obj
e:\ddr\rf_os_material_newbam\opensees\win64\obj\analysis\release\eigenintegrator.obj
e:\ddr\rf_os_material_newbam\opensees\win64\obj\analysis\release\equisolnalgo.obj
e:\ddr\rf_os_material_newbam\opensees\win64\obj\analysis\release\fe_eleiter.obj
e:\ddr\rf_os_material_newbam\opensees\win64\obj\analysis\release\fe_element.obj
e:\ddr\rf_os_material_newbam\opensees\win64\obj\analysis\release\generalizedalpha.obj
e:\ddr\rf_os_material_newbam\opensees\win64\obj\analysis\release\hht.obj
e:\ddr\rf_os_material_newbam\opensees\win64\obj\analysis\release\hhtexplicit.obj
e:\ddr\rf_os_material_newbam\opensees\win64\obj\analysis\release\hhtexplicit_tp.obj
e:\ddr\rf_os_material_newbam\opensees\win64\obj\analysis\release\hhtgeneralized.obj
e:\ddr\rf_os_material_newbam\opensees\win64\obj\analysis\release\hhtgeneralizedexplicit.obj
e:\ddr\rf_os_material_newbam\opensees\win64\obj\analysis\release\hhtgeneralizedexplicit_tp.obj
e:\ddr\rf_os_material_newbam\opensees\win64\obj\analysis\release\hhtgeneralized_tp.obj
e:\ddr\rf_os_material_newbam\opensees\win64\obj\analysis\release\hhthsfixednumiter.obj
e:\ddr\rf_os_material_newbam\opensees\win64\obj\analysis\release\hhthsfixednumiter_tp.obj
e:\ddr\rf_os_material_newbam\opensees\win64\obj\analysis\release\hhthsincrlimit.obj
e:\ddr\rf_os_material_newbam\opensees\win64\obj\analysis\release\hhthsincrlimit_tp.obj
e:\ddr\rf_os_material_newbam\opensees\win64\obj\analysis\release\hhthsincrreduct.obj
e:\ddr\rf_os_material_newbam\opensees\win64\obj\analysis\release\hhthsincrreduct_tp.obj
e:\ddr\rf_os_material_newbam\opensees\win64\obj\analysis\release\hht_tp.obj
e:\ddr\rf_os_material_newbam\opensees\win64\obj\analysis\release\houbolt.obj
e:\ddr\rf_os_material_newbam\opensees\win64\obj\analysis\release\hsconstraint.obj
e:\ddr\rf_os_material_newbam\opensees\win64\obj\analysis\release\incrementalintegrator.obj
e:\ddr\rf_os_material_newbam\opensees\win64\obj\analysis\release\initialinterpolatedlinesearch.obj
e:\ddr\rf_os_material_newbam\opensees\win64\obj\analysis\release\integrator.obj
e:\ddr\rf_os_material_newbam\opensees\win64\obj\analysis\release\kralphaexplicit.obj
e:\ddr\rf_os_material_newbam\opensees\win64\obj\analysis\release\kralphaexplicit_tp.obj
e:\ddr\rf_os_material_newbam\opensees\win64\obj\analysis\release\krylovaccelerator.obj
e:\ddr\rf_os_material_newbam\opensees\win64\obj\analysis\release\krylovaccelerator2.obj
e:\ddr\rf_os_material_newbam\opensees\win64\obj\analysis\release\krylovnewton.obj
e:\ddr\rf_os_material_newbam\opensees\win64\obj\analysis\release\lagrangeconstrainthandler.obj
e:\ddr\rf_os_material_newbam\opensees\win64\obj\analysis\release\lagrangedof_group.obj
e:\ddr\rf_os_material_newbam\opensees\win64\obj\analysis\release\lagrangemp_fe.obj
e:\ddr\rf_os_material_newbam\opensees\win64\obj\analysis\release\lagrangesp_fe.obj
e:\ddr\rf_os_material_newbam\opensees\win64\obj\analysis\release\linear.obj
e:\ddr\rf_os_material_newbam\opensees\win64\obj\analysis\release\linesearch.obj
e:\ddr\rf_os_material_newbam\opensees\win64\obj\analysis\release\loadcontrol.obj
e:\ddr\rf_os_material_newbam\opensees\win64\obj\analysis\release\loadpath.obj
e:\ddr\rf_os_material_newbam\opensees\win64\obj\analysis\release\milleraccelerator.obj
e:\ddr\rf_os_material_newbam\opensees\win64\obj\analysis\release\minunbaldispnorm.obj
e:\ddr\rf_os_material_newbam\opensees\win64\obj\analysis\release\modifiednewton.obj
e:\ddr\rf_os_material_newbam\opensees\win64\obj\analysis\release\newmark.obj
e:\ddr\rf_os_material_newbam\opensees\win64\obj\analysis\release\newmark1.obj
e:\ddr\rf_os_material_newbam\opensees\win64\obj\analysis\release\newmarkexplicit.obj
e:\ddr\rf_os_material_newbam\opensees\win64\obj\analysis\release\newmarkhsfixednumiter.obj
e:\ddr\rf_os_material_newbam\opensees\win64\obj\analysis\release\newmarkhsincrlimit.obj
e:\ddr\rf_os_material_newbam\opensees\win64\obj\analysis\release\newmarkhsincrreduct.obj
e:\ddr\rf_os_material_newbam\opensees\win64\obj\analysis\release\newtonlinesearch.obj
e:\ddr\rf_os_material_newbam\opensees\win64\obj\analysis\release\newtonraphson.obj
e:\ddr\rf_os_material_newbam\opensees\win64\obj\analysis\release\parklms3.obj
e:\ddr\rf_os_material_newbam\opensees\win64\obj\analysis\release\penaltyconstrainthandler.obj
e:\ddr\rf_os_material_newbam\opensees\win64\obj\analysis\release\penaltymp_fe.obj
e:\ddr\rf_os_material_newbam\opensees\win64\obj\analysis\release\penaltysp_fe.obj
e:\ddr\rf_os_material_newbam\opensees\win64\obj\analysis\release\periodicaccelerator.obj
e:\ddr\rf_os_material_newbam\opensees\win64\obj\analysis\release\periodicnewton.obj
e:\ddr\rf_os_material_newbam\opensees\win64\obj\analysis\release\pfemanalysis.obj
e:\ddr\rf_os_material_newbam\opensees\win64\obj\analysis\release\pfemintegrator.obj
e:\ddr\rf_os_material_newbam\opensees\win64\obj\analysis\release\plainhandler.obj
e:\ddr\rf_os_material_newbam\opensees\win64\obj\analysis\release\plainnumberer.obj
e:\ddr\rf_os_material_newbam\opensees\win64\obj\analysis\release\raphsonaccelerator.obj
e:\ddr\rf_os_material_newbam\opensees\win64\obj\analysis\release\regulafalsilinesearch.obj
e:\ddr\rf_os_material_newbam\opensees\win64\obj\analysis\release\secantaccelerator1.obj
e:\ddr\rf_os_material_newbam\opensees\win64\obj\analysis\release\secantaccelerator2.obj
e:\ddr\rf_os_material_newbam\opensees\win64\obj\analysis\release\secantaccelerator3.obj
e:\ddr\rf_os_material_newbam\opensees\win64\obj\analysis\release\secantlinesearch.obj
e:\ddr\rf_os_material_newbam\opensees\win64\obj\analysis\release\solutionalgorithm.obj
e:\ddr\rf_os_material_newbam\opensees\win64\obj\analysis\release\staticanalysis.obj
e:\ddr\rf_os_material_newbam\opensees\win64\obj\analysis\release\staticintegrator.obj
e:\ddr\rf_os_material_newbam\opensees\win64\obj\analysis\release\transformationconstrainthandler.obj
e:\ddr\rf_os_material_newbam\opensees\win64\obj\analysis\release\transformationdof_group.obj
e:\ddr\rf_os_material_newbam\opensees\win64\obj\analysis\release\transformationfe.obj
e:\ddr\rf_os_material_newbam\opensees\win64\obj\analysis\release\transientanalysis.obj
e:\ddr\rf_os_material_newbam\opensees\win64\obj\analysis\release\transientintegrator.obj
e:\ddr\rf_os_material_newbam\opensees\win64\obj\analysis\release\trbdf2.obj
e:\ddr\rf_os_material_newbam\opensees\win64\obj\analysis\release\trbdf3.obj
e:\ddr\rf_os_material_newbam\opensees\win64\obj\analysis\release\variabletimestepdirectintegrationanalysis.obj
e:\ddr\rf_os_material_newbam\opensees\win64\obj\analysis\release\wilsontheta.obj
e:\ddr\rf_os_material_newbam\opensees\win64\obj\analysis\release\analysis.pdb
e:\ddr\rf_os_material_newbam\opensees\win64\proj\analysis\.\..\..\lib\release\analysis.lib
e:\ddr\rf_os_material_newbam\opensees\win64\obj\analysis\release\analysis.tlog\cl.command.1.tlog
e:\ddr\rf_os_material_newbam\opensees\win64\obj\analysis\release\analysis.tlog\cl.read.1.tlog
e:\ddr\rf_os_material_newbam\opensees\win64\obj\analysis\release\analysis.tlog\cl.write.1.tlog
e:\ddr\rf_os_material_newbam\opensees\win64\obj\analysis\release\analysis.tlog\lib-link.read.1.tlog
e:\ddr\rf_os_material_newbam\opensees\win64\obj\analysis\release\analysis.tlog\lib-link.write.1.tlog
e:\ddr\rf_os_material_newbam\opensees\win64\obj\analysis\release\analysis.tlog\lib.command.1.tlog
