e:\ddr\rf_os_material_uniaxial_gage\opensees\win64\obj\cssparse\release\cssparse.pdb
e:\ddr\rf_os_material_uniaxial_gage\opensees\win64\obj\cssparse\release\cs_ipvec.obj
e:\ddr\rf_os_material_uniaxial_gage\opensees\win64\obj\cssparse\release\cs_house.obj
e:\ddr\rf_os_material_uniaxial_gage\opensees\win64\obj\cssparse\release\cs_happly.obj
e:\ddr\rf_os_material_uniaxial_gage\opensees\win64\obj\cssparse\release\cs_gaxpy.obj
e:\ddr\rf_os_material_uniaxial_gage\opensees\win64\obj\cssparse\release\cs_fkeep.obj
e:\ddr\rf_os_material_uniaxial_gage\opensees\win64\obj\cssparse\release\cs_etree.obj
e:\ddr\rf_os_material_uniaxial_gage\opensees\win64\obj\cssparse\release\cs_ereach.obj
e:\ddr\rf_os_material_uniaxial_gage\opensees\win64\obj\cssparse\release\cs_entry.obj
e:\ddr\rf_os_material_uniaxial_gage\opensees\win64\obj\cssparse\release\cs_dupl.obj
e:\ddr\rf_os_material_uniaxial_gage\opensees\win64\obj\cssparse\release\cs_dropzeros.obj
e:\ddr\rf_os_material_uniaxial_gage\opensees\win64\obj\cssparse\release\cs_droptol.obj
e:\ddr\rf_os_material_uniaxial_gage\opensees\win64\obj\cssparse\release\cs_dmperm.obj
e:\ddr\rf_os_material_uniaxial_gage\opensees\win64\obj\cssparse\release\cs_dfs.obj
e:\ddr\rf_os_material_uniaxial_gage\opensees\win64\obj\cssparse\release\cs_cumsum.obj
e:\ddr\rf_os_material_uniaxial_gage\opensees\win64\obj\cssparse\release\cs_counts.obj
e:\ddr\rf_os_material_uniaxial_gage\opensees\win64\obj\cssparse\release\cs_compress.obj
e:\ddr\rf_os_material_uniaxial_gage\opensees\win64\obj\cssparse\release\cs_cholsol.obj
e:\ddr\rf_os_material_uniaxial_gage\opensees\win64\obj\cssparse\release\cs_chol.obj
e:\ddr\rf_os_material_uniaxial_gage\opensees\win64\obj\cssparse\release\cs_amd.obj
e:\ddr\rf_os_material_uniaxial_gage\opensees\win64\obj\cssparse\release\cs_add.obj
e:\ddr\rf_os_material_uniaxial_gage\opensees\win64\obj\cssparse\release\cs_scatter.obj
e:\ddr\rf_os_material_uniaxial_gage\opensees\win64\obj\cssparse\release\cs_reach.obj
e:\ddr\rf_os_material_uniaxial_gage\opensees\win64\obj\cssparse\release\cs_randperm.obj
e:\ddr\rf_os_material_uniaxial_gage\opensees\win64\obj\cssparse\release\cs_qrsol.obj
e:\ddr\rf_os_material_uniaxial_gage\opensees\win64\obj\cssparse\release\cs_qr.obj
e:\ddr\rf_os_material_uniaxial_gage\opensees\win64\obj\cssparse\release\cs_pvec.obj
e:\ddr\rf_os_material_uniaxial_gage\opensees\win64\obj\cssparse\release\cs_print.obj
e:\ddr\rf_os_material_uniaxial_gage\opensees\win64\obj\cssparse\release\cs_post.obj
e:\ddr\rf_os_material_uniaxial_gage\opensees\win64\obj\cssparse\release\cs_pinv.obj
e:\ddr\rf_os_material_uniaxial_gage\opensees\win64\obj\cssparse\release\cs_permute.obj
e:\ddr\rf_os_material_uniaxial_gage\opensees\win64\obj\cssparse\release\cs_norm.obj
e:\ddr\rf_os_material_uniaxial_gage\opensees\win64\obj\cssparse\release\cs_multiply.obj
e:\ddr\rf_os_material_uniaxial_gage\opensees\win64\obj\cssparse\release\cs_maxtrans.obj
e:\ddr\rf_os_material_uniaxial_gage\opensees\win64\obj\cssparse\release\cs_malloc.obj
e:\ddr\rf_os_material_uniaxial_gage\opensees\win64\obj\cssparse\release\cs_lusol.obj
e:\ddr\rf_os_material_uniaxial_gage\opensees\win64\obj\cssparse\release\cs_lu.obj
e:\ddr\rf_os_material_uniaxial_gage\opensees\win64\obj\cssparse\release\cs_ltsolve.obj
e:\ddr\rf_os_material_uniaxial_gage\opensees\win64\obj\cssparse\release\cs_lsolve.obj
e:\ddr\rf_os_material_uniaxial_gage\opensees\win64\obj\cssparse\release\cs_load.obj
e:\ddr\rf_os_material_uniaxial_gage\opensees\win64\obj\cssparse\release\cs_leaf.obj
e:\ddr\rf_os_material_uniaxial_gage\opensees\win64\obj\cssparse\release\cs_utsolve.obj
e:\ddr\rf_os_material_uniaxial_gage\opensees\win64\obj\cssparse\release\cs_util.obj
e:\ddr\rf_os_material_uniaxial_gage\opensees\win64\obj\cssparse\release\cs_usolve.obj
e:\ddr\rf_os_material_uniaxial_gage\opensees\win64\obj\cssparse\release\cs_updown.obj
e:\ddr\rf_os_material_uniaxial_gage\opensees\win64\obj\cssparse\release\cs_transpose.obj
e:\ddr\rf_os_material_uniaxial_gage\opensees\win64\obj\cssparse\release\cs_tdfs.obj
e:\ddr\rf_os_material_uniaxial_gage\opensees\win64\obj\cssparse\release\cs_symperm.obj
e:\ddr\rf_os_material_uniaxial_gage\opensees\win64\obj\cssparse\release\cs_sqr.obj
e:\ddr\rf_os_material_uniaxial_gage\opensees\win64\obj\cssparse\release\cs_spsolve.obj
e:\ddr\rf_os_material_uniaxial_gage\opensees\win64\obj\cssparse\release\cs_schol.obj
e:\ddr\rf_os_material_uniaxial_gage\opensees\win64\obj\cssparse\release\cs_scc.obj
e:\ddr\rf_os_material_uniaxial_gage\opensees\win64\lib\release\cssparse.lib
e:\ddr\rf_os_material_newbam\opensees\win64\obj\cssparse\release\cs_add.obj
e:\ddr\rf_os_material_newbam\opensees\win64\obj\cssparse\release\cs_amd.obj
e:\ddr\rf_os_material_newbam\opensees\win64\obj\cssparse\release\cs_chol.obj
e:\ddr\rf_os_material_newbam\opensees\win64\obj\cssparse\release\cs_cholsol.obj
e:\ddr\rf_os_material_newbam\opensees\win64\obj\cssparse\release\cs_compress.obj
e:\ddr\rf_os_material_newbam\opensees\win64\obj\cssparse\release\cs_counts.obj
e:\ddr\rf_os_material_newbam\opensees\win64\obj\cssparse\release\cs_cumsum.obj
e:\ddr\rf_os_material_newbam\opensees\win64\obj\cssparse\release\cs_dfs.obj
e:\ddr\rf_os_material_newbam\opensees\win64\obj\cssparse\release\cs_dmperm.obj
e:\ddr\rf_os_material_newbam\opensees\win64\obj\cssparse\release\cs_droptol.obj
e:\ddr\rf_os_material_newbam\opensees\win64\obj\cssparse\release\cs_dropzeros.obj
e:\ddr\rf_os_material_newbam\opensees\win64\obj\cssparse\release\cs_dupl.obj
e:\ddr\rf_os_material_newbam\opensees\win64\obj\cssparse\release\cs_entry.obj
e:\ddr\rf_os_material_newbam\opensees\win64\obj\cssparse\release\cs_ereach.obj
e:\ddr\rf_os_material_newbam\opensees\win64\obj\cssparse\release\cs_etree.obj
e:\ddr\rf_os_material_newbam\opensees\win64\obj\cssparse\release\cs_fkeep.obj
e:\ddr\rf_os_material_newbam\opensees\win64\obj\cssparse\release\cs_gaxpy.obj
e:\ddr\rf_os_material_newbam\opensees\win64\obj\cssparse\release\cs_happly.obj
e:\ddr\rf_os_material_newbam\opensees\win64\obj\cssparse\release\cs_house.obj
e:\ddr\rf_os_material_newbam\opensees\win64\obj\cssparse\release\cs_ipvec.obj
e:\ddr\rf_os_material_newbam\opensees\win64\obj\cssparse\release\cs_leaf.obj
e:\ddr\rf_os_material_newbam\opensees\win64\obj\cssparse\release\cs_load.obj
e:\ddr\rf_os_material_newbam\opensees\win64\obj\cssparse\release\cs_lsolve.obj
e:\ddr\rf_os_material_newbam\opensees\win64\obj\cssparse\release\cs_ltsolve.obj
e:\ddr\rf_os_material_newbam\opensees\win64\obj\cssparse\release\cs_lu.obj
e:\ddr\rf_os_material_newbam\opensees\win64\obj\cssparse\release\cs_lusol.obj
e:\ddr\rf_os_material_newbam\opensees\win64\obj\cssparse\release\cs_malloc.obj
e:\ddr\rf_os_material_newbam\opensees\win64\obj\cssparse\release\cs_maxtrans.obj
e:\ddr\rf_os_material_newbam\opensees\win64\obj\cssparse\release\cs_multiply.obj
e:\ddr\rf_os_material_newbam\opensees\win64\obj\cssparse\release\cs_norm.obj
e:\ddr\rf_os_material_newbam\opensees\win64\obj\cssparse\release\cs_permute.obj
e:\ddr\rf_os_material_newbam\opensees\win64\obj\cssparse\release\cs_pinv.obj
e:\ddr\rf_os_material_newbam\opensees\win64\obj\cssparse\release\cs_post.obj
e:\ddr\rf_os_material_newbam\opensees\win64\obj\cssparse\release\cs_print.obj
e:\ddr\rf_os_material_newbam\opensees\win64\obj\cssparse\release\cs_pvec.obj
e:\ddr\rf_os_material_newbam\opensees\win64\obj\cssparse\release\cs_qr.obj
e:\ddr\rf_os_material_newbam\opensees\win64\obj\cssparse\release\cs_qrsol.obj
e:\ddr\rf_os_material_newbam\opensees\win64\obj\cssparse\release\cs_randperm.obj
e:\ddr\rf_os_material_newbam\opensees\win64\obj\cssparse\release\cs_reach.obj
e:\ddr\rf_os_material_newbam\opensees\win64\obj\cssparse\release\cs_scatter.obj
e:\ddr\rf_os_material_newbam\opensees\win64\obj\cssparse\release\cs_scc.obj
e:\ddr\rf_os_material_newbam\opensees\win64\obj\cssparse\release\cs_schol.obj
e:\ddr\rf_os_material_newbam\opensees\win64\obj\cssparse\release\cs_spsolve.obj
e:\ddr\rf_os_material_newbam\opensees\win64\obj\cssparse\release\cs_sqr.obj
e:\ddr\rf_os_material_newbam\opensees\win64\obj\cssparse\release\cs_symperm.obj
e:\ddr\rf_os_material_newbam\opensees\win64\obj\cssparse\release\cs_tdfs.obj
e:\ddr\rf_os_material_newbam\opensees\win64\obj\cssparse\release\cs_transpose.obj
e:\ddr\rf_os_material_newbam\opensees\win64\obj\cssparse\release\cs_updown.obj
e:\ddr\rf_os_material_newbam\opensees\win64\obj\cssparse\release\cs_usolve.obj
e:\ddr\rf_os_material_newbam\opensees\win64\obj\cssparse\release\cs_util.obj
e:\ddr\rf_os_material_newbam\opensees\win64\obj\cssparse\release\cs_utsolve.obj
e:\ddr\rf_os_material_newbam\opensees\win64\obj\cssparse\release\cssparse.pdb
e:\ddr\rf_os_material_newbam\opensees\win64\proj\cssparse\.\..\..\lib\release\cssparse.lib
e:\ddr\rf_os_material_newbam\opensees\win64\obj\cssparse\release\cssparse.tlog\cl.command.1.tlog
e:\ddr\rf_os_material_newbam\opensees\win64\obj\cssparse\release\cssparse.tlog\cl.read.1.tlog
e:\ddr\rf_os_material_newbam\opensees\win64\obj\cssparse\release\cssparse.tlog\cl.write.1.tlog
e:\ddr\rf_os_material_newbam\opensees\win64\obj\cssparse\release\cssparse.tlog\lib-link.read.1.tlog
e:\ddr\rf_os_material_newbam\opensees\win64\obj\cssparse\release\cssparse.tlog\lib-link.write.1.tlog
e:\ddr\rf_os_material_newbam\opensees\win64\obj\cssparse\release\cssparse.tlog\lib.command.1.tlog
