  cs_add.c
  cs_amd.c
e:\ddr\rf_os_material_newbam\opensees\other\csparse\cs_amd.c(31): warning C4244: '=': conversion from 'double' to 'int', possible loss of data
  cs_chol.c
  cs_cholsol.c
  cs_compress.c
  cs_counts.c
  cs_cumsum.c
  cs_dfs.c
  cs_dmperm.c
  cs_droptol.c
  cs_dropzeros.c
  cs_dupl.c
  cs_entry.c
  cs_ereach.c
  cs_etree.c
  cs_fkeep.c
  cs_gaxpy.c
  cs_happly.c
  cs_house.c
  cs_ipvec.c
  Generating Code...
  Compiling...
  cs_leaf.c
  cs_load.c
  cs_lsolve.c
  cs_ltsolve.c
  cs_lu.c
e:\ddr\rf_os_material_newbam\opensees\other\csparse\cs_lu.c(11): warning C4244: '=': conversion from 'const double' to 'int', possible loss of data
  cs_lusol.c
  cs_malloc.c
  cs_maxtrans.c
  cs_multiply.c
  cs_norm.c
  cs_permute.c
  cs_pinv.c
  cs_post.c
  cs_print.c
  cs_pvec.c
  cs_qr.c
e:\ddr\rf_os_material_newbam\opensees\other\csparse\cs_qr.c(13): warning C4244: '=': conversion from 'const double' to 'int', possible loss of data
  cs_qrsol.c
  cs_randperm.c
  cs_reach.c
  cs_scatter.c
  Generating Code...
  Compiling...
  cs_scc.c
  cs_schol.c
  cs_spsolve.c
  cs_sqr.c
  cs_symperm.c
  cs_tdfs.c
  cs_transpose.c
  cs_updown.c
  cs_usolve.c
  cs_util.c
  cs_utsolve.c
  Generating Code...
  cssparse.vcxproj -> E:\DDR\RF_OS_Material_newBAM\OpenSees\Win64\proj\cssparse\.\..\..\lib\release\cssparse.lib
