e:\ddr\rf_os_material_uniaxial_gage\opensees\win64\obj\system\release\system.pdb
e:\ddr\rf_os_material_uniaxial_gage\opensees\win64\obj\system\release\bandgenlinsolver.obj
e:\ddr\rf_os_material_uniaxial_gage\opensees\win64\obj\system\release\bandgenlinsoe.obj
e:\ddr\rf_os_material_uniaxial_gage\opensees\win64\obj\system\release\bandgenlinlapacksolver.obj
e:\ddr\rf_os_material_uniaxial_gage\opensees\win64\obj\system\release\symsparselinsolver.obj
e:\ddr\rf_os_material_uniaxial_gage\opensees\win64\obj\system\release\symsparselinsoe.obj
e:\ddr\rf_os_material_uniaxial_gage\opensees\win64\obj\system\release\sprofilespdlinsolver.obj
e:\ddr\rf_os_material_uniaxial_gage\opensees\win64\obj\system\release\sprofilespdlinsoe.obj
e:\ddr\rf_os_material_uniaxial_gage\opensees\win64\obj\system\release\profilespdlinsubstrsolver.obj
e:\ddr\rf_os_material_uniaxial_gage\opensees\win64\obj\system\release\profilespdlinsolver.obj
e:\ddr\rf_os_material_uniaxial_gage\opensees\win64\obj\system\release\profilespdlinsoe.obj
e:\ddr\rf_os_material_uniaxial_gage\opensees\win64\obj\system\release\profilespdlindirectsolver.obj
e:\ddr\rf_os_material_uniaxial_gage\opensees\win64\obj\system\release\distributedprofilespdlinsoe.obj
e:\ddr\rf_os_material_uniaxial_gage\opensees\win64\obj\system\release\systemofeqn.obj
e:\ddr\rf_os_material_uniaxial_gage\opensees\win64\obj\system\release\solver.obj
e:\ddr\rf_os_material_uniaxial_gage\opensees\win64\obj\system\release\pfemsolver_umfpack.obj
e:\ddr\rf_os_material_uniaxial_gage\opensees\win64\obj\system\release\linearsoesolver.obj
e:\ddr\rf_os_material_uniaxial_gage\opensees\win64\obj\system\release\linearsoe.obj
e:\ddr\rf_os_material_uniaxial_gage\opensees\win64\obj\system\release\eigensolver.obj
e:\ddr\rf_os_material_uniaxial_gage\opensees\win64\obj\system\release\eigensoe.obj
e:\ddr\rf_os_material_uniaxial_gage\opensees\win64\obj\system\release\domainsolver.obj
e:\ddr\rf_os_material_uniaxial_gage\opensees\win64\obj\system\release\sparsegenrowlinsolver.obj
e:\ddr\rf_os_material_uniaxial_gage\opensees\win64\obj\system\release\sparsegenrowlinsoe.obj
e:\ddr\rf_os_material_uniaxial_gage\opensees\win64\obj\system\release\sparsegencollinsolver.obj
e:\ddr\rf_os_material_uniaxial_gage\opensees\win64\obj\system\release\sparsegencollinsoe.obj
e:\ddr\rf_os_material_uniaxial_gage\opensees\win64\obj\system\release\pfemsolver.obj
e:\ddr\rf_os_material_uniaxial_gage\opensees\win64\obj\system\release\pfemlinsoe.obj
e:\ddr\rf_os_material_uniaxial_gage\opensees\win64\obj\system\release\pfemcompressiblesolver.obj
e:\ddr\rf_os_material_uniaxial_gage\opensees\win64\obj\system\release\pfemcompressiblelinsoe.obj
e:\ddr\rf_os_material_uniaxial_gage\opensees\win64\obj\system\release\umfpackgenlinsolver.obj
e:\ddr\rf_os_material_uniaxial_gage\opensees\win64\obj\system\release\umfpackgenlinsoe.obj
e:\ddr\rf_os_material_uniaxial_gage\opensees\win64\obj\system\release\fullgenlinsolver.obj
e:\ddr\rf_os_material_uniaxial_gage\opensees\win64\obj\system\release\fullgenlinsoe.obj
e:\ddr\rf_os_material_uniaxial_gage\opensees\win64\obj\system\release\fullgenlinlapacksolver.obj
e:\ddr\rf_os_material_uniaxial_gage\opensees\win64\obj\system\release\fullgeneigensolver.obj
e:\ddr\rf_os_material_uniaxial_gage\opensees\win64\obj\system\release\fullgeneigensoe.obj
e:\ddr\rf_os_material_uniaxial_gage\opensees\win64\obj\system\release\distributedbandspdlinsoe.obj
e:\ddr\rf_os_material_uniaxial_gage\opensees\win64\obj\system\release\bandspdlinsolver.obj
e:\ddr\rf_os_material_uniaxial_gage\opensees\win64\obj\system\release\bandspdlinsoe.obj
e:\ddr\rf_os_material_uniaxial_gage\opensees\win64\obj\system\release\bandspdlinlapacksolver.obj
e:\ddr\rf_os_material_uniaxial_gage\opensees\win64\obj\system\release\distributedbandgenlinsoe.obj
e:\ddr\rf_os_material_uniaxial_gage\opensees\win64\obj\system\release\distributeddiagonalsolver.obj
e:\ddr\rf_os_material_uniaxial_gage\opensees\win64\obj\system\release\distributeddiagonalsoe.obj
e:\ddr\rf_os_material_uniaxial_gage\opensees\win64\obj\system\release\diagonalsolver.obj
e:\ddr\rf_os_material_uniaxial_gage\opensees\win64\obj\system\release\diagonalsoe.obj
e:\ddr\rf_os_material_uniaxial_gage\opensees\win64\obj\system\release\diagonaldirectsolver.obj
e:\ddr\rf_os_material_uniaxial_gage\opensees\win64\obj\system\release\symbandeigensolver.obj
e:\ddr\rf_os_material_uniaxial_gage\opensees\win64\obj\system\release\symbandeigensoe.obj
e:\ddr\rf_os_material_uniaxial_gage\opensees\win64\obj\system\release\arpacksolver.obj
e:\ddr\rf_os_material_uniaxial_gage\opensees\win64\obj\system\release\arpacksoe.obj
e:\ddr\rf_os_material_uniaxial_gage\opensees\win64\obj\system\release\superlu.obj
e:\ddr\rf_os_material_uniaxial_gage\opensees\win64\obj\system\release\utility.obj
e:\ddr\rf_os_material_uniaxial_gage\opensees\win64\obj\system\release\tim.obj
e:\ddr\rf_os_material_uniaxial_gage\opensees\win64\obj\system\release\symbolic.obj
e:\ddr\rf_os_material_uniaxial_gage\opensees\win64\obj\system\release\nnsim.obj
e:\ddr\rf_os_material_uniaxial_gage\opensees\win64\obj\system\release\nmat.obj
e:\ddr\rf_os_material_uniaxial_gage\opensees\win64\obj\system\release\newordr.obj
e:\ddr\rf_os_material_uniaxial_gage\opensees\win64\obj\system\release\nest.obj
e:\ddr\rf_os_material_uniaxial_gage\opensees\win64\obj\system\release\grcm.obj
e:\ddr\rf_os_material_uniaxial_gage\opensees\win64\lib\release\system.lib
e:\ddr\rf_os_material_newbam\opensees\win64\obj\system\release\arpacksoe.obj
e:\ddr\rf_os_material_newbam\opensees\win64\obj\system\release\arpacksolver.obj
e:\ddr\rf_os_material_newbam\opensees\win64\obj\system\release\bandgenlinlapacksolver.obj
e:\ddr\rf_os_material_newbam\opensees\win64\obj\system\release\bandgenlinsoe.obj
e:\ddr\rf_os_material_newbam\opensees\win64\obj\system\release\bandgenlinsolver.obj
e:\ddr\rf_os_material_newbam\opensees\win64\obj\system\release\bandspdlinlapacksolver.obj
e:\ddr\rf_os_material_newbam\opensees\win64\obj\system\release\bandspdlinsoe.obj
e:\ddr\rf_os_material_newbam\opensees\win64\obj\system\release\bandspdlinsolver.obj
e:\ddr\rf_os_material_newbam\opensees\win64\obj\system\release\diagonaldirectsolver.obj
e:\ddr\rf_os_material_newbam\opensees\win64\obj\system\release\diagonalsoe.obj
e:\ddr\rf_os_material_newbam\opensees\win64\obj\system\release\diagonalsolver.obj
e:\ddr\rf_os_material_newbam\opensees\win64\obj\system\release\distributedbandgenlinsoe.obj
e:\ddr\rf_os_material_newbam\opensees\win64\obj\system\release\distributedbandspdlinsoe.obj
e:\ddr\rf_os_material_newbam\opensees\win64\obj\system\release\distributeddiagonalsoe.obj
e:\ddr\rf_os_material_newbam\opensees\win64\obj\system\release\distributeddiagonalsolver.obj
e:\ddr\rf_os_material_newbam\opensees\win64\obj\system\release\distributedprofilespdlinsoe.obj
e:\ddr\rf_os_material_newbam\opensees\win64\obj\system\release\domainsolver.obj
e:\ddr\rf_os_material_newbam\opensees\win64\obj\system\release\eigensoe.obj
e:\ddr\rf_os_material_newbam\opensees\win64\obj\system\release\eigensolver.obj
e:\ddr\rf_os_material_newbam\opensees\win64\obj\system\release\fullgeneigensoe.obj
e:\ddr\rf_os_material_newbam\opensees\win64\obj\system\release\fullgeneigensolver.obj
e:\ddr\rf_os_material_newbam\opensees\win64\obj\system\release\fullgenlinlapacksolver.obj
e:\ddr\rf_os_material_newbam\opensees\win64\obj\system\release\fullgenlinsoe.obj
e:\ddr\rf_os_material_newbam\opensees\win64\obj\system\release\fullgenlinsolver.obj
e:\ddr\rf_os_material_newbam\opensees\win64\obj\system\release\grcm.obj
e:\ddr\rf_os_material_newbam\opensees\win64\obj\system\release\linearsoe.obj
e:\ddr\rf_os_material_newbam\opensees\win64\obj\system\release\linearsoesolver.obj
e:\ddr\rf_os_material_newbam\opensees\win64\obj\system\release\nest.obj
e:\ddr\rf_os_material_newbam\opensees\win64\obj\system\release\newordr.obj
e:\ddr\rf_os_material_newbam\opensees\win64\obj\system\release\nmat.obj
e:\ddr\rf_os_material_newbam\opensees\win64\obj\system\release\nnsim.obj
e:\ddr\rf_os_material_newbam\opensees\win64\obj\system\release\pfemcompressiblelinsoe.obj
e:\ddr\rf_os_material_newbam\opensees\win64\obj\system\release\pfemcompressiblesolver.obj
e:\ddr\rf_os_material_newbam\opensees\win64\obj\system\release\pfemlinsoe.obj
e:\ddr\rf_os_material_newbam\opensees\win64\obj\system\release\pfemsolver.obj
e:\ddr\rf_os_material_newbam\opensees\win64\obj\system\release\pfemsolver_umfpack.obj
e:\ddr\rf_os_material_newbam\opensees\win64\obj\system\release\profilespdlindirectsolver.obj
e:\ddr\rf_os_material_newbam\opensees\win64\obj\system\release\profilespdlinsoe.obj
e:\ddr\rf_os_material_newbam\opensees\win64\obj\system\release\profilespdlinsolver.obj
e:\ddr\rf_os_material_newbam\opensees\win64\obj\system\release\profilespdlinsubstrsolver.obj
e:\ddr\rf_os_material_newbam\opensees\win64\obj\system\release\solver.obj
e:\ddr\rf_os_material_newbam\opensees\win64\obj\system\release\sparsegencollinsoe.obj
e:\ddr\rf_os_material_newbam\opensees\win64\obj\system\release\sparsegencollinsolver.obj
e:\ddr\rf_os_material_newbam\opensees\win64\obj\system\release\sparsegenrowlinsoe.obj
e:\ddr\rf_os_material_newbam\opensees\win64\obj\system\release\sparsegenrowlinsolver.obj
e:\ddr\rf_os_material_newbam\opensees\win64\obj\system\release\sprofilespdlinsoe.obj
e:\ddr\rf_os_material_newbam\opensees\win64\obj\system\release\sprofilespdlinsolver.obj
e:\ddr\rf_os_material_newbam\opensees\win64\obj\system\release\superlu.obj
e:\ddr\rf_os_material_newbam\opensees\win64\obj\system\release\symbandeigensoe.obj
e:\ddr\rf_os_material_newbam\opensees\win64\obj\system\release\symbandeigensolver.obj
e:\ddr\rf_os_material_newbam\opensees\win64\obj\system\release\symbolic.obj
e:\ddr\rf_os_material_newbam\opensees\win64\obj\system\release\symsparselinsoe.obj
e:\ddr\rf_os_material_newbam\opensees\win64\obj\system\release\symsparselinsolver.obj
e:\ddr\rf_os_material_newbam\opensees\win64\obj\system\release\systemofeqn.obj
e:\ddr\rf_os_material_newbam\opensees\win64\obj\system\release\tim.obj
e:\ddr\rf_os_material_newbam\opensees\win64\obj\system\release\umfpackgenlinsoe.obj
e:\ddr\rf_os_material_newbam\opensees\win64\obj\system\release\umfpackgenlinsolver.obj
e:\ddr\rf_os_material_newbam\opensees\win64\obj\system\release\utility.obj
e:\ddr\rf_os_material_newbam\opensees\win64\obj\system\release\system.pdb
e:\ddr\rf_os_material_newbam\opensees\win64\proj\system\.\..\..\lib\release\system.lib
e:\ddr\rf_os_material_newbam\opensees\win64\obj\system\release\system.tlog\cl.command.1.tlog
e:\ddr\rf_os_material_newbam\opensees\win64\obj\system\release\system.tlog\cl.read.1.tlog
e:\ddr\rf_os_material_newbam\opensees\win64\obj\system\release\system.tlog\cl.write.1.tlog
e:\ddr\rf_os_material_newbam\opensees\win64\obj\system\release\system.tlog\lib-link.read.1.tlog
e:\ddr\rf_os_material_newbam\opensees\win64\obj\system\release\system.tlog\lib-link.write.1.tlog
e:\ddr\rf_os_material_newbam\opensees\win64\obj\system\release\system.tlog\lib.command.1.tlog
