e:\ddr\rf_os_material_uniaxial_gage\opensees\win64\obj\handler\release\handler.pdb
e:\ddr\rf_os_material_uniaxial_gage\opensees\win64\obj\handler\release\xmlfilestream.obj
e:\ddr\rf_os_material_uniaxial_gage\opensees\win64\obj\handler\release\tcp_stream.obj
e:\ddr\rf_os_material_uniaxial_gage\opensees\win64\obj\handler\release\standardstream.obj
e:\ddr\rf_os_material_uniaxial_gage\opensees\win64\obj\handler\release\ops_stream.obj
e:\ddr\rf_os_material_uniaxial_gage\opensees\win64\obj\handler\release\filestream.obj
e:\ddr\rf_os_material_uniaxial_gage\opensees\win64\obj\handler\release\dummystream.obj
e:\ddr\rf_os_material_uniaxial_gage\opensees\win64\obj\handler\release\datafilestreamadd.obj
e:\ddr\rf_os_material_uniaxial_gage\opensees\win64\obj\handler\release\databasestream.obj
e:\ddr\rf_os_material_uniaxial_gage\opensees\win64\obj\handler\release\datafilestream.obj
e:\ddr\rf_os_material_uniaxial_gage\opensees\win64\obj\handler\release\binaryfilestream.obj
e:\ddr\rf_os_material_uniaxial_gage\opensees\win64\lib\release\handler.lib
e:\ddr\rf_os_material_newbam\opensees\win64\obj\handler\release\binaryfilestream.obj
e:\ddr\rf_os_material_newbam\opensees\win64\obj\handler\release\databasestream.obj
e:\ddr\rf_os_material_newbam\opensees\win64\obj\handler\release\datafilestream.obj
e:\ddr\rf_os_material_newbam\opensees\win64\obj\handler\release\datafilestreamadd.obj
e:\ddr\rf_os_material_newbam\opensees\win64\obj\handler\release\dummystream.obj
e:\ddr\rf_os_material_newbam\opensees\win64\obj\handler\release\filestream.obj
e:\ddr\rf_os_material_newbam\opensees\win64\obj\handler\release\ops_stream.obj
e:\ddr\rf_os_material_newbam\opensees\win64\obj\handler\release\standardstream.obj
e:\ddr\rf_os_material_newbam\opensees\win64\obj\handler\release\tcp_stream.obj
e:\ddr\rf_os_material_newbam\opensees\win64\obj\handler\release\xmlfilestream.obj
e:\ddr\rf_os_material_newbam\opensees\win64\obj\handler\release\handler.pdb
e:\ddr\rf_os_material_newbam\opensees\win64\proj\handler\.\..\..\lib\release\handler.lib
e:\ddr\rf_os_material_newbam\opensees\win64\obj\handler\release\handler.tlog\cl.command.1.tlog
e:\ddr\rf_os_material_newbam\opensees\win64\obj\handler\release\handler.tlog\cl.read.1.tlog
e:\ddr\rf_os_material_newbam\opensees\win64\obj\handler\release\handler.tlog\cl.write.1.tlog
e:\ddr\rf_os_material_newbam\opensees\win64\obj\handler\release\handler.tlog\lib-link.read.1.tlog
e:\ddr\rf_os_material_newbam\opensees\win64\obj\handler\release\handler.tlog\lib-link.write.1.tlog
e:\ddr\rf_os_material_newbam\opensees\win64\obj\handler\release\handler.tlog\lib.command.1.tlog
