e:\ddr\rf_os_material_uniaxial_gage\opensees\win64\obj\element\release\element.pdb
e:\ddr\rf_os_material_uniaxial_gage\opensees\win64\obj\element\release\dbesi1.obj
e:\ddr\rf_os_material_uniaxial_gage\opensees\win64\obj\element\release\dbesi0.obj
e:\ddr\rf_os_material_uniaxial_gage\opensees\win64\obj\element\release\triangle.obj
e:\ddr\rf_os_material_uniaxial_gage\opensees\win64\obj\element\release\particle.obj
e:\ddr\rf_os_material_uniaxial_gage\opensees\win64\obj\element\release\linemesh.obj
e:\ddr\rf_os_material_uniaxial_gage\opensees\win64\obj\element\release\backgroundstructure.obj
e:\ddr\rf_os_material_uniaxial_gage\opensees\win64\obj\element\release\backgroundmesh.obj
e:\ddr\rf_os_material_uniaxial_gage\opensees\win64\obj\element\release\backgroundgrid.obj
e:\ddr\rf_os_material_uniaxial_gage\opensees\win64\obj\element\release\backgroundfixdata.obj
e:\ddr\rf_os_material_uniaxial_gage\opensees\win64\obj\element\release\sfi_mvlem.obj
e:\ddr\rf_os_material_uniaxial_gage\opensees\win64\obj\element\release\mvlem.obj
e:\ddr\rf_os_material_uniaxial_gage\opensees\win64\obj\element\release\information.obj
e:\ddr\rf_os_material_uniaxial_gage\opensees\win64\obj\element\release\fpbearingptv.obj
e:\ddr\rf_os_material_uniaxial_gage\opensees\win64\obj\element\release\forcebeamcolumnwarping2d.obj
e:\ddr\rf_os_material_uniaxial_gage\opensees\win64\obj\element\release\forcebeamcolumn2dthermal.obj
e:\ddr\rf_os_material_uniaxial_gage\opensees\win64\obj\element\release\elasticforcebeamcolumnwarping2d.obj
e:\ddr\rf_os_material_uniaxial_gage\opensees\win64\obj\element\release\elementalload.obj
e:\ddr\rf_os_material_uniaxial_gage\opensees\win64\obj\element\release\element.obj
e:\ddr\rf_os_material_uniaxial_gage\opensees\win64\obj\element\release\elastomericbearingboucwenmod3d.obj
e:\ddr\rf_os_material_uniaxial_gage\opensees\win64\obj\element\release\dispbeamcolumn3dthermal.obj
e:\ddr\rf_os_material_uniaxial_gage\opensees\win64\obj\element\release\componentelement2d.obj
e:\ddr\rf_os_material_uniaxial_gage\opensees\win64\obj\element\release\catenarycable.obj
e:\ddr\rf_os_material_uniaxial_gage\opensees\win64\obj\element\release\corotcrdtransfwarping2d.obj
e:\ddr\rf_os_material_uniaxial_gage\opensees\win64\obj\element\release\corottruss2.obj
e:\ddr\rf_os_material_uniaxial_gage\opensees\win64\obj\element\release\corottruss.obj
e:\ddr\rf_os_material_uniaxial_gage\opensees\win64\obj\element\release\wrapperelement.obj
e:\ddr\rf_os_material_uniaxial_gage\opensees\win64\obj\element\release\quadbeamembedcontact.obj
e:\ddr\rf_os_material_uniaxial_gage\opensees\win64\obj\element\release\n4biaxialtruss.obj
e:\ddr\rf_os_material_uniaxial_gage\opensees\win64\obj\element\release\tclelementcommands.obj
e:\ddr\rf_os_material_uniaxial_gage\opensees\win64\obj\element\release\shellnldkgt.obj
e:\ddr\rf_os_material_uniaxial_gage\opensees\win64\obj\element\release\shellnldkgqthermal.obj
e:\ddr\rf_os_material_uniaxial_gage\opensees\win64\obj\element\release\shellnldkgq.obj
e:\ddr\rf_os_material_uniaxial_gage\opensees\win64\obj\element\release\shellmitc9.obj
e:\ddr\rf_os_material_uniaxial_gage\opensees\win64\obj\element\release\shellmitc4thermal.obj
e:\ddr\rf_os_material_uniaxial_gage\opensees\win64\obj\element\release\shelldkgt.obj
e:\ddr\rf_os_material_uniaxial_gage\opensees\win64\obj\element\release\shelldkgq.obj
e:\ddr\rf_os_material_uniaxial_gage\opensees\win64\obj\element\release\shellandes.obj
e:\ddr\rf_os_material_uniaxial_gage\opensees\win64\obj\element\release\trimesh.obj
e:\ddr\rf_os_material_uniaxial_gage\opensees\win64\obj\element\release\trianglemeshgenerator.obj
e:\ddr\rf_os_material_uniaxial_gage\opensees\win64\obj\element\release\tclpfemcommands.obj
e:\ddr\rf_os_material_uniaxial_gage\opensees\win64\obj\element\release\pfemelement2dmini.obj
e:\ddr\rf_os_material_uniaxial_gage\opensees\win64\obj\element\release\pfemelement2dfic.obj
e:\ddr\rf_os_material_uniaxial_gage\opensees\win64\obj\element\release\particlegroup.obj
e:\ddr\rf_os_material_uniaxial_gage\opensees\win64\obj\element\release\zerolengthnd.obj
e:\ddr\rf_os_material_uniaxial_gage\opensees\win64\obj\element\release\zerolengthinterface2d.obj
e:\ddr\rf_os_material_uniaxial_gage\opensees\win64\obj\element\release\zerolengthimpact3d.obj
e:\ddr\rf_os_material_uniaxial_gage\opensees\win64\obj\element\release\zerolengthcontactnts2d.obj
e:\ddr\rf_os_material_uniaxial_gage\opensees\win64\obj\element\release\zerolengthcontact3d.obj
e:\ddr\rf_os_material_uniaxial_gage\opensees\win64\obj\element\release\zerolengthcontact2d.obj
e:\ddr\rf_os_material_uniaxial_gage\opensees\win64\obj\element\release\zerolength.obj
e:\ddr\rf_os_material_uniaxial_gage\opensees\win64\obj\element\release\tclzerolength.obj
e:\ddr\rf_os_material_uniaxial_gage\opensees\win64\obj\element\release\coupledzerolength.obj
e:\ddr\rf_os_material_uniaxial_gage\opensees\win64\obj\element\release\vs3d4quadwithsensitivity.obj
e:\ddr\rf_os_material_uniaxial_gage\opensees\win64\obj\element\release\av3d4quadwithsensitivity.obj
e:\ddr\rf_os_material_uniaxial_gage\opensees\win64\obj\element\release\asi3d8quadwithsensitivity.obj
e:\ddr\rf_os_material_uniaxial_gage\opensees\win64\obj\element\release\ac3d8hexwithsensitivity.obj
e:\ddr\rf_os_material_uniaxial_gage\opensees\win64\obj\element\release\felmt02.obj
e:\ddr\rf_os_material_uniaxial_gage\opensees\win64\obj\element\release\felement.obj
e:\ddr\rf_os_material_uniaxial_gage\opensees\win64\obj\element\release\tclfeapelementcommand.obj
e:\ddr\rf_os_material_uniaxial_gage\opensees\win64\obj\element\release\trusssection.obj
e:\ddr\rf_os_material_uniaxial_gage\opensees\win64\obj\element\release\truss2.obj
e:\ddr\rf_os_material_uniaxial_gage\opensees\win64\obj\element\release\truss.obj
e:\ddr\rf_os_material_uniaxial_gage\opensees\win64\obj\element\release\corottrusssection.obj
e:\ddr\rf_os_material_uniaxial_gage\opensees\win64\obj\element\release\elasticbeam3d.obj
e:\ddr\rf_os_material_uniaxial_gage\opensees\win64\obj\element\release\elasticbeam2d.obj
e:\ddr\rf_os_material_uniaxial_gage\opensees\win64\obj\element\release\tclfournodequadcommand.obj
e:\ddr\rf_os_material_uniaxial_gage\opensees\win64\obj\element\release\ninenodemixedquad.obj
e:\ddr\rf_os_material_uniaxial_gage\opensees\win64\obj\element\release\fournodequadwithsensitivity.obj
e:\ddr\rf_os_material_uniaxial_gage\opensees\win64\obj\element\release\fournodequad3d.obj
e:\ddr\rf_os_material_uniaxial_gage\opensees\win64\obj\element\release\fournodequad.obj
e:\ddr\rf_os_material_uniaxial_gage\opensees\win64\obj\element\release\enhancedquad.obj
e:\ddr\rf_os_material_uniaxial_gage\opensees\win64\obj\element\release\constantpressurevolumequad.obj
e:\ddr\rf_os_material_uniaxial_gage\opensees\win64\obj\element\release\tclgeomtransfcommand.obj
e:\ddr\rf_os_material_uniaxial_gage\opensees\win64\obj\element\release\pdeltacrdtransf3d.obj
e:\ddr\rf_os_material_uniaxial_gage\opensees\win64\obj\element\release\pdeltacrdtransf2d.obj
e:\ddr\rf_os_material_uniaxial_gage\opensees\win64\obj\element\release\linearcrdtransf3d.obj
e:\ddr\rf_os_material_uniaxial_gage\opensees\win64\obj\element\release\linearcrdtransf2d.obj
e:\ddr\rf_os_material_uniaxial_gage\opensees\win64\obj\element\release\crdtransf.obj
e:\ddr\rf_os_material_uniaxial_gage\opensees\win64\obj\element\release\corotcrdtransf3d.obj
e:\ddr\rf_os_material_uniaxial_gage\opensees\win64\obj\element\release\corotcrdtransf2d.obj
e:\ddr\rf_os_material_uniaxial_gage\opensees\win64\obj\element\release\tclbeamwithhingesbuilder.obj
e:\ddr\rf_os_material_uniaxial_gage\opensees\win64\obj\element\release\zerolengthsection.obj
e:\ddr\rf_os_material_uniaxial_gage\opensees\win64\obj\element\release\zerolengthrocking.obj
e:\ddr\rf_os_material_uniaxial_gage\opensees\win64\obj\element\release\joint3d.obj
e:\ddr\rf_os_material_uniaxial_gage\opensees\win64\obj\element\release\joint2d.obj
e:\ddr\rf_os_material_uniaxial_gage\opensees\win64\obj\element\release\elastictubularjoint.obj
e:\ddr\rf_os_material_uniaxial_gage\opensees\win64\obj\element\release\beamcolumnjoint3d.obj
e:\ddr\rf_os_material_uniaxial_gage\opensees\win64\obj\element\release\beamcolumnjoint2d.obj
e:\ddr\rf_os_material_uniaxial_gage\opensees\win64\obj\element\release\dispbeamcolumn3dwithsensitivity.obj
e:\ddr\rf_os_material_uniaxial_gage\opensees\win64\obj\element\release\dispbeamcolumn3d.obj
e:\ddr\rf_os_material_uniaxial_gage\opensees\win64\obj\element\release\dispbeamcolumn2dwithsensitivity.obj
e:\ddr\rf_os_material_uniaxial_gage\opensees\win64\obj\element\release\dispbeamcolumn2d.obj
e:\ddr\rf_os_material_uniaxial_gage\opensees\win64\obj\element\release\shp3d.obj
e:\ddr\rf_os_material_uniaxial_gage\opensees\win64\obj\element\release\twenty_node_brick.obj
e:\ddr\rf_os_material_uniaxial_gage\opensees\win64\obj\element\release\tcltwenty_node_brickcommand.obj
e:\ddr\rf_os_material_uniaxial_gage\opensees\win64\obj\element\release\tclbrickcommand.obj
e:\ddr\rf_os_material_uniaxial_gage\opensees\win64\obj\element\release\brick.obj
e:\ddr\rf_os_material_uniaxial_gage\opensees\win64\obj\element\release\bbarbrickwithsensitivity.obj
e:\ddr\rf_os_material_uniaxial_gage\opensees\win64\obj\element\release\bbarbrick.obj
e:\ddr\rf_os_material_uniaxial_gage\opensees\win64\obj\element\release\tclelasticbeamcommand.obj
e:\ddr\rf_os_material_uniaxial_gage\opensees\win64\obj\element\release\modelasticbeam2d.obj
e:\ddr\rf_os_material_uniaxial_gage\opensees\win64\obj\element\release\elastictimoshenkobeam3d.obj
e:\ddr\rf_os_material_uniaxial_gage\opensees\win64\obj\element\release\elastictimoshenkobeam2d.obj
e:\ddr\rf_os_material_uniaxial_gage\opensees\win64\obj\element\release\elasticforcebeamcolumn3d.obj
e:\ddr\rf_os_material_uniaxial_gage\opensees\win64\obj\element\release\elasticforcebeamcolumn2d.obj
e:\ddr\rf_os_material_uniaxial_gage\opensees\win64\obj\element\release\updatedlagrangianbeam2d.obj
e:\ddr\rf_os_material_uniaxial_gage\opensees\win64\obj\element\release\tclelement2dys.obj
e:\ddr\rf_os_material_uniaxial_gage\opensees\win64\obj\element\release\tclelement2dgnl.obj
e:\ddr\rf_os_material_uniaxial_gage\opensees\win64\obj\element\release\tclcyclicmodelcommands.obj
e:\ddr\rf_os_material_uniaxial_gage\opensees\win64\obj\element\release\quadraticcyclic.obj
e:\ddr\rf_os_material_uniaxial_gage\opensees\win64\obj\element\release\linearcyclic.obj
e:\ddr\rf_os_material_uniaxial_gage\opensees\win64\obj\element\release\inelasticys2dgnl.obj
e:\ddr\rf_os_material_uniaxial_gage\opensees\win64\obj\element\release\inelastic2dys03.obj
e:\ddr\rf_os_material_uniaxial_gage\opensees\win64\obj\element\release\inelastic2dys02.obj
e:\ddr\rf_os_material_uniaxial_gage\opensees\win64\obj\element\release\inelastic2dys01.obj
e:\ddr\rf_os_material_uniaxial_gage\opensees\win64\obj\element\release\elastic2dgnl.obj
e:\ddr\rf_os_material_uniaxial_gage\opensees\win64\obj\element\release\cyclicmodel.obj
e:\ddr\rf_os_material_uniaxial_gage\opensees\win64\obj\element\release\bilinearcyclic.obj
e:\ddr\rf_os_material_uniaxial_gage\opensees\win64\obj\element\release\tcljoint3dcommand.obj
e:\ddr\rf_os_material_uniaxial_gage\opensees\win64\obj\element\release\tcljoint2dcommand.obj
e:\ddr\rf_os_material_uniaxial_gage\opensees\win64\obj\element\release\tclbeamcolumnjointcommand.obj
e:\ddr\rf_os_material_uniaxial_gage\opensees\win64\obj\element\release\mp_joint3d.obj
e:\ddr\rf_os_material_uniaxial_gage\opensees\win64\obj\element\release\mp_joint2d.obj
e:\ddr\rf_os_material_uniaxial_gage\opensees\win64\obj\element\release\trapezoidalbeamintegration.obj
e:\ddr\rf_os_material_uniaxial_gage\opensees\win64\obj\element\release\regularizedhingeintegration.obj
e:\ddr\rf_os_material_uniaxial_gage\opensees\win64\obj\element\release\radaubeamintegration.obj
e:\ddr\rf_os_material_uniaxial_gage\opensees\win64\obj\element\release\newtoncotesbeamintegration.obj
e:\ddr\rf_os_material_uniaxial_gage\opensees\win64\obj\element\release\middistancebeamintegration.obj
e:\ddr\rf_os_material_uniaxial_gage\opensees\win64\obj\element\release\loworderbeamintegration.obj
e:\ddr\rf_os_material_uniaxial_gage\opensees\win64\obj\element\release\lobattobeamintegration.obj
e:\ddr\rf_os_material_uniaxial_gage\opensees\win64\obj\element\release\legendrebeamintegration.obj
e:\ddr\rf_os_material_uniaxial_gage\opensees\win64\obj\element\release\hingeradautwobeamintegration.obj
e:\ddr\rf_os_material_uniaxial_gage\opensees\win64\obj\element\release\hingeradaubeamintegration.obj
e:\ddr\rf_os_material_uniaxial_gage\opensees\win64\obj\element\release\hingemidpointbeamintegration.obj
e:\ddr\rf_os_material_uniaxial_gage\opensees\win64\obj\element\release\hingeendpointbeamintegration.obj
e:\ddr\rf_os_material_uniaxial_gage\opensees\win64\obj\element\release\fixedlocationbeamintegration.obj
e:\ddr\rf_os_material_uniaxial_gage\opensees\win64\obj\element\release\disthingeintegration.obj
e:\ddr\rf_os_material_uniaxial_gage\opensees\win64\obj\element\release\compositesimpsonbeamintegration.obj
e:\ddr\rf_os_material_uniaxial_gage\opensees\win64\obj\element\release\beamintegration.obj
e:\ddr\rf_os_material_uniaxial_gage\opensees\win64\obj\element\release\tclforcebeamcolumncommand.obj
e:\ddr\rf_os_material_uniaxial_gage\opensees\win64\obj\element\release\forcebeamcolumncbdi2d.obj
e:\ddr\rf_os_material_uniaxial_gage\opensees\win64\obj\element\release\forcebeamcolumn3d.obj
e:\ddr\rf_os_material_uniaxial_gage\opensees\win64\obj\element\release\forcebeamcolumn2d.obj
e:\ddr\rf_os_material_uniaxial_gage\opensees\win64\obj\element\release\tcltwonodelinkcommand.obj
e:\ddr\rf_os_material_uniaxial_gage\opensees\win64\obj\element\release\tclgenericcopycommand.obj
e:\ddr\rf_os_material_uniaxial_gage\opensees\win64\obj\element\release\tclgenericclientcommand.obj
e:\ddr\rf_os_material_uniaxial_gage\opensees\win64\obj\element\release\genericcopy.obj
e:\ddr\rf_os_material_uniaxial_gage\opensees\win64\obj\element\release\genericclient.obj
e:\ddr\rf_os_material_uniaxial_gage\opensees\win64\obj\element\release\tcldispbeamcolumnintcommand.obj
e:\ddr\rf_os_material_uniaxial_gage\opensees\win64\obj\element\release\linearcrdtransf2dint.obj
e:\ddr\rf_os_material_uniaxial_gage\opensees\win64\obj\element\release\fibersection2dint.obj
e:\ddr\rf_os_material_uniaxial_gage\opensees\win64\obj\element\release\dispbeamcolumn2dthermal.obj
e:\ddr\rf_os_material_uniaxial_gage\opensees\win64\obj\element\release\dispbeamcolumn2dint.obj
e:\ddr\rf_os_material_uniaxial_gage\opensees\win64\obj\element\release\shp3dv.obj
e:\ddr\rf_os_material_uniaxial_gage\opensees\win64\obj\element\release\twenty_eight_node_brickup.obj
e:\ddr\rf_os_material_uniaxial_gage\opensees\win64\obj\element\release\tclfournodequadupcommand.obj
e:\ddr\rf_os_material_uniaxial_gage\opensees\win64\obj\element\release\nine_four_node_quadup.obj
e:\ddr\rf_os_material_uniaxial_gage\opensees\win64\obj\element\release\brickup.obj
e:\ddr\rf_os_material_uniaxial_gage\opensees\win64\obj\element\release\bbarfournodequadup.obj
e:\ddr\rf_os_material_uniaxial_gage\opensees\win64\obj\element\release\bbarbrickup.obj
e:\ddr\rf_os_material_uniaxial_gage\opensees\win64\obj\element\release\matrixutil.obj
e:\ddr\rf_os_material_uniaxial_gage\opensees\win64\obj\element\release\userdefinedhingeintegration.obj
e:\ddr\rf_os_material_uniaxial_gage\opensees\win64\obj\element\release\userdefinedbeamintegration.obj
e:\ddr\rf_os_material_uniaxial_gage\opensees\win64\obj\element\release\flatslidersimple3d.obj
e:\ddr\rf_os_material_uniaxial_gage\opensees\win64\obj\element\release\flatslidersimple2d.obj
e:\ddr\rf_os_material_uniaxial_gage\opensees\win64\obj\element\release\tclelastomericbearingufrpcommand.obj
e:\ddr\rf_os_material_uniaxial_gage\opensees\win64\obj\element\release\tclelastomericbearingplasticitycommand.obj
e:\ddr\rf_os_material_uniaxial_gage\opensees\win64\obj\element\release\tclelastomericbearingboucwencommand.obj
e:\ddr\rf_os_material_uniaxial_gage\opensees\win64\obj\element\release\leadrubberx.obj
e:\ddr\rf_os_material_uniaxial_gage\opensees\win64\obj\element\release\hdr.obj
e:\ddr\rf_os_material_uniaxial_gage\opensees\win64\obj\element\release\elastomericx.obj
e:\ddr\rf_os_material_uniaxial_gage\opensees\win64\obj\element\release\elastomericbearingufrp2d.obj
e:\ddr\rf_os_material_uniaxial_gage\opensees\win64\obj\element\release\elastomericbearingplasticity3d.obj
e:\ddr\rf_os_material_uniaxial_gage\opensees\win64\obj\element\release\elastomericbearingplasticity2d.obj
e:\ddr\rf_os_material_uniaxial_gage\opensees\win64\obj\element\release\elastomericbearingboucwen3d.obj
e:\ddr\rf_os_material_uniaxial_gage\opensees\win64\obj\element\release\elastomericbearingboucwen2d.obj
e:\ddr\rf_os_material_uniaxial_gage\opensees\win64\obj\element\release\tcladaptercommand.obj
e:\ddr\rf_os_material_uniaxial_gage\opensees\win64\obj\element\release\tclactuatorcorotcommand.obj
e:\ddr\rf_os_material_uniaxial_gage\opensees\win64\obj\element\release\tclactuatorcommand.obj
e:\ddr\rf_os_material_uniaxial_gage\opensees\win64\obj\element\release\adapter.obj
e:\ddr\rf_os_material_uniaxial_gage\opensees\win64\obj\element\release\actuatorcorot.obj
e:\ddr\rf_os_material_uniaxial_gage\opensees\win64\obj\element\release\actuator.obj
e:\ddr\rf_os_material_uniaxial_gage\opensees\win64\obj\element\release\twonodelink.obj
e:\ddr\rf_os_material_uniaxial_gage\opensees\win64\obj\element\release\velpressuredep.obj
e:\ddr\rf_os_material_uniaxial_gage\opensees\win64\obj\element\release\velnormalfrcdep.obj
e:\ddr\rf_os_material_uniaxial_gage\opensees\win64\obj\element\release\veldependent.obj
e:\ddr\rf_os_material_uniaxial_gage\opensees\win64\obj\element\release\veldepmultilinear.obj
e:\ddr\rf_os_material_uniaxial_gage\opensees\win64\obj\element\release\tclmodelbuilderfrictionmodelcommand.obj
e:\ddr\rf_os_material_uniaxial_gage\opensees\win64\obj\element\release\frictionresponse.obj
e:\ddr\rf_os_material_uniaxial_gage\opensees\win64\obj\element\release\frictionmodel.obj
e:\ddr\rf_os_material_uniaxial_gage\opensees\win64\obj\element\release\coulomb.obj
e:\ddr\rf_os_material_uniaxial_gage\opensees\win64\obj\element\release\triplefrictionpendulum.obj
e:\ddr\rf_os_material_uniaxial_gage\opensees\win64\obj\element\release\tclsinglefpcommand.obj
e:\ddr\rf_os_material_uniaxial_gage\opensees\win64\obj\element\release\tclrjwatsoneqscommand.obj
e:\ddr\rf_os_material_uniaxial_gage\opensees\win64\obj\element\release\tclflatslidercommand.obj
e:\ddr\rf_os_material_uniaxial_gage\opensees\win64\obj\element\release\tpb1d.obj
e:\ddr\rf_os_material_uniaxial_gage\opensees\win64\obj\element\release\tfp_bearing2d.obj
e:\ddr\rf_os_material_uniaxial_gage\opensees\win64\obj\element\release\tfp_bearing.obj
e:\ddr\rf_os_material_uniaxial_gage\opensees\win64\obj\element\release\singlefpsimple3d.obj
e:\ddr\rf_os_material_uniaxial_gage\opensees\win64\obj\element\release\singlefpsimple2d.obj
e:\ddr\rf_os_material_uniaxial_gage\opensees\win64\obj\element\release\rjwatsoneqs3d.obj
e:\ddr\rf_os_material_uniaxial_gage\opensees\win64\obj\element\release\rjwatsoneqs2d.obj
e:\ddr\rf_os_material_uniaxial_gage\opensees\win64\obj\element\release\multifp2d.obj
e:\ddr\rf_os_material_uniaxial_gage\opensees\win64\obj\element\release\shellmitc4.obj
e:\ddr\rf_os_material_uniaxial_gage\opensees\win64\obj\element\release\r3vectors.obj
e:\ddr\rf_os_material_uniaxial_gage\opensees\win64\obj\element\release\tri31.obj
e:\ddr\rf_os_material_uniaxial_gage\opensees\win64\obj\element\release\simplecontact3d.obj
e:\ddr\rf_os_material_uniaxial_gage\opensees\win64\obj\element\release\simplecontact2d.obj
e:\ddr\rf_os_material_uniaxial_gage\opensees\win64\obj\element\release\sspquadup.obj
e:\ddr\rf_os_material_uniaxial_gage\opensees\win64\obj\element\release\sspquad.obj
e:\ddr\rf_os_material_uniaxial_gage\opensees\win64\obj\element\release\sspbrickup.obj
e:\ddr\rf_os_material_uniaxial_gage\opensees\win64\obj\element\release\sspbrick.obj
e:\ddr\rf_os_material_uniaxial_gage\opensees\win64\obj\element\release\quad4fiberoverlay.obj
e:\ddr\rf_os_material_uniaxial_gage\opensees\win64\obj\element\release\piletoe3d.obj
e:\ddr\rf_os_material_uniaxial_gage\opensees\win64\obj\element\release\brick8fiberoverlay.obj
e:\ddr\rf_os_material_uniaxial_gage\opensees\win64\obj\element\release\beamendcontact3dp.obj
e:\ddr\rf_os_material_uniaxial_gage\opensees\win64\obj\element\release\beamendcontact3d.obj
e:\ddr\rf_os_material_uniaxial_gage\opensees\win64\obj\element\release\beamcontact3dp.obj
e:\ddr\rf_os_material_uniaxial_gage\opensees\win64\obj\element\release\beamcontact3d.obj
e:\ddr\rf_os_material_uniaxial_gage\opensees\win64\obj\element\release\beamcontact2dp.obj
e:\ddr\rf_os_material_uniaxial_gage\opensees\win64\obj\element\release\beamcontact2d.obj
e:\ddr\rf_os_material_uniaxial_gage\opensees\win64\obj\element\release\surfaceload.obj
e:\ddr\rf_os_material_uniaxial_gage\opensees\win64\obj\element\release\py_macro2d.obj
e:\ddr\rf_os_material_uniaxial_gage\opensees\win64\obj\element\release\newelement.obj
e:\ddr\rf_os_material_uniaxial_gage\opensees\win64\obj\element\release\yamamotobiaxialhdr.obj
e:\ddr\rf_os_material_uniaxial_gage\opensees\win64\obj\element\release\multipleshearspring.obj
e:\ddr\rf_os_material_uniaxial_gage\opensees\win64\obj\element\release\multiplenormalspring.obj
e:\ddr\rf_os_material_uniaxial_gage\opensees\win64\obj\element\release\kikuchibearing.obj
e:\ddr\rf_os_material_uniaxial_gage\opensees\win64\obj\element\release\tclmodelbuilder_addpfemelement.obj
e:\ddr\rf_os_material_uniaxial_gage\opensees\win64\obj\element\release\pfemmesher3d.obj
e:\ddr\rf_os_material_uniaxial_gage\opensees\win64\obj\element\release\pfemmesher2d.obj
e:\ddr\rf_os_material_uniaxial_gage\opensees\win64\obj\element\release\pfemelement3d.obj
e:\ddr\rf_os_material_uniaxial_gage\opensees\win64\obj\element\release\pfemelement2dcompressible.obj
e:\ddr\rf_os_material_uniaxial_gage\opensees\win64\obj\element\release\pfemelement2dbubble.obj
e:\ddr\rf_os_material_uniaxial_gage\opensees\win64\obj\element\release\pfemelement2d.obj
e:\ddr\rf_os_material_uniaxial_gage\opensees\win64\obj\element\release\fournodequadup1.obj
e:\ddr\rf_os_material_uniaxial_gage\opensees\win64\lib\release\element.lib
e:\ddr\rf_os_material_newbam\opensees\win64\obj\element\release\ac3d8hexwithsensitivity.obj
e:\ddr\rf_os_material_newbam\opensees\win64\obj\element\release\actuator.obj
e:\ddr\rf_os_material_newbam\opensees\win64\obj\element\release\actuatorcorot.obj
e:\ddr\rf_os_material_newbam\opensees\win64\obj\element\release\adapter.obj
e:\ddr\rf_os_material_newbam\opensees\win64\obj\element\release\asi3d8quadwithsensitivity.obj
e:\ddr\rf_os_material_newbam\opensees\win64\obj\element\release\av3d4quadwithsensitivity.obj
e:\ddr\rf_os_material_newbam\opensees\win64\obj\element\release\backgroundfixdata.obj
e:\ddr\rf_os_material_newbam\opensees\win64\obj\element\release\backgroundgrid.obj
e:\ddr\rf_os_material_newbam\opensees\win64\obj\element\release\backgroundmesh.obj
e:\ddr\rf_os_material_newbam\opensees\win64\obj\element\release\backgroundstructure.obj
e:\ddr\rf_os_material_newbam\opensees\win64\obj\element\release\bbarbrick.obj
e:\ddr\rf_os_material_newbam\opensees\win64\obj\element\release\bbarbrickup.obj
e:\ddr\rf_os_material_newbam\opensees\win64\obj\element\release\bbarbrickwithsensitivity.obj
e:\ddr\rf_os_material_newbam\opensees\win64\obj\element\release\bbarfournodequadup.obj
e:\ddr\rf_os_material_newbam\opensees\win64\obj\element\release\beamcolumnjoint2d.obj
e:\ddr\rf_os_material_newbam\opensees\win64\obj\element\release\beamcolumnjoint3d.obj
e:\ddr\rf_os_material_newbam\opensees\win64\obj\element\release\beamcontact2d.obj
e:\ddr\rf_os_material_newbam\opensees\win64\obj\element\release\beamcontact2dp.obj
e:\ddr\rf_os_material_newbam\opensees\win64\obj\element\release\beamcontact3d.obj
e:\ddr\rf_os_material_newbam\opensees\win64\obj\element\release\beamcontact3dp.obj
e:\ddr\rf_os_material_newbam\opensees\win64\obj\element\release\beamendcontact3d.obj
e:\ddr\rf_os_material_newbam\opensees\win64\obj\element\release\beamendcontact3dp.obj
e:\ddr\rf_os_material_newbam\opensees\win64\obj\element\release\beamintegration.obj
e:\ddr\rf_os_material_newbam\opensees\win64\obj\element\release\bilinearcyclic.obj
e:\ddr\rf_os_material_newbam\opensees\win64\obj\element\release\brick.obj
e:\ddr\rf_os_material_newbam\opensees\win64\obj\element\release\brick8fiberoverlay.obj
e:\ddr\rf_os_material_newbam\opensees\win64\obj\element\release\brickup.obj
e:\ddr\rf_os_material_newbam\opensees\win64\obj\element\release\catenarycable.obj
e:\ddr\rf_os_material_newbam\opensees\win64\obj\element\release\componentelement2d.obj
e:\ddr\rf_os_material_newbam\opensees\win64\obj\element\release\compositesimpsonbeamintegration.obj
e:\ddr\rf_os_material_newbam\opensees\win64\obj\element\release\constantpressurevolumequad.obj
e:\ddr\rf_os_material_newbam\opensees\win64\obj\element\release\corotcrdtransf2d.obj
e:\ddr\rf_os_material_newbam\opensees\win64\obj\element\release\corotcrdtransf3d.obj
e:\ddr\rf_os_material_newbam\opensees\win64\obj\element\release\corotcrdtransfwarping2d.obj
e:\ddr\rf_os_material_newbam\opensees\win64\obj\element\release\corottruss.obj
e:\ddr\rf_os_material_newbam\opensees\win64\obj\element\release\corottruss2.obj
e:\ddr\rf_os_material_newbam\opensees\win64\obj\element\release\corottrusssection.obj
e:\ddr\rf_os_material_newbam\opensees\win64\obj\element\release\coulomb.obj
e:\ddr\rf_os_material_newbam\opensees\win64\obj\element\release\coupledzerolength.obj
e:\ddr\rf_os_material_newbam\opensees\win64\obj\element\release\crdtransf.obj
e:\ddr\rf_os_material_newbam\opensees\win64\obj\element\release\cyclicmodel.obj
e:\ddr\rf_os_material_newbam\opensees\win64\obj\element\release\dbesi0.obj
e:\ddr\rf_os_material_newbam\opensees\win64\obj\element\release\dbesi1.obj
e:\ddr\rf_os_material_newbam\opensees\win64\obj\element\release\dispbeamcolumn2d.obj
e:\ddr\rf_os_material_newbam\opensees\win64\obj\element\release\dispbeamcolumn2dint.obj
e:\ddr\rf_os_material_newbam\opensees\win64\obj\element\release\dispbeamcolumn2dthermal.obj
e:\ddr\rf_os_material_newbam\opensees\win64\obj\element\release\dispbeamcolumn2dwithsensitivity.obj
e:\ddr\rf_os_material_newbam\opensees\win64\obj\element\release\dispbeamcolumn3d.obj
e:\ddr\rf_os_material_newbam\opensees\win64\obj\element\release\dispbeamcolumn3dthermal.obj
e:\ddr\rf_os_material_newbam\opensees\win64\obj\element\release\dispbeamcolumn3dwithsensitivity.obj
e:\ddr\rf_os_material_newbam\opensees\win64\obj\element\release\disthingeintegration.obj
e:\ddr\rf_os_material_newbam\opensees\win64\obj\element\release\elastic2dgnl.obj
e:\ddr\rf_os_material_newbam\opensees\win64\obj\element\release\elasticbeam2d.obj
e:\ddr\rf_os_material_newbam\opensees\win64\obj\element\release\elasticbeam3d.obj
e:\ddr\rf_os_material_newbam\opensees\win64\obj\element\release\elasticforcebeamcolumn2d.obj
e:\ddr\rf_os_material_newbam\opensees\win64\obj\element\release\elasticforcebeamcolumn3d.obj
e:\ddr\rf_os_material_newbam\opensees\win64\obj\element\release\elasticforcebeamcolumnwarping2d.obj
e:\ddr\rf_os_material_newbam\opensees\win64\obj\element\release\elastictimoshenkobeam2d.obj
e:\ddr\rf_os_material_newbam\opensees\win64\obj\element\release\elastictimoshenkobeam3d.obj
e:\ddr\rf_os_material_newbam\opensees\win64\obj\element\release\elastictubularjoint.obj
e:\ddr\rf_os_material_newbam\opensees\win64\obj\element\release\elastomericbearingboucwen2d.obj
e:\ddr\rf_os_material_newbam\opensees\win64\obj\element\release\elastomericbearingboucwen3d.obj
e:\ddr\rf_os_material_newbam\opensees\win64\obj\element\release\elastomericbearingboucwenmod3d.obj
e:\ddr\rf_os_material_newbam\opensees\win64\obj\element\release\elastomericbearingplasticity2d.obj
e:\ddr\rf_os_material_newbam\opensees\win64\obj\element\release\elastomericbearingplasticity3d.obj
e:\ddr\rf_os_material_newbam\opensees\win64\obj\element\release\elastomericbearingufrp2d.obj
e:\ddr\rf_os_material_newbam\opensees\win64\obj\element\release\elastomericx.obj
e:\ddr\rf_os_material_newbam\opensees\win64\obj\element\release\element.obj
e:\ddr\rf_os_material_newbam\opensees\win64\obj\element\release\elementalload.obj
e:\ddr\rf_os_material_newbam\opensees\win64\obj\element\release\enhancedquad.obj
e:\ddr\rf_os_material_newbam\opensees\win64\obj\element\release\felement.obj
e:\ddr\rf_os_material_newbam\opensees\win64\obj\element\release\felmt02.obj
e:\ddr\rf_os_material_newbam\opensees\win64\obj\element\release\fibersection2dint.obj
e:\ddr\rf_os_material_newbam\opensees\win64\obj\element\release\fixedlocationbeamintegration.obj
e:\ddr\rf_os_material_newbam\opensees\win64\obj\element\release\flatslidersimple2d.obj
e:\ddr\rf_os_material_newbam\opensees\win64\obj\element\release\flatslidersimple3d.obj
e:\ddr\rf_os_material_newbam\opensees\win64\obj\element\release\forcebeamcolumn2d.obj
e:\ddr\rf_os_material_newbam\opensees\win64\obj\element\release\forcebeamcolumn2dthermal.obj
e:\ddr\rf_os_material_newbam\opensees\win64\obj\element\release\forcebeamcolumn3d.obj
e:\ddr\rf_os_material_newbam\opensees\win64\obj\element\release\forcebeamcolumncbdi2d.obj
e:\ddr\rf_os_material_newbam\opensees\win64\obj\element\release\forcebeamcolumnwarping2d.obj
e:\ddr\rf_os_material_newbam\opensees\win64\obj\element\release\fournodequad.obj
e:\ddr\rf_os_material_newbam\opensees\win64\obj\element\release\fournodequad3d.obj
e:\ddr\rf_os_material_newbam\opensees\win64\obj\element\release\fournodequadup1.obj
e:\ddr\rf_os_material_newbam\opensees\win64\obj\element\release\fournodequadwithsensitivity.obj
e:\ddr\rf_os_material_newbam\opensees\win64\obj\element\release\fpbearingptv.obj
e:\ddr\rf_os_material_newbam\opensees\win64\obj\element\release\frictionmodel.obj
e:\ddr\rf_os_material_newbam\opensees\win64\obj\element\release\frictionresponse.obj
e:\ddr\rf_os_material_newbam\opensees\win64\obj\element\release\genericclient.obj
e:\ddr\rf_os_material_newbam\opensees\win64\obj\element\release\genericcopy.obj
e:\ddr\rf_os_material_newbam\opensees\win64\obj\element\release\hdr.obj
e:\ddr\rf_os_material_newbam\opensees\win64\obj\element\release\hingeendpointbeamintegration.obj
e:\ddr\rf_os_material_newbam\opensees\win64\obj\element\release\hingemidpointbeamintegration.obj
e:\ddr\rf_os_material_newbam\opensees\win64\obj\element\release\hingeradaubeamintegration.obj
e:\ddr\rf_os_material_newbam\opensees\win64\obj\element\release\hingeradautwobeamintegration.obj
e:\ddr\rf_os_material_newbam\opensees\win64\obj\element\release\inelastic2dys01.obj
e:\ddr\rf_os_material_newbam\opensees\win64\obj\element\release\inelastic2dys02.obj
e:\ddr\rf_os_material_newbam\opensees\win64\obj\element\release\inelastic2dys03.obj
e:\ddr\rf_os_material_newbam\opensees\win64\obj\element\release\inelasticys2dgnl.obj
e:\ddr\rf_os_material_newbam\opensees\win64\obj\element\release\information.obj
e:\ddr\rf_os_material_newbam\opensees\win64\obj\element\release\joint2d.obj
e:\ddr\rf_os_material_newbam\opensees\win64\obj\element\release\joint3d.obj
e:\ddr\rf_os_material_newbam\opensees\win64\obj\element\release\kikuchibearing.obj
e:\ddr\rf_os_material_newbam\opensees\win64\obj\element\release\leadrubberx.obj
e:\ddr\rf_os_material_newbam\opensees\win64\obj\element\release\legendrebeamintegration.obj
e:\ddr\rf_os_material_newbam\opensees\win64\obj\element\release\linearcrdtransf2d.obj
e:\ddr\rf_os_material_newbam\opensees\win64\obj\element\release\linearcrdtransf2dint.obj
e:\ddr\rf_os_material_newbam\opensees\win64\obj\element\release\linearcrdtransf3d.obj
e:\ddr\rf_os_material_newbam\opensees\win64\obj\element\release\linearcyclic.obj
e:\ddr\rf_os_material_newbam\opensees\win64\obj\element\release\linemesh.obj
e:\ddr\rf_os_material_newbam\opensees\win64\obj\element\release\lobattobeamintegration.obj
e:\ddr\rf_os_material_newbam\opensees\win64\obj\element\release\loworderbeamintegration.obj
e:\ddr\rf_os_material_newbam\opensees\win64\obj\element\release\matrixutil.obj
e:\ddr\rf_os_material_newbam\opensees\win64\obj\element\release\middistancebeamintegration.obj
e:\ddr\rf_os_material_newbam\opensees\win64\obj\element\release\modelasticbeam2d.obj
e:\ddr\rf_os_material_newbam\opensees\win64\obj\element\release\mp_joint2d.obj
e:\ddr\rf_os_material_newbam\opensees\win64\obj\element\release\mp_joint3d.obj
e:\ddr\rf_os_material_newbam\opensees\win64\obj\element\release\multifp2d.obj
e:\ddr\rf_os_material_newbam\opensees\win64\obj\element\release\multiplenormalspring.obj
e:\ddr\rf_os_material_newbam\opensees\win64\obj\element\release\multipleshearspring.obj
e:\ddr\rf_os_material_newbam\opensees\win64\obj\element\release\mvlem.obj
e:\ddr\rf_os_material_newbam\opensees\win64\obj\element\release\n4biaxialtruss.obj
e:\ddr\rf_os_material_newbam\opensees\win64\obj\element\release\newelement.obj
e:\ddr\rf_os_material_newbam\opensees\win64\obj\element\release\newtoncotesbeamintegration.obj
e:\ddr\rf_os_material_newbam\opensees\win64\obj\element\release\ninenodemixedquad.obj
e:\ddr\rf_os_material_newbam\opensees\win64\obj\element\release\nine_four_node_quadup.obj
e:\ddr\rf_os_material_newbam\opensees\win64\obj\element\release\particle.obj
e:\ddr\rf_os_material_newbam\opensees\win64\obj\element\release\particlegroup.obj
e:\ddr\rf_os_material_newbam\opensees\win64\obj\element\release\pdeltacrdtransf2d.obj
e:\ddr\rf_os_material_newbam\opensees\win64\obj\element\release\pdeltacrdtransf3d.obj
e:\ddr\rf_os_material_newbam\opensees\win64\obj\element\release\pfemelement2d.obj
e:\ddr\rf_os_material_newbam\opensees\win64\obj\element\release\pfemelement2dbubble.obj
e:\ddr\rf_os_material_newbam\opensees\win64\obj\element\release\pfemelement2dcompressible.obj
e:\ddr\rf_os_material_newbam\opensees\win64\obj\element\release\pfemelement2dfic.obj
e:\ddr\rf_os_material_newbam\opensees\win64\obj\element\release\pfemelement2dmini.obj
e:\ddr\rf_os_material_newbam\opensees\win64\obj\element\release\pfemelement3d.obj
e:\ddr\rf_os_material_newbam\opensees\win64\obj\element\release\pfemmesher2d.obj
e:\ddr\rf_os_material_newbam\opensees\win64\obj\element\release\pfemmesher3d.obj
e:\ddr\rf_os_material_newbam\opensees\win64\obj\element\release\piletoe3d.obj
e:\ddr\rf_os_material_newbam\opensees\win64\obj\element\release\py_macro2d.obj
e:\ddr\rf_os_material_newbam\opensees\win64\obj\element\release\quad4fiberoverlay.obj
e:\ddr\rf_os_material_newbam\opensees\win64\obj\element\release\quadbeamembedcontact.obj
e:\ddr\rf_os_material_newbam\opensees\win64\obj\element\release\quadraticcyclic.obj
e:\ddr\rf_os_material_newbam\opensees\win64\obj\element\release\r3vectors.obj
e:\ddr\rf_os_material_newbam\opensees\win64\obj\element\release\radaubeamintegration.obj
e:\ddr\rf_os_material_newbam\opensees\win64\obj\element\release\regularizedhingeintegration.obj
e:\ddr\rf_os_material_newbam\opensees\win64\obj\element\release\rjwatsoneqs2d.obj
e:\ddr\rf_os_material_newbam\opensees\win64\obj\element\release\rjwatsoneqs3d.obj
e:\ddr\rf_os_material_newbam\opensees\win64\obj\element\release\sfi_mvlem.obj
e:\ddr\rf_os_material_newbam\opensees\win64\obj\element\release\shellandes.obj
e:\ddr\rf_os_material_newbam\opensees\win64\obj\element\release\shelldkgq.obj
e:\ddr\rf_os_material_newbam\opensees\win64\obj\element\release\shelldkgt.obj
e:\ddr\rf_os_material_newbam\opensees\win64\obj\element\release\shellmitc4.obj
e:\ddr\rf_os_material_newbam\opensees\win64\obj\element\release\shellmitc4thermal.obj
e:\ddr\rf_os_material_newbam\opensees\win64\obj\element\release\shellmitc9.obj
e:\ddr\rf_os_material_newbam\opensees\win64\obj\element\release\shellnldkgq.obj
e:\ddr\rf_os_material_newbam\opensees\win64\obj\element\release\shellnldkgqthermal.obj
e:\ddr\rf_os_material_newbam\opensees\win64\obj\element\release\shellnldkgt.obj
e:\ddr\rf_os_material_newbam\opensees\win64\obj\element\release\shp3d.obj
e:\ddr\rf_os_material_newbam\opensees\win64\obj\element\release\shp3dv.obj
e:\ddr\rf_os_material_newbam\opensees\win64\obj\element\release\simplecontact2d.obj
e:\ddr\rf_os_material_newbam\opensees\win64\obj\element\release\simplecontact3d.obj
e:\ddr\rf_os_material_newbam\opensees\win64\obj\element\release\singlefpsimple2d.obj
e:\ddr\rf_os_material_newbam\opensees\win64\obj\element\release\singlefpsimple3d.obj
e:\ddr\rf_os_material_newbam\opensees\win64\obj\element\release\sspbrick.obj
e:\ddr\rf_os_material_newbam\opensees\win64\obj\element\release\sspbrickup.obj
e:\ddr\rf_os_material_newbam\opensees\win64\obj\element\release\sspquad.obj
e:\ddr\rf_os_material_newbam\opensees\win64\obj\element\release\sspquadup.obj
e:\ddr\rf_os_material_newbam\opensees\win64\obj\element\release\surfaceload.obj
e:\ddr\rf_os_material_newbam\opensees\win64\obj\element\release\tclactuatorcommand.obj
e:\ddr\rf_os_material_newbam\opensees\win64\obj\element\release\tclactuatorcorotcommand.obj
e:\ddr\rf_os_material_newbam\opensees\win64\obj\element\release\tcladaptercommand.obj
e:\ddr\rf_os_material_newbam\opensees\win64\obj\element\release\tclbeamcolumnjointcommand.obj
e:\ddr\rf_os_material_newbam\opensees\win64\obj\element\release\tclbeamwithhingesbuilder.obj
e:\ddr\rf_os_material_newbam\opensees\win64\obj\element\release\tclbrickcommand.obj
e:\ddr\rf_os_material_newbam\opensees\win64\obj\element\release\tclcyclicmodelcommands.obj
e:\ddr\rf_os_material_newbam\opensees\win64\obj\element\release\tcldispbeamcolumnintcommand.obj
e:\ddr\rf_os_material_newbam\opensees\win64\obj\element\release\tclelasticbeamcommand.obj
e:\ddr\rf_os_material_newbam\opensees\win64\obj\element\release\tclelastomericbearingboucwencommand.obj
e:\ddr\rf_os_material_newbam\opensees\win64\obj\element\release\tclelastomericbearingplasticitycommand.obj
e:\ddr\rf_os_material_newbam\opensees\win64\obj\element\release\tclelastomericbearingufrpcommand.obj
e:\ddr\rf_os_material_newbam\opensees\win64\obj\element\release\tclelement2dgnl.obj
e:\ddr\rf_os_material_newbam\opensees\win64\obj\element\release\tclelement2dys.obj
e:\ddr\rf_os_material_newbam\opensees\win64\obj\element\release\tclelementcommands.obj
e:\ddr\rf_os_material_newbam\opensees\win64\obj\element\release\tclfeapelementcommand.obj
e:\ddr\rf_os_material_newbam\opensees\win64\obj\element\release\tclflatslidercommand.obj
e:\ddr\rf_os_material_newbam\opensees\win64\obj\element\release\tclforcebeamcolumncommand.obj
e:\ddr\rf_os_material_newbam\opensees\win64\obj\element\release\tclfournodequadcommand.obj
e:\ddr\rf_os_material_newbam\opensees\win64\obj\element\release\tclfournodequadupcommand.obj
e:\ddr\rf_os_material_newbam\opensees\win64\obj\element\release\tclgenericclientcommand.obj
e:\ddr\rf_os_material_newbam\opensees\win64\obj\element\release\tclgenericcopycommand.obj
e:\ddr\rf_os_material_newbam\opensees\win64\obj\element\release\tclgeomtransfcommand.obj
e:\ddr\rf_os_material_newbam\opensees\win64\obj\element\release\tcljoint2dcommand.obj
e:\ddr\rf_os_material_newbam\opensees\win64\obj\element\release\tcljoint3dcommand.obj
e:\ddr\rf_os_material_newbam\opensees\win64\obj\element\release\tclmodelbuilderfrictionmodelcommand.obj
e:\ddr\rf_os_material_newbam\opensees\win64\obj\element\release\tclmodelbuilder_addpfemelement.obj
e:\ddr\rf_os_material_newbam\opensees\win64\obj\element\release\tclpfemcommands.obj
e:\ddr\rf_os_material_newbam\opensees\win64\obj\element\release\tclrjwatsoneqscommand.obj
e:\ddr\rf_os_material_newbam\opensees\win64\obj\element\release\tclsinglefpcommand.obj
e:\ddr\rf_os_material_newbam\opensees\win64\obj\element\release\tcltwenty_node_brickcommand.obj
e:\ddr\rf_os_material_newbam\opensees\win64\obj\element\release\tcltwonodelinkcommand.obj
e:\ddr\rf_os_material_newbam\opensees\win64\obj\element\release\tclzerolength.obj
e:\ddr\rf_os_material_newbam\opensees\win64\obj\element\release\tfp_bearing.obj
e:\ddr\rf_os_material_newbam\opensees\win64\obj\element\release\tfp_bearing2d.obj
e:\ddr\rf_os_material_newbam\opensees\win64\obj\element\release\tpb1d.obj
e:\ddr\rf_os_material_newbam\opensees\win64\obj\element\release\trapezoidalbeamintegration.obj
e:\ddr\rf_os_material_newbam\opensees\win64\obj\element\release\tri31.obj
e:\ddr\rf_os_material_newbam\opensees\win64\obj\element\release\triangle.obj
e:\ddr\rf_os_material_newbam\opensees\win64\obj\element\release\trianglemeshgenerator.obj
e:\ddr\rf_os_material_newbam\opensees\win64\obj\element\release\trimesh.obj
e:\ddr\rf_os_material_newbam\opensees\win64\obj\element\release\triplefrictionpendulum.obj
e:\ddr\rf_os_material_newbam\opensees\win64\obj\element\release\truss.obj
e:\ddr\rf_os_material_newbam\opensees\win64\obj\element\release\truss2.obj
e:\ddr\rf_os_material_newbam\opensees\win64\obj\element\release\trusssection.obj
e:\ddr\rf_os_material_newbam\opensees\win64\obj\element\release\twenty_eight_node_brickup.obj
e:\ddr\rf_os_material_newbam\opensees\win64\obj\element\release\twenty_node_brick.obj
e:\ddr\rf_os_material_newbam\opensees\win64\obj\element\release\twonodelink.obj
e:\ddr\rf_os_material_newbam\opensees\win64\obj\element\release\updatedlagrangianbeam2d.obj
e:\ddr\rf_os_material_newbam\opensees\win64\obj\element\release\userdefinedbeamintegration.obj
e:\ddr\rf_os_material_newbam\opensees\win64\obj\element\release\userdefinedhingeintegration.obj
e:\ddr\rf_os_material_newbam\opensees\win64\obj\element\release\veldependent.obj
e:\ddr\rf_os_material_newbam\opensees\win64\obj\element\release\veldepmultilinear.obj
e:\ddr\rf_os_material_newbam\opensees\win64\obj\element\release\velnormalfrcdep.obj
e:\ddr\rf_os_material_newbam\opensees\win64\obj\element\release\velpressuredep.obj
e:\ddr\rf_os_material_newbam\opensees\win64\obj\element\release\vs3d4quadwithsensitivity.obj
e:\ddr\rf_os_material_newbam\opensees\win64\obj\element\release\wrapperelement.obj
e:\ddr\rf_os_material_newbam\opensees\win64\obj\element\release\yamamotobiaxialhdr.obj
e:\ddr\rf_os_material_newbam\opensees\win64\obj\element\release\zerolength.obj
e:\ddr\rf_os_material_newbam\opensees\win64\obj\element\release\zerolengthcontact2d.obj
e:\ddr\rf_os_material_newbam\opensees\win64\obj\element\release\zerolengthcontact3d.obj
e:\ddr\rf_os_material_newbam\opensees\win64\obj\element\release\zerolengthcontactnts2d.obj
e:\ddr\rf_os_material_newbam\opensees\win64\obj\element\release\zerolengthimpact3d.obj
e:\ddr\rf_os_material_newbam\opensees\win64\obj\element\release\zerolengthinterface2d.obj
e:\ddr\rf_os_material_newbam\opensees\win64\obj\element\release\zerolengthnd.obj
e:\ddr\rf_os_material_newbam\opensees\win64\obj\element\release\zerolengthrocking.obj
e:\ddr\rf_os_material_newbam\opensees\win64\obj\element\release\zerolengthsection.obj
e:\ddr\rf_os_material_newbam\opensees\win64\obj\element\release\element.pdb
e:\ddr\rf_os_material_newbam\opensees\win64\proj\element\.\..\..\lib\release\element.lib
e:\ddr\rf_os_material_newbam\opensees\win64\obj\element\release\element.tlog\cl.command.1.tlog
e:\ddr\rf_os_material_newbam\opensees\win64\obj\element\release\element.tlog\cl.read.1.tlog
e:\ddr\rf_os_material_newbam\opensees\win64\obj\element\release\element.tlog\cl.write.1.tlog
e:\ddr\rf_os_material_newbam\opensees\win64\obj\element\release\element.tlog\lib-link.read.1.tlog
e:\ddr\rf_os_material_newbam\opensees\win64\obj\element\release\element.tlog\lib-link.write.1.tlog
e:\ddr\rf_os_material_newbam\opensees\win64\obj\element\release\element.tlog\lib.command.1.tlog
