e:\ddr\rf_os_material_uniaxial_gage\opensees\win64\obj\tagged\release\tagged.pdb
e:\ddr\rf_os_material_uniaxial_gage\opensees\win64\obj\tagged\release\taggedobject.obj
e:\ddr\rf_os_material_uniaxial_gage\opensees\win64\obj\tagged\release\mapoftaggedobjectsiter.obj
e:\ddr\rf_os_material_uniaxial_gage\opensees\win64\obj\tagged\release\mapoftaggedobjects.obj
e:\ddr\rf_os_material_uniaxial_gage\opensees\win64\obj\tagged\release\arrayoftaggedobjectsiter.obj
e:\ddr\rf_os_material_uniaxial_gage\opensees\win64\obj\tagged\release\arrayoftaggedobjects.obj
e:\ddr\rf_os_material_uniaxial_gage\opensees\win64\lib\release\tagged.lib
e:\ddr\rf_os_material_newbam\opensees\win64\obj\tagged\release\arrayoftaggedobjects.obj
e:\ddr\rf_os_material_newbam\opensees\win64\obj\tagged\release\arrayoftaggedobjectsiter.obj
e:\ddr\rf_os_material_newbam\opensees\win64\obj\tagged\release\mapoftaggedobjects.obj
e:\ddr\rf_os_material_newbam\opensees\win64\obj\tagged\release\mapoftaggedobjectsiter.obj
e:\ddr\rf_os_material_newbam\opensees\win64\obj\tagged\release\taggedobject.obj
e:\ddr\rf_os_material_newbam\opensees\win64\obj\tagged\release\tagged.pdb
e:\ddr\rf_os_material_newbam\opensees\win64\proj\tagged\.\..\..\lib\release\tagged.lib
e:\ddr\rf_os_material_newbam\opensees\win64\obj\tagged\release\tagged.tlog\cl.command.1.tlog
e:\ddr\rf_os_material_newbam\opensees\win64\obj\tagged\release\tagged.tlog\cl.read.1.tlog
e:\ddr\rf_os_material_newbam\opensees\win64\obj\tagged\release\tagged.tlog\cl.write.1.tlog
e:\ddr\rf_os_material_newbam\opensees\win64\obj\tagged\release\tagged.tlog\lib-link.read.1.tlog
e:\ddr\rf_os_material_newbam\opensees\win64\obj\tagged\release\tagged.tlog\lib-link.write.1.tlog
e:\ddr\rf_os_material_newbam\opensees\win64\obj\tagged\release\tagged.tlog\lib.command.1.tlog
