e:\ddr\rf_os_material_uniaxial_gage\opensees\win64\obj\domain\release\domain.pdb
e:\ddr\rf_os_material_uniaxial_gage\opensees\win64\obj\domain\release\subdomainnoditer.obj
e:\ddr\rf_os_material_uniaxial_gage\opensees\win64\obj\domain\release\subdomain.obj
e:\ddr\rf_os_material_uniaxial_gage\opensees\win64\obj\domain\release\simpsontimeseriesintegrator.obj
e:\ddr\rf_os_material_uniaxial_gage\opensees\win64\obj\domain\release\pathtimeseriesthermal.obj
e:\ddr\rf_os_material_uniaxial_gage\opensees\win64\obj\domain\release\singledomsp_iter.obj
e:\ddr\rf_os_material_uniaxial_gage\opensees\win64\obj\domain\release\singledomparamiter.obj
e:\ddr\rf_os_material_uniaxial_gage\opensees\win64\obj\domain\release\singledompc_iter.obj
e:\ddr\rf_os_material_uniaxial_gage\opensees\win64\obj\domain\release\singledomnoditer.obj
e:\ddr\rf_os_material_uniaxial_gage\opensees\win64\obj\domain\release\singledommp_iter.obj
e:\ddr\rf_os_material_uniaxial_gage\opensees\win64\obj\domain\release\singledomeleiter.obj
e:\ddr\rf_os_material_uniaxial_gage\opensees\win64\obj\domain\release\singledomallsp_iter.obj
e:\ddr\rf_os_material_uniaxial_gage\opensees\win64\obj\domain\release\domain.obj
e:\ddr\rf_os_material_uniaxial_gage\opensees\win64\obj\domain\release\node.obj
e:\ddr\rf_os_material_uniaxial_gage\opensees\win64\obj\domain\release\nodalload.obj
e:\ddr\rf_os_material_uniaxial_gage\opensees\win64\obj\domain\release\thermalactionwrapper.obj
e:\ddr\rf_os_material_uniaxial_gage\opensees\win64\obj\domain\release\shellthermalaction.obj
e:\ddr\rf_os_material_uniaxial_gage\opensees\win64\obj\domain\release\nodalthermalaction.obj
e:\ddr\rf_os_material_uniaxial_gage\opensees\win64\obj\domain\release\beam3dthermalaction.obj
e:\ddr\rf_os_material_uniaxial_gage\opensees\win64\obj\domain\release\beam2dpartialuniformload.obj
e:\ddr\rf_os_material_uniaxial_gage\opensees\win64\obj\domain\release\loadfactorparameter.obj
e:\ddr\rf_os_material_uniaxial_gage\opensees\win64\obj\domain\release\beam2duniformload.obj
e:\ddr\rf_os_material_uniaxial_gage\opensees\win64\obj\domain\release\beam2dtempload.obj
e:\ddr\rf_os_material_uniaxial_gage\opensees\win64\obj\domain\release\beam2dpointload.obj
e:\ddr\rf_os_material_uniaxial_gage\opensees\win64\obj\domain\release\surfaceloader.obj
e:\ddr\rf_os_material_uniaxial_gage\opensees\win64\obj\domain\release\selfweight.obj
e:\ddr\rf_os_material_uniaxial_gage\opensees\win64\obj\domain\release\nodalloaditer.obj
e:\ddr\rf_os_material_uniaxial_gage\opensees\win64\obj\domain\release\load.obj
e:\ddr\rf_os_material_uniaxial_gage\opensees\win64\obj\domain\release\elementalloaditer.obj
e:\ddr\rf_os_material_uniaxial_gage\opensees\win64\obj\domain\release\beam2dthermalaction.obj
e:\ddr\rf_os_material_uniaxial_gage\opensees\win64\obj\domain\release\tclupdatematerialcommand.obj
e:\ddr\rf_os_material_uniaxial_gage\opensees\win64\obj\domain\release\tclparametercommands.obj
e:\ddr\rf_os_material_uniaxial_gage\opensees\win64\obj\domain\release\rvparameter.obj
e:\ddr\rf_os_material_uniaxial_gage\opensees\win64\obj\domain\release\parameter.obj
e:\ddr\rf_os_material_uniaxial_gage\opensees\win64\obj\domain\release\noderesponseparameter.obj
e:\ddr\rf_os_material_uniaxial_gage\opensees\win64\obj\domain\release\materialstageparameter.obj
e:\ddr\rf_os_material_uniaxial_gage\opensees\win64\obj\domain\release\matparameter.obj
e:\ddr\rf_os_material_uniaxial_gage\opensees\win64\obj\domain\release\initialstateparameter.obj
e:\ddr\rf_os_material_uniaxial_gage\opensees\win64\obj\domain\release\elementstateparameter.obj
e:\ddr\rf_os_material_uniaxial_gage\opensees\win64\obj\domain\release\elementparameter.obj
e:\ddr\rf_os_material_uniaxial_gage\opensees\win64\obj\domain\release\domaincomponent.obj
e:\ddr\rf_os_material_uniaxial_gage\opensees\win64\obj\domain\release\drmboundarylayerdecorator.obj
e:\ddr\rf_os_material_uniaxial_gage\opensees\win64\obj\domain\release\uniformexcitation.obj
e:\ddr\rf_os_material_uniaxial_gage\opensees\win64\obj\domain\release\tclpatterncommand.obj
e:\ddr\rf_os_material_uniaxial_gage\opensees\win64\obj\domain\release\peerngamotion.obj
e:\ddr\rf_os_material_uniaxial_gage\opensees\win64\obj\domain\release\multisupportpattern.obj
e:\ddr\rf_os_material_uniaxial_gage\opensees\win64\obj\domain\release\loadpatterniter.obj
e:\ddr\rf_os_material_uniaxial_gage\opensees\win64\obj\domain\release\loadpattern.obj
e:\ddr\rf_os_material_uniaxial_gage\opensees\win64\obj\domain\release\fireloadpattern.obj
e:\ddr\rf_os_material_uniaxial_gage\opensees\win64\obj\domain\release\earthquakepattern.obj
e:\ddr\rf_os_material_uniaxial_gage\opensees\win64\obj\domain\release\sp_constraint.obj
e:\ddr\rf_os_material_uniaxial_gage\opensees\win64\obj\domain\release\rigidrod.obj
e:\ddr\rf_os_material_uniaxial_gage\opensees\win64\obj\domain\release\rigiddiaphragm.obj
e:\ddr\rf_os_material_uniaxial_gage\opensees\win64\obj\domain\release\rigidbeam.obj
e:\ddr\rf_os_material_uniaxial_gage\opensees\win64\obj\domain\release\pressure_constraint.obj
e:\ddr\rf_os_material_uniaxial_gage\opensees\win64\obj\domain\release\mp_constraint.obj
e:\ddr\rf_os_material_uniaxial_gage\opensees\win64\obj\domain\release\imposedmotionsp1.obj
e:\ddr\rf_os_material_uniaxial_gage\opensees\win64\obj\domain\release\imposedmotionsp.obj
e:\ddr\rf_os_material_uniaxial_gage\opensees\win64\obj\domain\release\brickselfweight.obj
e:\ddr\rf_os_material_uniaxial_gage\opensees\win64\obj\domain\release\beam3duniformload.obj
e:\ddr\rf_os_material_uniaxial_gage\opensees\win64\obj\domain\release\beam3dpointload.obj
e:\ddr\rf_os_material_uniaxial_gage\opensees\win64\obj\domain\release\tclseriescommand.obj
e:\ddr\rf_os_material_uniaxial_gage\opensees\win64\obj\domain\release\simulatedrandomprocessseries.obj
e:\ddr\rf_os_material_uniaxial_gage\opensees\win64\obj\domain\release\rectangularseries.obj
e:\ddr\rf_os_material_uniaxial_gage\opensees\win64\obj\domain\release\pulseseries.obj
e:\ddr\rf_os_material_uniaxial_gage\opensees\win64\obj\domain\release\peermotion.obj
e:\ddr\rf_os_material_uniaxial_gage\opensees\win64\obj\domain\release\pathtimeseries.obj
e:\ddr\rf_os_material_uniaxial_gage\opensees\win64\obj\domain\release\pathseries.obj
e:\ddr\rf_os_material_uniaxial_gage\opensees\win64\obj\domain\release\linearseries.obj
e:\ddr\rf_os_material_uniaxial_gage\opensees\win64\obj\domain\release\discretizedrandomprocessseries.obj
e:\ddr\rf_os_material_uniaxial_gage\opensees\win64\obj\domain\release\constantseries.obj
e:\ddr\rf_os_material_uniaxial_gage\opensees\win64\obj\domain\release\tclgroundmotioncommand.obj
e:\ddr\rf_os_material_uniaxial_gage\opensees\win64\obj\domain\release\interpolatedgroundmotion.obj
e:\ddr\rf_os_material_uniaxial_gage\opensees\win64\obj\domain\release\groundmotionrecord.obj
e:\ddr\rf_os_material_uniaxial_gage\opensees\win64\obj\domain\release\groundmotion.obj
e:\ddr\rf_os_material_uniaxial_gage\opensees\win64\obj\domain\release\planedrminputhandler.obj
e:\ddr\rf_os_material_uniaxial_gage\opensees\win64\obj\domain\release\mesh3dsubdomain.obj
e:\ddr\rf_os_material_uniaxial_gage\opensees\win64\obj\domain\release\geometricbrickdecorator.obj
e:\ddr\rf_os_material_uniaxial_gage\opensees\win64\obj\domain\release\drmloadpatternwrapper.obj
e:\ddr\rf_os_material_uniaxial_gage\opensees\win64\obj\domain\release\drmloadpattern.obj
e:\ddr\rf_os_material_uniaxial_gage\opensees\win64\obj\domain\release\drminputhandler.obj
e:\ddr\rf_os_material_uniaxial_gage\opensees\win64\obj\domain\release\tclregioncommands.obj
e:\ddr\rf_os_material_uniaxial_gage\opensees\win64\obj\domain\release\meshregion.obj
e:\ddr\rf_os_material_uniaxial_gage\opensees\win64\obj\domain\release\trigseries.obj
e:\ddr\rf_os_material_uniaxial_gage\opensees\win64\obj\domain\release\triangleseries.obj
e:\ddr\rf_os_material_uniaxial_gage\opensees\win64\obj\domain\release\trapezoidaltimeseriesintegrator.obj
e:\ddr\rf_os_material_uniaxial_gage\opensees\win64\obj\domain\release\timeseriesintegrator.obj
e:\ddr\rf_os_material_uniaxial_gage\opensees\win64\obj\domain\release\timeseries.obj
e:\ddr\rf_os_material_uniaxial_gage\opensees\win64\obj\domain\release\tclseriesintegratorcommand.obj
e:\ddr\rf_os_material_uniaxial_gage\opensees\win64\lib\release\domain.lib
e:\ddr\rf_os_material_newbam\opensees\win64\obj\domain\release\beam2dpartialuniformload.obj
e:\ddr\rf_os_material_newbam\opensees\win64\obj\domain\release\beam2dpointload.obj
e:\ddr\rf_os_material_newbam\opensees\win64\obj\domain\release\beam2dtempload.obj
e:\ddr\rf_os_material_newbam\opensees\win64\obj\domain\release\beam2dthermalaction.obj
e:\ddr\rf_os_material_newbam\opensees\win64\obj\domain\release\beam2duniformload.obj
e:\ddr\rf_os_material_newbam\opensees\win64\obj\domain\release\beam3dpointload.obj
e:\ddr\rf_os_material_newbam\opensees\win64\obj\domain\release\beam3dthermalaction.obj
e:\ddr\rf_os_material_newbam\opensees\win64\obj\domain\release\beam3duniformload.obj
e:\ddr\rf_os_material_newbam\opensees\win64\obj\domain\release\brickselfweight.obj
e:\ddr\rf_os_material_newbam\opensees\win64\obj\domain\release\constantseries.obj
e:\ddr\rf_os_material_newbam\opensees\win64\obj\domain\release\discretizedrandomprocessseries.obj
e:\ddr\rf_os_material_newbam\opensees\win64\obj\domain\release\domain.obj
e:\ddr\rf_os_material_newbam\opensees\win64\obj\domain\release\domaincomponent.obj
e:\ddr\rf_os_material_newbam\opensees\win64\obj\domain\release\drmboundarylayerdecorator.obj
e:\ddr\rf_os_material_newbam\opensees\win64\obj\domain\release\drminputhandler.obj
e:\ddr\rf_os_material_newbam\opensees\win64\obj\domain\release\drmloadpattern.obj
e:\ddr\rf_os_material_newbam\opensees\win64\obj\domain\release\drmloadpatternwrapper.obj
e:\ddr\rf_os_material_newbam\opensees\win64\obj\domain\release\earthquakepattern.obj
e:\ddr\rf_os_material_newbam\opensees\win64\obj\domain\release\elementalloaditer.obj
e:\ddr\rf_os_material_newbam\opensees\win64\obj\domain\release\elementparameter.obj
e:\ddr\rf_os_material_newbam\opensees\win64\obj\domain\release\elementstateparameter.obj
e:\ddr\rf_os_material_newbam\opensees\win64\obj\domain\release\fireloadpattern.obj
e:\ddr\rf_os_material_newbam\opensees\win64\obj\domain\release\geometricbrickdecorator.obj
e:\ddr\rf_os_material_newbam\opensees\win64\obj\domain\release\groundmotion.obj
e:\ddr\rf_os_material_newbam\opensees\win64\obj\domain\release\groundmotionrecord.obj
e:\ddr\rf_os_material_newbam\opensees\win64\obj\domain\release\imposedmotionsp.obj
e:\ddr\rf_os_material_newbam\opensees\win64\obj\domain\release\imposedmotionsp1.obj
e:\ddr\rf_os_material_newbam\opensees\win64\obj\domain\release\initialstateparameter.obj
e:\ddr\rf_os_material_newbam\opensees\win64\obj\domain\release\interpolatedgroundmotion.obj
e:\ddr\rf_os_material_newbam\opensees\win64\obj\domain\release\linearseries.obj
e:\ddr\rf_os_material_newbam\opensees\win64\obj\domain\release\load.obj
e:\ddr\rf_os_material_newbam\opensees\win64\obj\domain\release\loadfactorparameter.obj
e:\ddr\rf_os_material_newbam\opensees\win64\obj\domain\release\loadpattern.obj
e:\ddr\rf_os_material_newbam\opensees\win64\obj\domain\release\loadpatterniter.obj
e:\ddr\rf_os_material_newbam\opensees\win64\obj\domain\release\materialstageparameter.obj
e:\ddr\rf_os_material_newbam\opensees\win64\obj\domain\release\matparameter.obj
e:\ddr\rf_os_material_newbam\opensees\win64\obj\domain\release\mesh3dsubdomain.obj
e:\ddr\rf_os_material_newbam\opensees\win64\obj\domain\release\meshregion.obj
e:\ddr\rf_os_material_newbam\opensees\win64\obj\domain\release\mp_constraint.obj
e:\ddr\rf_os_material_newbam\opensees\win64\obj\domain\release\multisupportpattern.obj
e:\ddr\rf_os_material_newbam\opensees\win64\obj\domain\release\nodalload.obj
e:\ddr\rf_os_material_newbam\opensees\win64\obj\domain\release\nodalloaditer.obj
e:\ddr\rf_os_material_newbam\opensees\win64\obj\domain\release\nodalthermalaction.obj
e:\ddr\rf_os_material_newbam\opensees\win64\obj\domain\release\node.obj
e:\ddr\rf_os_material_newbam\opensees\win64\obj\domain\release\noderesponseparameter.obj
e:\ddr\rf_os_material_newbam\opensees\win64\obj\domain\release\parameter.obj
e:\ddr\rf_os_material_newbam\opensees\win64\obj\domain\release\pathseries.obj
e:\ddr\rf_os_material_newbam\opensees\win64\obj\domain\release\pathtimeseries.obj
e:\ddr\rf_os_material_newbam\opensees\win64\obj\domain\release\pathtimeseriesthermal.obj
e:\ddr\rf_os_material_newbam\opensees\win64\obj\domain\release\peermotion.obj
e:\ddr\rf_os_material_newbam\opensees\win64\obj\domain\release\peerngamotion.obj
e:\ddr\rf_os_material_newbam\opensees\win64\obj\domain\release\planedrminputhandler.obj
e:\ddr\rf_os_material_newbam\opensees\win64\obj\domain\release\pressure_constraint.obj
e:\ddr\rf_os_material_newbam\opensees\win64\obj\domain\release\pulseseries.obj
e:\ddr\rf_os_material_newbam\opensees\win64\obj\domain\release\rectangularseries.obj
e:\ddr\rf_os_material_newbam\opensees\win64\obj\domain\release\rigidbeam.obj
e:\ddr\rf_os_material_newbam\opensees\win64\obj\domain\release\rigiddiaphragm.obj
e:\ddr\rf_os_material_newbam\opensees\win64\obj\domain\release\rigidrod.obj
e:\ddr\rf_os_material_newbam\opensees\win64\obj\domain\release\rvparameter.obj
e:\ddr\rf_os_material_newbam\opensees\win64\obj\domain\release\selfweight.obj
e:\ddr\rf_os_material_newbam\opensees\win64\obj\domain\release\shellthermalaction.obj
e:\ddr\rf_os_material_newbam\opensees\win64\obj\domain\release\simpsontimeseriesintegrator.obj
e:\ddr\rf_os_material_newbam\opensees\win64\obj\domain\release\simulatedrandomprocessseries.obj
e:\ddr\rf_os_material_newbam\opensees\win64\obj\domain\release\singledomallsp_iter.obj
e:\ddr\rf_os_material_newbam\opensees\win64\obj\domain\release\singledomeleiter.obj
e:\ddr\rf_os_material_newbam\opensees\win64\obj\domain\release\singledommp_iter.obj
e:\ddr\rf_os_material_newbam\opensees\win64\obj\domain\release\singledomnoditer.obj
e:\ddr\rf_os_material_newbam\opensees\win64\obj\domain\release\singledomparamiter.obj
e:\ddr\rf_os_material_newbam\opensees\win64\obj\domain\release\singledompc_iter.obj
e:\ddr\rf_os_material_newbam\opensees\win64\obj\domain\release\singledomsp_iter.obj
e:\ddr\rf_os_material_newbam\opensees\win64\obj\domain\release\sp_constraint.obj
e:\ddr\rf_os_material_newbam\opensees\win64\obj\domain\release\subdomain.obj
e:\ddr\rf_os_material_newbam\opensees\win64\obj\domain\release\subdomainnoditer.obj
e:\ddr\rf_os_material_newbam\opensees\win64\obj\domain\release\surfaceloader.obj
e:\ddr\rf_os_material_newbam\opensees\win64\obj\domain\release\tclgroundmotioncommand.obj
e:\ddr\rf_os_material_newbam\opensees\win64\obj\domain\release\tclparametercommands.obj
e:\ddr\rf_os_material_newbam\opensees\win64\obj\domain\release\tclpatterncommand.obj
e:\ddr\rf_os_material_newbam\opensees\win64\obj\domain\release\tclregioncommands.obj
e:\ddr\rf_os_material_newbam\opensees\win64\obj\domain\release\tclseriescommand.obj
e:\ddr\rf_os_material_newbam\opensees\win64\obj\domain\release\tclseriesintegratorcommand.obj
e:\ddr\rf_os_material_newbam\opensees\win64\obj\domain\release\tclupdatematerialcommand.obj
e:\ddr\rf_os_material_newbam\opensees\win64\obj\domain\release\thermalactionwrapper.obj
e:\ddr\rf_os_material_newbam\opensees\win64\obj\domain\release\timeseries.obj
e:\ddr\rf_os_material_newbam\opensees\win64\obj\domain\release\timeseriesintegrator.obj
e:\ddr\rf_os_material_newbam\opensees\win64\obj\domain\release\trapezoidaltimeseriesintegrator.obj
e:\ddr\rf_os_material_newbam\opensees\win64\obj\domain\release\triangleseries.obj
e:\ddr\rf_os_material_newbam\opensees\win64\obj\domain\release\trigseries.obj
e:\ddr\rf_os_material_newbam\opensees\win64\obj\domain\release\uniformexcitation.obj
e:\ddr\rf_os_material_newbam\opensees\win64\obj\domain\release\domain.pdb
e:\ddr\rf_os_material_newbam\opensees\win64\proj\domain\.\..\..\lib\release\domain.lib
e:\ddr\rf_os_material_newbam\opensees\win64\obj\domain\release\domain.tlog\cl.command.1.tlog
e:\ddr\rf_os_material_newbam\opensees\win64\obj\domain\release\domain.tlog\cl.read.1.tlog
e:\ddr\rf_os_material_newbam\opensees\win64\obj\domain\release\domain.tlog\cl.write.1.tlog
e:\ddr\rf_os_material_newbam\opensees\win64\obj\domain\release\domain.tlog\lib-link.read.1.tlog
e:\ddr\rf_os_material_newbam\opensees\win64\obj\domain\release\domain.tlog\lib-link.write.1.tlog
e:\ddr\rf_os_material_newbam\opensees\win64\obj\domain\release\domain.tlog\lib.command.1.tlog
