e:\ddr\rf_os_material_uniaxial_gage\opensees\win64\obj\convergence\release\convergence.pdb
e:\ddr\rf_os_material_uniaxial_gage\opensees\win64\obj\convergence\release\normdisporunbalance.obj
e:\ddr\rf_os_material_uniaxial_gage\opensees\win64\obj\convergence\release\normdispandunbalance.obj
e:\ddr\rf_os_material_uniaxial_gage\opensees\win64\obj\convergence\release\convergencetest.obj
e:\ddr\rf_os_material_uniaxial_gage\opensees\win64\obj\convergence\release\ctestrelativetotalnormdispincr.obj
e:\ddr\rf_os_material_uniaxial_gage\opensees\win64\obj\convergence\release\ctestrelativenormunbalance.obj
e:\ddr\rf_os_material_uniaxial_gage\opensees\win64\obj\convergence\release\ctestrelativenormdispincr.obj
e:\ddr\rf_os_material_uniaxial_gage\opensees\win64\obj\convergence\release\ctestrelativeenergyincr.obj
e:\ddr\rf_os_material_uniaxial_gage\opensees\win64\obj\convergence\release\ctestpfem.obj
e:\ddr\rf_os_material_uniaxial_gage\opensees\win64\obj\convergence\release\ctestnormunbalance.obj
e:\ddr\rf_os_material_uniaxial_gage\opensees\win64\obj\convergence\release\ctestnormdispincr.obj
e:\ddr\rf_os_material_uniaxial_gage\opensees\win64\obj\convergence\release\ctestfixednumiter.obj
e:\ddr\rf_os_material_uniaxial_gage\opensees\win64\obj\convergence\release\ctestenergyincr.obj
e:\ddr\rf_os_material_uniaxial_gage\opensees\win64\lib\release\convergence.lib
e:\ddr\rf_os_material_newbam\opensees\win64\obj\convergence\release\convergencetest.obj
e:\ddr\rf_os_material_newbam\opensees\win64\obj\convergence\release\ctestenergyincr.obj
e:\ddr\rf_os_material_newbam\opensees\win64\obj\convergence\release\ctestfixednumiter.obj
e:\ddr\rf_os_material_newbam\opensees\win64\obj\convergence\release\ctestnormdispincr.obj
e:\ddr\rf_os_material_newbam\opensees\win64\obj\convergence\release\ctestnormunbalance.obj
e:\ddr\rf_os_material_newbam\opensees\win64\obj\convergence\release\ctestpfem.obj
e:\ddr\rf_os_material_newbam\opensees\win64\obj\convergence\release\ctestrelativeenergyincr.obj
e:\ddr\rf_os_material_newbam\opensees\win64\obj\convergence\release\ctestrelativenormdispincr.obj
e:\ddr\rf_os_material_newbam\opensees\win64\obj\convergence\release\ctestrelativenormunbalance.obj
e:\ddr\rf_os_material_newbam\opensees\win64\obj\convergence\release\ctestrelativetotalnormdispincr.obj
e:\ddr\rf_os_material_newbam\opensees\win64\obj\convergence\release\normdispandunbalance.obj
e:\ddr\rf_os_material_newbam\opensees\win64\obj\convergence\release\normdisporunbalance.obj
e:\ddr\rf_os_material_newbam\opensees\win64\obj\convergence\release\convergence.pdb
e:\ddr\rf_os_material_newbam\opensees\win64\proj\convergence\.\..\..\lib\release\convergence.lib
e:\ddr\rf_os_material_newbam\opensees\win64\obj\convergence\release\convergence.tlog\cl.command.1.tlog
e:\ddr\rf_os_material_newbam\opensees\win64\obj\convergence\release\convergence.tlog\cl.read.1.tlog
e:\ddr\rf_os_material_newbam\opensees\win64\obj\convergence\release\convergence.tlog\cl.write.1.tlog
e:\ddr\rf_os_material_newbam\opensees\win64\obj\convergence\release\convergence.tlog\lib-link.read.1.tlog
e:\ddr\rf_os_material_newbam\opensees\win64\obj\convergence\release\convergence.tlog\lib-link.write.1.tlog
e:\ddr\rf_os_material_newbam\opensees\win64\obj\convergence\release\convergence.tlog\lib.command.1.tlog
