e:\ddr\rf_os_material_uniaxial_gage\opensees\win64\obj\tcl\release\tcl.pdb
e:\ddr\rf_os_material_uniaxial_gage\opensees\win64\obj\tcl\release\mycommands.obj
e:\ddr\rf_os_material_uniaxial_gage\opensees\win64\obj\tcl\release\elementapi_tcl.obj
e:\ddr\rf_os_material_uniaxial_gage\opensees\win64\obj\tcl\release\commands.obj
e:\ddr\rf_os_material_uniaxial_gage\opensees\win64\obj\tcl\release\tclvideoplayer.obj
e:\ddr\rf_os_material_uniaxial_gage\opensees\win64\obj\tcl\release\tcluniaxialmaterialtester.obj
e:\ddr\rf_os_material_uniaxial_gage\opensees\win64\obj\tcl\release\tclsectiontester.obj
e:\ddr\rf_os_material_uniaxial_gage\opensees\win64\obj\tcl\release\tclmodelbuilder.obj
e:\ddr\rf_os_material_uniaxial_gage\opensees\win64\obj\tcl\release\tclfeviewer.obj
e:\ddr\rf_os_material_uniaxial_gage\opensees\win64\obj\tcl\release\tclplanestressmaterialtester.obj
e:\ddr\rf_os_material_uniaxial_gage\opensees\win64\lib\release\tcl.lib
e:\ddr\rf_os_material_newbam\opensees\win64\obj\tcl\release\commands.obj
e:\ddr\rf_os_material_newbam\opensees\win64\obj\tcl\release\elementapi_tcl.obj
e:\ddr\rf_os_material_newbam\opensees\win64\obj\tcl\release\mycommands.obj
e:\ddr\rf_os_material_newbam\opensees\win64\obj\tcl\release\tclfeviewer.obj
e:\ddr\rf_os_material_newbam\opensees\win64\obj\tcl\release\tclmodelbuilder.obj
e:\ddr\rf_os_material_newbam\opensees\win64\obj\tcl\release\tclplanestressmaterialtester.obj
e:\ddr\rf_os_material_newbam\opensees\win64\obj\tcl\release\tclsectiontester.obj
e:\ddr\rf_os_material_newbam\opensees\win64\obj\tcl\release\tcluniaxialmaterialtester.obj
e:\ddr\rf_os_material_newbam\opensees\win64\obj\tcl\release\tclvideoplayer.obj
e:\ddr\rf_os_material_newbam\opensees\win64\obj\tcl\release\tcl.pdb
e:\ddr\rf_os_material_newbam\opensees\win64\proj\tcl\.\..\..\lib\release\tcl.lib
e:\ddr\rf_os_material_newbam\opensees\win64\obj\tcl\release\tcl.tlog\cl.command.1.tlog
e:\ddr\rf_os_material_newbam\opensees\win64\obj\tcl\release\tcl.tlog\cl.read.1.tlog
e:\ddr\rf_os_material_newbam\opensees\win64\obj\tcl\release\tcl.tlog\cl.write.1.tlog
e:\ddr\rf_os_material_newbam\opensees\win64\obj\tcl\release\tcl.tlog\lib-link.read.1.tlog
e:\ddr\rf_os_material_newbam\opensees\win64\obj\tcl\release\tcl.tlog\lib-link.write.1.tlog
e:\ddr\rf_os_material_newbam\opensees\win64\obj\tcl\release\tcl.tlog\lib.command.1.tlog
