e:\ddr\rf_os_material_uniaxial_gage\opensees\win64\obj\graph\release\graph.pdb
e:\ddr\rf_os_material_uniaxial_gage\opensees\win64\obj\graph\release\vertexiter.obj
e:\ddr\rf_os_material_uniaxial_gage\opensees\win64\obj\graph\release\vertex.obj
e:\ddr\rf_os_material_uniaxial_gage\opensees\win64\obj\graph\release\simplenumberer.obj
e:\ddr\rf_os_material_uniaxial_gage\opensees\win64\obj\graph\release\rcm.obj
e:\ddr\rf_os_material_uniaxial_gage\opensees\win64\obj\graph\release\myrcm.obj
e:\ddr\rf_os_material_uniaxial_gage\opensees\win64\obj\graph\release\graphnumberer.obj
e:\ddr\rf_os_material_uniaxial_gage\opensees\win64\obj\graph\release\graph.obj
e:\ddr\rf_os_material_uniaxial_gage\opensees\win64\obj\graph\release\dof_groupgraph.obj
e:\ddr\rf_os_material_uniaxial_gage\opensees\win64\obj\graph\release\dof_graph.obj
e:\ddr\rf_os_material_uniaxial_gage\opensees\win64\obj\graph\release\arrayvertexiter.obj
e:\ddr\rf_os_material_uniaxial_gage\opensees\win64\obj\graph\release\arraygraph.obj
e:\ddr\rf_os_material_uniaxial_gage\opensees\win64\obj\graph\release\amdnumberer.obj
e:\ddr\rf_os_material_uniaxial_gage\opensees\win64\obj\graph\release\amd_valid.obj
e:\ddr\rf_os_material_uniaxial_gage\opensees\win64\obj\graph\release\amd_preprocess.obj
e:\ddr\rf_os_material_uniaxial_gage\opensees\win64\obj\graph\release\amd_postorder.obj
e:\ddr\rf_os_material_uniaxial_gage\opensees\win64\obj\graph\release\amd_post_tree.obj
e:\ddr\rf_os_material_uniaxial_gage\opensees\win64\obj\graph\release\amd_order.obj
e:\ddr\rf_os_material_uniaxial_gage\opensees\win64\obj\graph\release\amd_info.obj
e:\ddr\rf_os_material_uniaxial_gage\opensees\win64\obj\graph\release\amd_global.obj
e:\ddr\rf_os_material_uniaxial_gage\opensees\win64\obj\graph\release\amd_dump.obj
e:\ddr\rf_os_material_uniaxial_gage\opensees\win64\obj\graph\release\amd_defaults.obj
e:\ddr\rf_os_material_uniaxial_gage\opensees\win64\obj\graph\release\amd_control.obj
e:\ddr\rf_os_material_uniaxial_gage\opensees\win64\obj\graph\release\amd_aat.obj
e:\ddr\rf_os_material_uniaxial_gage\opensees\win64\obj\graph\release\amd_2.obj
e:\ddr\rf_os_material_uniaxial_gage\opensees\win64\obj\graph\release\amd_1.obj
e:\ddr\rf_os_material_uniaxial_gage\opensees\win64\lib\release\graph.lib
e:\ddr\rf_os_material_newbam\opensees\win64\obj\graph\release\amdnumberer.obj
e:\ddr\rf_os_material_newbam\opensees\win64\obj\graph\release\amd_1.obj
e:\ddr\rf_os_material_newbam\opensees\win64\obj\graph\release\amd_2.obj
e:\ddr\rf_os_material_newbam\opensees\win64\obj\graph\release\amd_aat.obj
e:\ddr\rf_os_material_newbam\opensees\win64\obj\graph\release\amd_control.obj
e:\ddr\rf_os_material_newbam\opensees\win64\obj\graph\release\amd_defaults.obj
e:\ddr\rf_os_material_newbam\opensees\win64\obj\graph\release\amd_dump.obj
e:\ddr\rf_os_material_newbam\opensees\win64\obj\graph\release\amd_global.obj
e:\ddr\rf_os_material_newbam\opensees\win64\obj\graph\release\amd_info.obj
e:\ddr\rf_os_material_newbam\opensees\win64\obj\graph\release\amd_order.obj
e:\ddr\rf_os_material_newbam\opensees\win64\obj\graph\release\amd_postorder.obj
e:\ddr\rf_os_material_newbam\opensees\win64\obj\graph\release\amd_post_tree.obj
e:\ddr\rf_os_material_newbam\opensees\win64\obj\graph\release\amd_preprocess.obj
e:\ddr\rf_os_material_newbam\opensees\win64\obj\graph\release\amd_valid.obj
e:\ddr\rf_os_material_newbam\opensees\win64\obj\graph\release\arraygraph.obj
e:\ddr\rf_os_material_newbam\opensees\win64\obj\graph\release\arrayvertexiter.obj
e:\ddr\rf_os_material_newbam\opensees\win64\obj\graph\release\dof_graph.obj
e:\ddr\rf_os_material_newbam\opensees\win64\obj\graph\release\dof_groupgraph.obj
e:\ddr\rf_os_material_newbam\opensees\win64\obj\graph\release\graph.obj
e:\ddr\rf_os_material_newbam\opensees\win64\obj\graph\release\graphnumberer.obj
e:\ddr\rf_os_material_newbam\opensees\win64\obj\graph\release\myrcm.obj
e:\ddr\rf_os_material_newbam\opensees\win64\obj\graph\release\rcm.obj
e:\ddr\rf_os_material_newbam\opensees\win64\obj\graph\release\simplenumberer.obj
e:\ddr\rf_os_material_newbam\opensees\win64\obj\graph\release\vertex.obj
e:\ddr\rf_os_material_newbam\opensees\win64\obj\graph\release\vertexiter.obj
e:\ddr\rf_os_material_newbam\opensees\win64\obj\graph\release\graph.pdb
e:\ddr\rf_os_material_newbam\opensees\win64\proj\graph\.\..\..\lib\release\graph.lib
e:\ddr\rf_os_material_newbam\opensees\win64\obj\graph\release\graph.tlog\cl.command.1.tlog
e:\ddr\rf_os_material_newbam\opensees\win64\obj\graph\release\graph.tlog\cl.read.1.tlog
e:\ddr\rf_os_material_newbam\opensees\win64\obj\graph\release\graph.tlog\cl.write.1.tlog
e:\ddr\rf_os_material_newbam\opensees\win64\obj\graph\release\graph.tlog\lib-link.read.1.tlog
e:\ddr\rf_os_material_newbam\opensees\win64\obj\graph\release\graph.tlog\lib-link.write.1.tlog
e:\ddr\rf_os_material_newbam\opensees\win64\obj\graph\release\graph.tlog\lib.command.1.tlog
