e:\ddr\rf_os_material_uniaxial_gage\opensees\win64\obj\utility\release\utility.pdb
e:\ddr\rf_os_material_uniaxial_gage\opensees\win64\obj\utility\release\packages.obj
e:\ddr\rf_os_material_uniaxial_gage\opensees\win64\obj\utility\release\timer.obj
e:\ddr\rf_os_material_uniaxial_gage\opensees\win64\obj\utility\release\stringcontainer.obj
e:\ddr\rf_os_material_uniaxial_gage\opensees\win64\obj\utility\release\simulationinformation.obj
e:\ddr\rf_os_material_uniaxial_gage\opensees\win64\obj\utility\release\peernga.obj
e:\ddr\rf_os_material_uniaxial_gage\opensees\win64\obj\utility\release\neescentral.obj
e:\ddr\rf_os_material_uniaxial_gage\opensees\win64\obj\utility\release\fileiter.obj
e:\ddr\rf_os_material_uniaxial_gage\opensees\win64\obj\utility\release\file.obj
e:\ddr\rf_os_material_uniaxial_gage\opensees\win64\lib\release\utility.lib
e:\ddr\rf_os_material_newbam\opensees\win64\obj\utility\release\file.obj
e:\ddr\rf_os_material_newbam\opensees\win64\obj\utility\release\fileiter.obj
e:\ddr\rf_os_material_newbam\opensees\win64\obj\utility\release\neescentral.obj
e:\ddr\rf_os_material_newbam\opensees\win64\obj\utility\release\packages.obj
e:\ddr\rf_os_material_newbam\opensees\win64\obj\utility\release\peernga.obj
e:\ddr\rf_os_material_newbam\opensees\win64\obj\utility\release\simulationinformation.obj
e:\ddr\rf_os_material_newbam\opensees\win64\obj\utility\release\stringcontainer.obj
e:\ddr\rf_os_material_newbam\opensees\win64\obj\utility\release\timer.obj
e:\ddr\rf_os_material_newbam\opensees\win64\obj\utility\release\utility.pdb
e:\ddr\rf_os_material_newbam\opensees\win64\proj\utility\.\..\..\lib\release\utility.lib
e:\ddr\rf_os_material_newbam\opensees\win64\obj\utility\release\utility.tlog\cl.command.1.tlog
e:\ddr\rf_os_material_newbam\opensees\win64\obj\utility\release\utility.tlog\cl.read.1.tlog
e:\ddr\rf_os_material_newbam\opensees\win64\obj\utility\release\utility.tlog\cl.write.1.tlog
e:\ddr\rf_os_material_newbam\opensees\win64\obj\utility\release\utility.tlog\lib-link.read.1.tlog
e:\ddr\rf_os_material_newbam\opensees\win64\obj\utility\release\utility.tlog\lib-link.write.1.tlog
e:\ddr\rf_os_material_newbam\opensees\win64\obj\utility\release\utility.tlog\lib.command.1.tlog
