e:\ddr\rf_os_material_uniaxial_gage\opensees\win64\obj\renderer\release\renderer.pdb
e:\ddr\rf_os_material_uniaxial_gage\opensees\win64\obj\renderer\release\gmatrix.obj
e:\ddr\rf_os_material_uniaxial_gage\opensees\win64\obj\renderer\release\db.obj
e:\ddr\rf_os_material_uniaxial_gage\opensees\win64\obj\renderer\release\windowrenderer.obj
e:\ddr\rf_os_material_uniaxial_gage\opensees\win64\obj\renderer\release\windowdevice.obj
e:\ddr\rf_os_material_uniaxial_gage\opensees\win64\obj\renderer\release\viewport.obj
e:\ddr\rf_os_material_uniaxial_gage\opensees\win64\obj\renderer\release\view.obj
e:\ddr\rf_os_material_uniaxial_gage\opensees\win64\obj\renderer\release\scan.obj
e:\ddr\rf_os_material_uniaxial_gage\opensees\win64\obj\renderer\release\renderer.obj
e:\ddr\rf_os_material_uniaxial_gage\opensees\win64\obj\renderer\release\projection.obj
e:\ddr\rf_os_material_uniaxial_gage\opensees\win64\obj\renderer\release\plainmap.obj
e:\ddr\rf_os_material_uniaxial_gage\opensees\win64\obj\renderer\release\openglrenderer.obj
e:\ddr\rf_os_material_uniaxial_gage\opensees\win64\obj\renderer\release\opengldevice.obj
e:\ddr\rf_os_material_uniaxial_gage\opensees\win64\obj\renderer\release\dofcolormap.obj
e:\ddr\rf_os_material_uniaxial_gage\opensees\win64\obj\renderer\release\device.obj
e:\ddr\rf_os_material_uniaxial_gage\opensees\win64\obj\renderer\release\clipping.obj
e:\ddr\rf_os_material_uniaxial_gage\opensees\win64\lib\release\renderer.lib
e:\ddr\rf_os_material_newbam\opensees\win64\obj\renderer\release\clipping.obj
e:\ddr\rf_os_material_newbam\opensees\win64\obj\renderer\release\db.obj
e:\ddr\rf_os_material_newbam\opensees\win64\obj\renderer\release\device.obj
e:\ddr\rf_os_material_newbam\opensees\win64\obj\renderer\release\dofcolormap.obj
e:\ddr\rf_os_material_newbam\opensees\win64\obj\renderer\release\gmatrix.obj
e:\ddr\rf_os_material_newbam\opensees\win64\obj\renderer\release\opengldevice.obj
e:\ddr\rf_os_material_newbam\opensees\win64\obj\renderer\release\openglrenderer.obj
e:\ddr\rf_os_material_newbam\opensees\win64\obj\renderer\release\plainmap.obj
e:\ddr\rf_os_material_newbam\opensees\win64\obj\renderer\release\projection.obj
e:\ddr\rf_os_material_newbam\opensees\win64\obj\renderer\release\renderer.obj
e:\ddr\rf_os_material_newbam\opensees\win64\obj\renderer\release\scan.obj
e:\ddr\rf_os_material_newbam\opensees\win64\obj\renderer\release\view.obj
e:\ddr\rf_os_material_newbam\opensees\win64\obj\renderer\release\viewport.obj
e:\ddr\rf_os_material_newbam\opensees\win64\obj\renderer\release\windowdevice.obj
e:\ddr\rf_os_material_newbam\opensees\win64\obj\renderer\release\windowrenderer.obj
e:\ddr\rf_os_material_newbam\opensees\win64\obj\renderer\release\renderer.pdb
e:\ddr\rf_os_material_newbam\opensees\win64\proj\renderer\.\..\..\lib\release\renderer.lib
e:\ddr\rf_os_material_newbam\opensees\win64\obj\renderer\release\renderer.tlog\cl.command.1.tlog
e:\ddr\rf_os_material_newbam\opensees\win64\obj\renderer\release\renderer.tlog\cl.read.1.tlog
e:\ddr\rf_os_material_newbam\opensees\win64\obj\renderer\release\renderer.tlog\cl.write.1.tlog
e:\ddr\rf_os_material_newbam\opensees\win64\obj\renderer\release\renderer.tlog\lib-link.read.1.tlog
e:\ddr\rf_os_material_newbam\opensees\win64\obj\renderer\release\renderer.tlog\lib-link.write.1.tlog
e:\ddr\rf_os_material_newbam\opensees\win64\obj\renderer\release\renderer.tlog\lib.command.1.tlog
